2018:06:28 14:08:18.072 INFO  --- [main] shop.ShoppingMallApiApplication : Starting ShoppingMallApiApplication on DESKTOP-TF96U0A with PID 17192 (E:\Portfolio\ShoppingMallAPI\target\classes started by Kim in E:\Portfolio\ShoppingMallAPI) 
2018:06:28 14:08:18.083 INFO  --- [main] shop.ShoppingMallApiApplication : No active profile set, falling back to default profiles: default 
2018:06:28 14:08:18.148 INFO  --- [main] o.s.b.w.s.c.AnnotationConfigServletWebServerApplicationContext : Refreshing org.springframework.boot.web.servlet.context.AnnotationConfigServletWebServerApplicationContext@6dc17b83: startup date [Thu Jun 28 14:08:18 KST 2018]; root of context hierarchy 
2018:06:28 14:08:19.354 INFO  --- [main] o.s.c.s.PostProcessorRegistrationDelegate$BeanPostProcessorChecker : Bean 'org.springframework.transaction.annotation.ProxyTransactionManagementConfiguration' of type [org.springframework.transaction.annotation.ProxyTransactionManagementConfiguration$$EnhancerBySpringCGLIB$$df719d8a] is not eligible for getting processed by all BeanPostProcessors (for example: not eligible for auto-proxying) 
2018:06:28 14:08:19.682 INFO  --- [main] o.s.b.w.e.tomcat.TomcatWebServer : Tomcat initialized with port(s): 8080 (http) 
2018:06:28 14:08:19.711 INFO  --- [main] o.a.catalina.core.StandardService : Starting service [Tomcat] 
2018:06:28 14:08:19.711 INFO  --- [main] o.a.catalina.core.StandardEngine : Starting Servlet Engine: Apache Tomcat/8.5.31 
2018:06:28 14:08:19.716 INFO  --- [localhost-startStop-1] o.a.c.core.AprLifecycleListener : The APR based Apache Tomcat Native library which allows optimal performance in production environments was not found on the java.library.path: [C:\Program Files\Java\jdk1.8.0_151\bin;C:\WINDOWS\Sun\Java\bin;C:\WINDOWS\system32;C:\WINDOWS;C:/Program Files/Java/jdk1.8.0_151/bin/../jre/bin/server;C:/Program Files/Java/jdk1.8.0_151/bin/../jre/bin;C:/Program Files/Java/jdk1.8.0_151/bin/../jre/lib/amd64;C:\app\김동현\product\11.2.0\dbhome_1\bin;C:;ProgramData\Oracle\Java\javapath;C:\WINDOWS\system32;C:\WINDOWS;C:\WINDOWS\System32\Wbem;C:\WINDOWS\System32\WindowsPowerShell\v1.0\;C:\Program Files\Java\jdk1.8.0_151\bin;C:\Program Files (x86)\Brackets\command;C:\Program Files\MySQL\MySQL Utilities 1.6\;C:\Program Files\Git\cmd;C:\Program Files\dotnet\;C:\Program Files\Microsoft SQL Server\130\Tools\Binn\;C:\Program Files\nodejs\;C:\WINDOWS\System32\OpenSSH\;C:\Ruby24-x64\bin;C:\Users\김동현\AppData\Local\Microsoft\WindowsApps;C:\Users\김동현\AppData\Local\atom\bin;C:\Users\김동현\AppData\Roaming\npm;%USERPROFILE%\AppData\Local\Microsoft\WindowsApps;;C:\java2\sts\sts-bundle\sts-3.9.3.RELEASE;;.] 
2018:06:28 14:08:19.843 INFO  --- [localhost-startStop-1] o.a.c.c.C.[Tomcat].[localhost].[/] : Initializing Spring embedded WebApplicationContext 
2018:06:28 14:08:19.852 INFO  --- [localhost-startStop-1] o.s.web.context.ContextLoader : Root WebApplicationContext: initialization completed in 1704 ms 
2018:06:28 14:08:19.989 INFO  --- [localhost-startStop-1] o.s.b.w.s.ServletRegistrationBean : Servlet dispatcherServlet mapped to [/] 
2018:06:28 14:08:19.994 INFO  --- [localhost-startStop-1] o.s.b.w.s.FilterRegistrationBean : Mapping filter: 'characterEncodingFilter' to: [/*] 
2018:06:28 14:08:19.994 INFO  --- [localhost-startStop-1] o.s.b.w.s.FilterRegistrationBean : Mapping filter: 'hiddenHttpMethodFilter' to: [/*] 
2018:06:28 14:08:20.003 INFO  --- [localhost-startStop-1] o.s.b.w.s.FilterRegistrationBean : Mapping filter: 'httpPutFormContentFilter' to: [/*] 
2018:06:28 14:08:20.004 INFO  --- [localhost-startStop-1] o.s.b.w.s.FilterRegistrationBean : Mapping filter: 'requestContextFilter' to: [/*] 
2018:06:28 14:08:20.187 INFO  --- [main] com.zaxxer.hikari.HikariDataSource : HikariPool-1 - Starting... 
2018:06:28 14:08:20.406 INFO  --- [main] com.zaxxer.hikari.pool.PoolBase : HikariPool-1 - Driver does not support get/set network timeout for connections. (oracle.jdbc.driver.T4CConnection.getNetworkTimeout()I) 
2018:06:28 14:08:20.418 INFO  --- [main] com.zaxxer.hikari.HikariDataSource : HikariPool-1 - Start completed. 
2018:06:28 14:08:20.474 INFO  --- [main] o.s.o.j.LocalContainerEntityManagerFactoryBean : Building JPA container EntityManagerFactory for persistence unit 'default' 
2018:06:28 14:08:20.489 INFO  --- [main] o.h.jpa.internal.util.LogHelper : HHH000204: Processing PersistenceUnitInfo [
	name: default
	...] 
2018:06:28 14:08:20.557 INFO  --- [main] org.hibernate.Version : HHH000412: Hibernate Core {5.2.10.Final} 
2018:06:28 14:08:20.565 INFO  --- [main] org.hibernate.cfg.Environment : HHH000206: hibernate.properties not found 
2018:06:28 14:08:20.706 INFO  --- [main] o.h.annotations.common.Version : HCANN000001: Hibernate Commons Annotations {5.0.1.Final} 
2018:06:28 14:08:20.862 INFO  --- [main] org.hibernate.dialect.Dialect : HHH000400: Using dialect: org.hibernate.dialect.Oracle12cDialect 
2018:06:28 14:08:20.976 INFO  --- [main] o.hibernate.type.BasicTypeRegistry : HHH000270: Type registration [byte[]] overrides previous : org.hibernate.type.BinaryType@719bb3b4 
2018:06:28 14:08:20.983 INFO  --- [main] o.hibernate.type.BasicTypeRegistry : HHH000270: Type registration [[B] overrides previous : org.hibernate.type.BinaryType@719bb3b4 
2018:06:28 14:08:20.983 INFO  --- [main] o.hibernate.type.BasicTypeRegistry : HHH000270: Type registration [Byte[]] overrides previous : org.hibernate.type.WrapperBinaryType@4d27d9d 
2018:06:28 14:08:20.984 INFO  --- [main] o.hibernate.type.BasicTypeRegistry : HHH000270: Type registration [[Ljava.lang.Byte;] overrides previous : org.hibernate.type.WrapperBinaryType@4d27d9d 
2018:06:28 14:08:21.150 INFO  --- [main] o.s.o.j.LocalContainerEntityManagerFactoryBean : Initialized JPA EntityManagerFactory for persistence unit 'default' 
2018:06:28 14:08:21.710 INFO  --- [main] o.s.w.s.h.SimpleUrlHandlerMapping : Mapped URL path [/**/favicon.ico] onto handler of type [class org.springframework.web.servlet.resource.ResourceHttpRequestHandler] 
2018:06:28 14:08:22.013 INFO  --- [main] o.s.w.s.m.m.a.RequestMappingHandlerAdapter : Looking for @ControllerAdvice: org.springframework.boot.web.servlet.context.AnnotationConfigServletWebServerApplicationContext@6dc17b83: startup date [Thu Jun 28 14:08:18 KST 2018]; root of context hierarchy 
2018:06:28 14:08:22.058 WARN  --- [main] o.s.b.a.o.j.JpaBaseConfiguration$JpaWebConfiguration$JpaWebMvcConfiguration : spring.jpa.open-in-view is enabled by default. Therefore, database queries may be performed during view rendering. Explicitly configure spring.jpa.open-in-view to disable this warning 
2018:06:28 14:08:22.130 INFO  --- [main] o.s.w.s.m.m.a.RequestMappingHandlerMapping : Mapped "{[/toma/admin/{a_id}],methods=[DELETE]}" onto public int shop.choi.admin.controller.AdminController.deleteProductQna(java.lang.String) 
2018:06:28 14:08:22.144 INFO  --- [main] o.s.w.s.m.m.a.RequestMappingHandlerMapping : Mapped "{[/toma/admin/login],methods=[POST]}" onto public shop.choi.admin.model.Admin shop.choi.admin.controller.AdminController.adminlogin(shop.choi.admin.model.Admin) 
2018:06:28 14:08:22.145 INFO  --- [main] o.s.w.s.m.m.a.RequestMappingHandlerMapping : Mapped "{[/toma/admin/],methods=[GET]}" onto public java.util.List shop.choi.admin.controller.AdminController.getAdminList() 
2018:06:28 14:08:22.146 INFO  --- [main] o.s.w.s.m.m.a.RequestMappingHandlerMapping : Mapped "{[/toma/admin/],methods=[POST]}" onto public int shop.choi.admin.controller.AdminController.deleteAdmin(shop.choi.admin.model.Admin) 
2018:06:28 14:08:22.147 INFO  --- [main] o.s.w.s.m.m.a.RequestMappingHandlerMapping : Mapped "{[/toma/admin/],methods=[PUT]}" onto public int shop.choi.admin.controller.AdminController.updateAdmin(shop.choi.admin.model.Admin) 
2018:06:28 14:08:22.160 INFO  --- [main] o.s.w.s.m.m.a.RequestMappingHandlerMapping : Mapped "{[/uploadMultipleFiles],methods=[POST]}" onto public java.util.List<shop.choi.fileupload.payload.UploadFileResponse> shop.choi.fileupload.FileController.uploadMultipleFiles(org.springframework.web.multipart.MultipartFile[]) 
2018:06:28 14:08:22.161 INFO  --- [main] o.s.w.s.m.m.a.RequestMappingHandlerMapping : Mapped "{[/uploadFile],methods=[POST]}" onto public shop.choi.fileupload.payload.UploadFileResponse shop.choi.fileupload.FileController.uploadFile(org.springframework.web.multipart.MultipartFile) 
2018:06:28 14:08:22.162 INFO  --- [main] o.s.w.s.m.m.a.RequestMappingHandlerMapping : Mapped "{[/downloadFile/{fileName:.+}],methods=[GET]}" onto public org.springframework.http.ResponseEntity<org.springframework.core.io.Resource> shop.choi.fileupload.FileController.downloadFile(java.lang.String,javax.servlet.http.HttpServletRequest) 
2018:06:28 14:08:22.164 INFO  --- [main] o.s.w.s.m.m.a.RequestMappingHandlerMapping : Mapped "{[/toma/login/],methods=[POST]}" onto public shop.kim.login.model.User shop.kim.login.LoginController.login(shop.kim.login.model.Login) 
2018:06:28 14:08:22.177 INFO  --- [main] o.s.w.s.m.m.a.RequestMappingHandlerMapping : Mapped "{[/toma/cart/goOrderWrite],methods=[PUT]}" onto java.util.ArrayList<shop.kim.order.model.Cart> shop.kim.order.CartController.orderWriteList(int[]) 
2018:06:28 14:08:22.178 INFO  --- [main] o.s.w.s.m.m.a.RequestMappingHandlerMapping : Mapped "{[/toma/cart/{uid}],methods=[GET]}" onto java.util.ArrayList<shop.kim.order.model.Cart> shop.kim.order.CartController.carList(java.lang.String) 
2018:06:28 14:08:22.179 INFO  --- [main] o.s.w.s.m.m.a.RequestMappingHandlerMapping : Mapped "{[/toma/cart/{cno}],methods=[DELETE]}" onto int shop.kim.order.CartController.cartDelete(int) 
2018:06:28 14:08:22.180 INFO  --- [main] o.s.w.s.m.m.a.RequestMappingHandlerMapping : Mapped "{[/toma/cart/],methods=[POST]}" onto int shop.kim.order.CartController.cartInsert(shop.kim.order.model.Cart) 
2018:06:28 14:08:22.181 INFO  --- [main] o.s.w.s.m.m.a.RequestMappingHandlerMapping : Mapped "{[/toma/cart/],methods=[PUT]}" onto int shop.kim.order.CartController.cartUpdate(shop.kim.order.model.Cart) 
2018:06:28 14:08:22.185 INFO  --- [main] o.s.w.s.m.m.a.RequestMappingHandlerMapping : Mapped "{[/toma/order/insert/detail],methods=[POST]}" onto void shop.kim.order.OrderController.orderInsertDetail(java.util.ArrayList<shop.kim.order.model.Order_Detail>) 
2018:06:28 14:08:22.186 INFO  --- [main] o.s.w.s.m.m.a.RequestMappingHandlerMapping : Mapped "{[/toma/order/{uid}],methods=[GET]}" onto java.util.ArrayList<shop.kim.order.model.Order> shop.kim.order.OrderController.orderList(java.lang.String) 
2018:06:28 14:08:22.189 INFO  --- [main] o.s.w.s.m.m.a.RequestMappingHandlerMapping : Mapped "{[/toma/order/],methods=[PUT]}" onto public int shop.kim.order.OrderController.updateOrder(shop.kim.order.model.Order) 
2018:06:28 14:08:22.199 INFO  --- [main] o.s.w.s.m.m.a.RequestMappingHandlerMapping : Mapped "{[/toma/order/cancle],methods=[PUT]}" onto public int shop.kim.order.OrderController.cancleOrder(int) 
2018:06:28 14:08:22.200 INFO  --- [main] o.s.w.s.m.m.a.RequestMappingHandlerMapping : Mapped "{[/toma/order/orderdetail/{ono}],methods=[GET]}" onto java.util.ArrayList<shop.kim.order.model.Order_Detail> shop.kim.order.OrderController.orderDetailList(int) 
2018:06:28 14:08:22.201 INFO  --- [main] o.s.w.s.m.m.a.RequestMappingHandlerMapping : Mapped "{[/toma/order/],methods=[GET]}" onto java.util.ArrayList<shop.kim.order.model.Order> shop.kim.order.OrderController.getAllorderList() 
2018:06:28 14:08:22.202 INFO  --- [main] o.s.w.s.m.m.a.RequestMappingHandlerMapping : Mapped "{[/toma/order/insert/order],methods=[POST]}" onto int shop.kim.order.OrderController.orderInsertOrder(shop.kim.order.model.Order) 
2018:06:28 14:08:22.205 INFO  --- [main] o.s.w.s.m.m.a.RequestMappingHandlerMapping : Mapped "{[/toma/admin/kdh/orderList],methods=[GET]}" onto public java.util.Map shop.kim.webSquare.kimWebsquareController.getOrder() 
2018:06:28 14:08:22.206 INFO  --- [main] o.s.w.s.m.m.a.RequestMappingHandlerMapping : Mapped "{[/toma/admin/kdh/deleteOrder],methods=[DELETE]}" onto public java.util.Map shop.kim.webSquare.kimWebsquareController.deleteOrder(java.util.Map) 
2018:06:28 14:08:22.207 INFO  --- [main] o.s.w.s.m.m.a.RequestMappingHandlerMapping : Mapped "{[/toma/admin/kdh/webLogin],methods=[POST]}" onto public java.util.Map shop.kim.webSquare.kimWebsquareController.webAdLogin(java.util.Map) 
2018:06:28 14:08:22.207 INFO  --- [main] o.s.w.s.m.m.a.RequestMappingHandlerMapping : Mapped "{[/toma/admin/kdh/userList],methods=[GET]}" onto public java.util.Map shop.kim.webSquare.kimWebsquareController.getUser() 
2018:06:28 14:08:22.208 INFO  --- [main] o.s.w.s.m.m.a.RequestMappingHandlerMapping : Mapped "{[/toma/admin/kdh/updateOrder],methods=[PUT]}" onto public void shop.kim.webSquare.kimWebsquareController.updateOrder(java.util.Map) 
2018:06:28 14:08:22.210 INFO  --- [main] o.s.w.s.m.m.a.RequestMappingHandlerMapping : Mapped "{[/toma/join/],methods=[POST]}" onto public int shop.lee.join.JoinController.NewUser(shop.kim.login.model.User) 
2018:06:28 14:08:22.212 INFO  --- [main] o.s.w.s.m.m.a.RequestMappingHandlerMapping : Mapped "{[/toma/user/findPW/],methods=[POST]}" onto public shop.kim.login.model.User shop.lee.user.UserController.FindUserPW(shop.kim.login.model.User) 
2018:06:28 14:08:22.213 INFO  --- [main] o.s.w.s.m.m.a.RequestMappingHandlerMapping : Mapped "{[/toma/user/Update],methods=[PUT]}" onto public org.springframework.http.ResponseEntity<shop.kim.login.model.User> shop.lee.user.UserController.updateUser(shop.kim.login.model.User) 
2018:06:28 14:08:22.214 INFO  --- [main] o.s.w.s.m.m.a.RequestMappingHandlerMapping : Mapped "{[/toma/user/findID/],methods=[POST]}" onto public shop.kim.login.model.User shop.lee.user.UserController.FindUserID(shop.kim.login.model.User) 
2018:06:28 14:08:22.231 INFO  --- [main] o.s.w.s.m.m.a.RequestMappingHandlerMapping : Mapped "{[/toma/notice/search/{n_title}],methods=[GET]}" onto public java.util.List<shop.park.model.Notice> shop.park.MainController.getByNoticeTitleSearch(java.lang.String) 
2018:06:28 14:08:22.232 INFO  --- [main] o.s.w.s.m.m.a.RequestMappingHandlerMapping : Mapped "{[/toma/product/{p_kind}],methods=[GET]}" onto public java.util.List<shop.park.model.Products> shop.park.MainController.getByProductsKind(java.lang.String) 
2018:06:28 14:08:22.233 INFO  --- [main] o.s.w.s.m.m.a.RequestMappingHandlerMapping : Mapped "{[/toma/notice/{n_category}],methods=[GET]}" onto public java.util.List<shop.park.model.Notice> shop.park.MainController.getByNoticeCategory(java.lang.String) 
2018:06:28 14:08:22.245 INFO  --- [main] o.s.w.s.m.m.a.RequestMappingHandlerMapping : Mapped "{[/toma/detail/product/{p_code}],methods=[GET]}" onto public shop.park.model.Products shop.park.MainController.getByProductsCode(java.lang.String) 
2018:06:28 14:08:22.246 INFO  --- [main] o.s.w.s.m.m.a.RequestMappingHandlerMapping : Mapped "{[/toma/detail/notice/{n_no}],methods=[PUT]}" onto public org.springframework.http.ResponseEntity<?> shop.park.MainController.incrementNoticeHits(long,shop.park.model.Notice) 
2018:06:28 14:08:22.247 INFO  --- [main] o.s.w.s.m.m.a.RequestMappingHandlerMapping : Mapped "{[/toma/qna.do],methods=[POST]}" onto public java.util.Map shop.park.MainController.websquareGetAllQna() 
2018:06:28 14:08:22.247 INFO  --- [main] o.s.w.s.m.m.a.RequestMappingHandlerMapping : Mapped "{[/toma/faq.do],methods=[POST]}" onto public java.util.Map shop.park.MainController.websquareGetAllFaq() 
2018:06:28 14:08:22.248 INFO  --- [main] o.s.w.s.m.m.a.RequestMappingHandlerMapping : Mapped "{[/toma/faq/search/{f_title}],methods=[GET]}" onto public java.util.List<shop.park.model.Faq> shop.park.MainController.getByFaqTitleSearch(java.lang.String) 
2018:06:28 14:08:22.249 INFO  --- [main] o.s.w.s.m.m.a.RequestMappingHandlerMapping : Mapped "{[/toma/admin/qna/list],methods=[GET]}" onto public java.util.List<shop.park.model.Qna> shop.park.MainController.adminGetlistAllQna() 
2018:06:28 14:08:22.250 INFO  --- [main] o.s.w.s.m.m.a.RequestMappingHandlerMapping : Mapped "{[/toma/qna/search/{q_title}],methods=[GET]}" onto public java.util.List<shop.park.model.Qna> shop.park.MainController.getByQnaTitleSearch(java.lang.String) 
2018:06:28 14:08:22.250 INFO  --- [main] o.s.w.s.m.m.a.RequestMappingHandlerMapping : Mapped "{[/toma/notice.do],methods=[POST]}" onto public java.util.Map shop.park.MainController.websquareGetAllNotice() 
2018:06:28 14:08:22.251 INFO  --- [main] o.s.w.s.m.m.a.RequestMappingHandlerMapping : Mapped "{[/toma/notice/saveAndSelectMember.do],methods=[POST]}" onto public java.util.Map shop.park.MainController.saveAndSelectMember(java.util.Map) throws java.lang.Exception 
2018:06:28 14:08:22.252 INFO  --- [main] o.s.w.s.m.m.a.RequestMappingHandlerMapping : Mapped "{[/toma/faq/update],methods=[PUT]}" onto public int shop.park.MainController.updateFaq(shop.park.model.Faq) 
2018:06:28 14:08:22.253 INFO  --- [main] o.s.w.s.m.m.a.RequestMappingHandlerMapping : Mapped "{[/toma/qna/reply],methods=[PUT]}" onto public int shop.park.MainController.updateQnaReply(shop.park.model.Qna) 
2018:06:28 14:08:22.253 INFO  --- [main] o.s.w.s.m.m.a.RequestMappingHandlerMapping : Mapped "{[/toma/notice/delete/{n_no}],methods=[DELETE]}" onto public int shop.park.MainController.DeleteNotice(long) 
2018:06:28 14:08:22.254 INFO  --- [main] o.s.w.s.m.m.a.RequestMappingHandlerMapping : Mapped "{[/toma/faq/delete/{f_no}],methods=[DELETE]}" onto public int shop.park.MainController.deleteFaq(long) 
2018:06:28 14:08:22.255 INFO  --- [main] o.s.w.s.m.m.a.RequestMappingHandlerMapping : Mapped "{[/toma/faq/create],methods=[POST]}" onto public int shop.park.MainController.createFaq(shop.park.model.Faq) 
2018:06:28 14:08:22.255 INFO  --- [main] o.s.w.s.m.m.a.RequestMappingHandlerMapping : Mapped "{[/toma/notice/update],methods=[PUT]}" onto public int shop.park.MainController.updateNotice(shop.park.model.Notice) 
2018:06:28 14:08:22.256 INFO  --- [main] o.s.w.s.m.m.a.RequestMappingHandlerMapping : Mapped "{[/toma/notice/create],methods=[POST]}" onto public int shop.park.MainController.createNotice(shop.park.model.Notice) 
2018:06:28 14:08:22.257 INFO  --- [main] o.s.w.s.m.m.a.RequestMappingHandlerMapping : Mapped "{[/toma/notice.delete],methods=[DELETE]}" onto public void shop.park.MainController.removeNotice(java.util.Map) 
2018:06:28 14:08:22.257 INFO  --- [main] o.s.w.s.m.m.a.RequestMappingHandlerMapping : Mapped "{[/toma/qna/write],methods=[POST]}" onto public org.springframework.http.ResponseEntity<?> shop.park.MainController.insertQna(shop.park.model.Qna,org.springframework.web.util.UriComponentsBuilder) 
2018:06:28 14:08:22.258 INFO  --- [main] o.s.w.s.m.m.a.RequestMappingHandlerMapping : Mapped "{[/toma/qna/{q_no}],methods=[DELETE]}" onto public org.springframework.http.ResponseEntity<?> shop.park.MainController.deleteQna(long) 
2018:06:28 14:08:22.259 INFO  --- [main] o.s.w.s.m.m.a.RequestMappingHandlerMapping : Mapped "{[/toma/qna/list/{u_id}],methods=[GET]}" onto public java.util.List<shop.park.model.Qna> shop.park.MainController.listAllQna(java.lang.String) 
2018:06:28 14:08:22.259 INFO  --- [main] o.s.w.s.m.m.a.RequestMappingHandlerMapping : Mapped "{[/toma/qna/update/{q_no}],methods=[PUT]}" onto public org.springframework.http.ResponseEntity<?> shop.park.MainController.updateQna(long,shop.park.model.Qna) 
2018:06:28 14:08:22.260 INFO  --- [main] o.s.w.s.m.m.a.RequestMappingHandlerMapping : Mapped "{[/toma/detail/faq/{f_no}],methods=[PUT]}" onto public org.springframework.http.ResponseEntity<?> shop.park.MainController.incrementFaqHits(long,shop.park.model.Faq) 
2018:06:28 14:08:22.261 INFO  --- [main] o.s.w.s.m.m.a.RequestMappingHandlerMapping : Mapped "{[/toma/faq/{f_category}],methods=[GET]}" onto public java.util.List<shop.park.model.Faq> shop.park.MainController.getByFaqCategory(java.lang.String) 
2018:06:28 14:08:22.261 INFO  --- [main] o.s.w.s.m.m.a.RequestMappingHandlerMapping : Mapped "{[/toma/qna/{q_reply}],methods=[GET]}" onto public java.util.List<shop.park.model.Qna> shop.park.MainController.getByQnaReply(java.lang.String) 
2018:06:28 14:08:22.262 INFO  --- [main] o.s.w.s.m.m.a.RequestMappingHandlerMapping : Mapped "{[/toma/detail/qna/{q_no}],methods=[GET]}" onto public shop.park.model.Qna shop.park.MainController.getByQnaNo(long) 
2018:06:28 14:08:22.263 INFO  --- [main] o.s.w.s.m.m.a.RequestMappingHandlerMapping : Mapped "{[/toma/faq],methods=[GET]}" onto public java.util.List<shop.park.model.Faq> shop.park.MainController.listAllFaq() 
2018:06:28 14:08:22.263 INFO  --- [main] o.s.w.s.m.m.a.RequestMappingHandlerMapping : Mapped "{[/toma],methods=[GET]}" onto public java.util.List<shop.park.model.Products> shop.park.MainController.listAllProducts() 
2018:06:28 14:08:22.264 INFO  --- [main] o.s.w.s.m.m.a.RequestMappingHandlerMapping : Mapped "{[/toma/product],methods=[POST]}" onto public org.springframework.http.ResponseEntity<?> shop.park.MainController.insertProduct(shop.park.model.Products,org.springframework.web.util.UriComponentsBuilder) 
2018:06:28 14:08:22.265 INFO  --- [main] o.s.w.s.m.m.a.RequestMappingHandlerMapping : Mapped "{[/toma/product/{p_code}],methods=[PUT]}" onto public org.springframework.http.ResponseEntity<?> shop.park.MainController.updateProduct(java.lang.String,shop.park.model.Products) 
2018:06:28 14:08:22.266 INFO  --- [main] o.s.w.s.m.m.a.RequestMappingHandlerMapping : Mapped "{[/toma/product/{p_code}],methods=[DELETE]}" onto public org.springframework.http.ResponseEntity<?> shop.park.MainController.deleteProduct(java.lang.String) 
2018:06:28 14:08:22.267 INFO  --- [main] o.s.w.s.m.m.a.RequestMappingHandlerMapping : Mapped "{[/toma/notice],methods=[GET]}" onto public java.util.List<shop.park.model.Notice> shop.park.MainController.listAllNotices() 
2018:06:28 14:08:22.275 INFO  --- [main] o.s.w.s.m.m.a.RequestMappingHandlerMapping : Mapped "{[/toma/productqna/detail/{pq_no}],methods=[GET]}" onto public shop.son.productqna.model.ProductQna shop.son.productqna.controller.ProductQnaController.selectByProductQnaNo(int) throws shop.son.review.exception.ReviewNotFoundException 
2018:06:28 14:08:22.276 INFO  --- [main] o.s.w.s.m.m.a.RequestMappingHandlerMapping : Mapped "{[/toma/productqna/{pq_no}],methods=[PUT]}" onto public org.springframework.http.ResponseEntity<?> shop.son.productqna.controller.ProductQnaController.getByProductQnaNo(int,shop.son.productqna.model.ProductQna) 
2018:06:28 14:08:22.277 INFO  --- [main] o.s.w.s.m.m.a.RequestMappingHandlerMapping : Mapped "{[/toma/productqna/{p_code}],methods=[GET]}" onto public java.util.List<shop.son.productqna.model.ProductQna> shop.son.productqna.controller.ProductQnaController.listAllProductQna(java.lang.String) 
2018:06:28 14:08:22.277 INFO  --- [main] o.s.w.s.m.m.a.RequestMappingHandlerMapping : Mapped "{[/toma/productqna/reply],methods=[PUT]}" onto public int shop.son.productqna.controller.ProductQnaController.replyProductQna(shop.son.productqna.model.ProductQna) 
2018:06:28 14:08:22.278 INFO  --- [main] o.s.w.s.m.m.a.RequestMappingHandlerMapping : Mapped "{[/toma/productqna/update],methods=[PUT]}" onto public int shop.son.productqna.controller.ProductQnaController.editProductQna(shop.son.productqna.model.ProductQna) 
2018:06:28 14:08:22.279 INFO  --- [main] o.s.w.s.m.m.a.RequestMappingHandlerMapping : Mapped "{[/toma/productqna/write],methods=[POST]}" onto public org.springframework.http.ResponseEntity<?> shop.son.productqna.controller.ProductQnaController.insertProductQna(shop.son.productqna.model.ProductQna) 
2018:06:28 14:08:22.279 INFO  --- [main] o.s.w.s.m.m.a.RequestMappingHandlerMapping : Mapped "{[/toma/productqna/delete],methods=[POST]}" onto public int shop.son.productqna.controller.ProductQnaController.deleteProductQna(shop.son.productqna.model.ProductQna) 
2018:06:28 14:08:22.280 INFO  --- [main] o.s.w.s.m.m.a.RequestMappingHandlerMapping : Mapped "{[/toma/productqna/],methods=[GET]}" onto public java.util.List<shop.son.productqna.model.ProductQna> shop.son.productqna.controller.ProductQnaController.listAllProducts() 
2018:06:28 14:08:22.285 INFO  --- [main] o.s.w.s.m.m.a.RequestMappingHandlerMapping : Mapped "{[/toma/review/{rev_no}],methods=[PUT]}" onto public org.springframework.http.ResponseEntity<?> shop.son.review.controller.ReviewController.getByReviewNo(int,shop.son.review.model.Review) 
2018:06:28 14:08:22.286 INFO  --- [main] o.s.w.s.m.m.a.RequestMappingHandlerMapping : Mapped "{[/toma/review/update],methods=[POST]}" onto public int shop.son.review.controller.ReviewController.editReview(shop.son.review.model.Review) 
2018:06:28 14:08:22.287 INFO  --- [main] o.s.w.s.m.m.a.RequestMappingHandlerMapping : Mapped "{[/toma/review/{p_code}],methods=[GET]}" onto public java.util.List<shop.son.review.model.Review> shop.son.review.controller.ReviewController.listAllReviews(java.lang.String) throws shop.son.review.exception.ReviewNotFoundException 
2018:06:28 14:08:22.287 INFO  --- [main] o.s.w.s.m.m.a.RequestMappingHandlerMapping : Mapped "{[/toma/review/],methods=[GET]}" onto public java.util.List<shop.son.review.model.Review> shop.son.review.controller.ReviewController.getReviewList() 
2018:06:28 14:08:22.288 INFO  --- [main] o.s.w.s.m.m.a.RequestMappingHandlerMapping : Mapped "{[/toma/review/detail/{rev_no}],methods=[GET]}" onto public shop.son.review.model.Review shop.son.review.controller.ReviewController.selectByReviewNo(int) throws shop.son.review.exception.ReviewNotFoundException 
2018:06:28 14:08:22.289 INFO  --- [main] o.s.w.s.m.m.a.RequestMappingHandlerMapping : Mapped "{[/toma/review/delete],methods=[POST]}" onto public int shop.son.review.controller.ReviewController.deleteReview(shop.son.review.model.Review) 
2018:06:28 14:08:22.289 INFO  --- [main] o.s.w.s.m.m.a.RequestMappingHandlerMapping : Mapped "{[/toma/review/write],methods=[POST]}" onto public org.springframework.http.ResponseEntity<?> shop.son.review.controller.ReviewController.insertReview(shop.son.review.model.Review) 
2018:06:28 14:08:22.293 INFO  --- [main] o.s.w.s.m.m.a.RequestMappingHandlerMapping : Mapped "{[/error]}" onto public org.springframework.http.ResponseEntity<java.util.Map<java.lang.String, java.lang.Object>> org.springframework.boot.autoconfigure.web.servlet.error.BasicErrorController.error(javax.servlet.http.HttpServletRequest) 
2018:06:28 14:08:22.295 INFO  --- [main] o.s.w.s.m.m.a.RequestMappingHandlerMapping : Mapped "{[/error],produces=[text/html]}" onto public org.springframework.web.servlet.ModelAndView org.springframework.boot.autoconfigure.web.servlet.error.BasicErrorController.errorHtml(javax.servlet.http.HttpServletRequest,javax.servlet.http.HttpServletResponse) 
2018:06:28 14:08:22.341 INFO  --- [main] o.s.w.s.h.SimpleUrlHandlerMapping : Mapped URL path [/webjars/**] onto handler of type [class org.springframework.web.servlet.resource.ResourceHttpRequestHandler] 
2018:06:28 14:08:22.341 INFO  --- [main] o.s.w.s.h.SimpleUrlHandlerMapping : Mapped URL path [/**] onto handler of type [class org.springframework.web.servlet.resource.ResourceHttpRequestHandler] 
2018:06:28 14:08:22.404 INFO  --- [main] o.s.b.a.w.s.WelcomePageHandlerMapping : Adding welcome page: class path resource [static/index.html] 
2018:06:28 14:08:22.686 INFO  --- [main] o.s.j.e.a.AnnotationMBeanExporter : Registering beans for JMX exposure on startup 
2018:06:28 14:08:22.688 INFO  --- [main] o.s.j.e.a.AnnotationMBeanExporter : Bean with name 'dataSource' has been autodetected for JMX exposure 
2018:06:28 14:08:22.699 INFO  --- [main] o.s.j.e.a.AnnotationMBeanExporter : Located MBean 'dataSource': registering with JMX server as MBean [com.zaxxer.hikari:name=dataSource,type=HikariDataSource] 
2018:06:28 14:08:22.743 INFO  --- [main] o.s.b.w.e.tomcat.TomcatWebServer : Tomcat started on port(s): 8080 (http) with context path '' 
2018:06:28 14:08:22.749 INFO  --- [main] shop.ShoppingMallApiApplication : Started ShoppingMallApiApplication in 5.158 seconds (JVM running for 6.148) 
2018:06:28 14:08:24.853 INFO  --- [http-nio-8080-exec-2] o.a.c.c.C.[Tomcat].[localhost].[/] : Initializing Spring FrameworkServlet 'dispatcherServlet' 
2018:06:28 14:08:24.860 INFO  --- [http-nio-8080-exec-2] o.s.web.servlet.DispatcherServlet : FrameworkServlet 'dispatcherServlet': initialization started 
2018:06:28 14:08:24.881 INFO  --- [http-nio-8080-exec-2] o.s.web.servlet.DispatcherServlet : FrameworkServlet 'dispatcherServlet': initialization completed in 20 ms 
2018:06:28 14:08:25.178 INFO  --- [http-nio-8080-exec-1] jdbc.resultsettable : 
|------|-----|-------|-----------|------|-----------------|------------|
|a_id  |a_pw |a_name |a_position |a_job |a_email          |a_phone     |
|------|-----|-------|-----------|------|-----------------|------------|
|admin |1234 |임꺽정    |대리         |전무이사  |ccc134@gmail.com |01033335555 |
|------|-----|-------|-----------|------|-----------------|------------|
 
2018:06:28 14:08:25.574 INFO  --- [http-nio-8080-exec-4] jdbc.resultsettable : 
|-------------------|-------|----------|--------------|--------------------------------------------------|---------------------------------------------------------------|-------------------------------------|------------|--------|---------|--------|----------|-----------|
|u_id               |u_pw   |u_name    |u_phone       |u_addr1                                           |u_addr2                                                        |u_addr3                              |u_addrcheck |u_birth |u_gender |u_smsyn |u_emailyn |u_joindate |
|-------------------|-------|----------|--------------|--------------------------------------------------|---------------------------------------------------------------|-------------------------------------|------------|--------|---------|--------|----------|-----------|
|haha@naver.com     |123    |하하        |01012345678   |42488 / 대구 남구 큰골길 3 (대명동) / 큰골길                   |06000 / 서울 강남구 강남대로 708 (압구정동, 한남대교레인보우카폐) / 압구정!              |N                                    |2           |123456  |M        |Y       |Y         |2018-06-19 |
|test01@naver.com   |1234   |이경민       |01012345678   |06028 / 서울 강남구 압구정로 104 (신사동, 보암빌딩) / 압구정         |08861 / 서울 관악구 난곡로 30 (신림동, 관악산휴먼시아아파트) / 관악구                  |N                                    |2           |920101  |M        |Y       |Y         |2018-06-26 |
|sfsf1234@naver.com |1234   |sfsf      |01012341234   |135-860 / 서울 강남구 도곡동 953-11 / 402호                |135-964 / 서울 강남구 개포동 1238 / 22-23                              |417-802 / 인천 강화군 강화읍 관청리 89-1 / 402호 |2           |920111  |M        |Y       |Y         |2018-06-28 |
|test               |1234   |성찬        |1234          |부산                                                |창원                                                             |마산                                   |2           |222222  |M        |Y       |Y         |2018-06-05 |
|test11@gmail.com   |123    |이경민       |0101111222    |07622 / 서울 강서구 남부순환로 5 (공항동) / 아파트                |63275 / 제주특별자치도 제주시 가령골길 1 (일도2동) / 제주아파트                      |N                                    |2           |920101  |M        |Y       |Y         |2018-06-26 |
|test111@naver.com  |1234   |이경민       |01011112222   |06000 / 서울 강남구 강남대로 708 (압구정동, 한남대교레인보우카폐) / 강남구  |08218 / 서울 구로구 목동남로 8-1 (고척동, 이진금속) / 목동아파트                    |N                                    |2           |920101  |M        |Y       |N         |2018-06-26 |
|cscsc@naver.com    |eee    |eee       |01082228111   |서울시 금천구                                           |N                                                              |N                                    |1           |850120  |M        |N       |N         |2018-06-15 |
|asdf@naver.com     |1234   |adada     |01084458662   |afaf                                              |N                                                              |N                                    |1           |980707  |M        |Y       |Y         |2018-06-15 |
|d500@naver.com     |d500   |김철수       |01050005000   |153-803 / 서울 금천구 가산동 691-3 / 우림아파트 401호           |N                                                              |N                                    |1           |950505  |M        |Y       |Y         |2018-06-20 |
|kk@naver.com       |123    |이경민       |010-1234-5678 |서울시 양천구 신정2동                                      |N                                                              |N                                    |1           |920121  |M        |Y       |Y         |2018-06-11 |
|csc                |1234   |홍길동       |01012345678   |42663 / 대구 달서구 큰장로 9 (두류동) / 대구아파트                |22001 / 인천 연수구 컨벤시아대로 50 (송도동, 푸르지오월드마크) / 인천아파트 111동 1111호 ㅎㅎ |수정된다3                                |1           |920910  |M        |N       |N         |2018-06-04 |
|y2k                |y2k    |y2k       |y2k           |y2k                                               |N                                                              |N                                    |1           |111111  |M        |Y       |Y         |2018-06-14 |
|ergrterh           |eeee   |eeeeeeee  |123123        |wefweffew                                         |N                                                              |N                                    |1           |444444  |M        |Y       |Y         |2018-06-14 |
|dsvsd51d5          |4444   |5w45w454  |454545        |454545                                            |N                                                              |N                                    |1           |354545  |M        |Y       |Y         |2018-06-14 |
|asdsdkod           |dddd   |wodkwodko |1234          |12345645656                                       |N                                                              |N                                    |1           |222222  |M        |Y       |Y         |2018-06-14 |
|sdvsdvsdvsvd       |44444  |eewqrqwrq |123123123     |qweqweqwesac                                      |N                                                              |N                                    |1           |333323  |M        |Y       |Y         |2018-06-14 |
|test123@naver.com  |123    |테스트유저     |1111111111    |47845 / 부산 동래구 미남로 11 (사직동)                       |650-090 / 경남 통영시 서호동 215-8                                     |N                                    |1           |123456  |M        |Y       |Y         |2018-06-15 |
|kk12@naver.com     |123    |이경민       |01001010101   |07622 / 서울 강서구 남부순환로 5 (공항동) / 강서구                |157-210 / 서울 강서구 마곡동 723-1 / 강서구삽니다                            |N                                    |1           |123222  |M        |Y       |Y         |2018-06-16 |
|sfsf@naver.com     |1234   |sfsf      |01012341234   |135-860 / 서울 강남구 도곡동 953-11 / 201호                |N                                                              |N                                    |1           |920111  |M        |Y       |Y         |2018-06-28 |
|fghd@naver.com     |1234   |fghd      |01012341234   |06267 / 서울 강남구 강남대로 238 (도곡동, 스카이쏠라빌딩) / 201호     |N                                                              |N                                    |1           |920111  |M        |Y       |Y         |2018-06-28 |
|abcd1234@naver.com |1234   |abcd      |01012341234   |05248 / 서울 강동구 선사로 4 (천호동) / 201호                 |02592 / 서울 동대문구 서울시립대로 5 (답십리동, 신답극동아파트) / 405                 |477-803 / 경기 가평군 가평읍 이화리 133 / 22-23 |1           |920111  |M        |Y       |Y         |2018-06-28 |
|csc1234@naver.com  |1234   |csc       |01012341234   |135-860 / 서울 강남구 도곡동 953-11 / 402호                |N                                                              |N                                    |1           |920112  |M        |Y       |Y         |2018-06-28 |
|kmlee121@naver.com |123    |이경민이      |01012345678   |06110 / 서울 강남구 학동로 지하 102 (논현동, 논현역)              |N                                                              |N                                    |1           |123456  |M        |Y       |Y         |2018-06-16 |
|kdh@naver.com      |ehdgus |김동현       |12312341234   |06265 / 서울 강남구 강남대로 272 (도곡동, 도곡푸르지오) / 105동 202호 |N                                                              |N                                    |1           |123423  |M        |Y       |Y         |2018-06-26 |
|csc@naver.com      |1234   |csc       |454281321     |06322 / 서울 강남구 선릉로 7 (개포동, 주공아파트) / 203           |N                                                              |N                                    |1           |920111  |M        |Y       |Y         |2018-06-28 |
|-------------------|-------|----------|--------------|--------------------------------------------------|---------------------------------------------------------------|-------------------------------------|------------|--------|---------|--------|----------|-----------|
 
2018:06:28 14:08:28.499 INFO  --- [http-nio-8080-exec-6] jdbc.resultsettable : 
|-----|-------------------|--------|---------|-----------|----------------------------------------------|
|o_no |u_id               |o_total |o_status |o_date     |o_addr                                        |
|-----|-------------------|--------|---------|-----------|----------------------------------------------|
|80   |fghd@naver.com     |3500    |Y        |2018-06-28 |06267 / 서울 강남구 강남대로 238 (도곡동, 스카이쏠라빌딩) / 201호 |
|81   |abcd1234@naver.com |3500    |C        |2018-06-28 |05248 / 서울 강동구 선사로 4 (천호동) / 201호             |
|78   |sfsf1234@naver.com |36500   |Y        |2018-06-28 |135-860 / 서울 강남구 도곡동 953-11 / 402호            |
|79   |sfsf1234@naver.com |10000   |N        |2018-06-28 |135-964 / 서울 강남구 개포동 1238 / 22-23             |
|77   |csc1234@naver.com  |49500   |N        |2018-06-28 |135-860 / 서울 강남구 도곡동 953-11 / 402호            |
|82   |abcd1234@naver.com |36600   |N        |2018-06-28 |477-803 / 경기 가평군 가평읍 이화리 133 / 22-23          |
|45   |asdf@naver.com     |0       |Y        |2018-06-15 |afaf                                          |
|44   |asdf@naver.com     |0       |N        |2018-06-15 |afaf                                          |
|37   |csc                |3000    |N        |2018-06-14 |수정된다3                                         |
|36   |csc                |0       |Y        |2018-06-14 |수정된다3                                         |
|35   |csc                |0       |C        |2018-06-14 |수정된다3                                         |
|33   |csc                |0       |N        |2018-06-14 |수정된다3                                         |
|32   |csc                |0       |N        |2018-06-14 |수정된다3                                         |
|34   |csc                |0       |Y        |2018-06-14 |수정된다3                                         |
|43   |csc                |72000   |C        |2018-06-14 |수정된다3                                         |
|40   |csc                |17500   |N        |2018-06-14 |수정된다3                                         |
|39   |csc                |23400   |N        |2018-06-14 |수정된다3                                         |
|41   |csc                |78000   |N        |2018-06-14 |수정된다3                                         |
|31   |kk@naver.com       |3500    |N        |2018-06-12 |서울시 양천구 신정2동                                  |
|30   |kk@naver.com       |0       |N        |2018-06-12 |서울시 양천구 신정2동                                  |
|17   |csc                |8500    |N        |2018-06-11 |수정된다                                          |
|18   |csc                |6000    |C        |2018-06-11 |수정된다                                          |
|24   |csc                |133200  |Y        |2018-06-11 |수정된다                                          |
|25   |csc                |133200  |N        |2018-06-11 |수정된다                                          |
|21   |csc                |8000    |Y        |2018-06-11 |수정된다                                          |
|22   |csc                |8400    |C        |2018-06-11 |수정된다                                          |
|29   |csc                |1200    |N        |2018-06-11 |aaaaaa                                        |
|28   |csc                |2400    |N        |2018-06-11 |수정된다                                          |
|27   |csc                |133200  |N        |2018-06-11 |수정된다                                          |
|26   |csc                |133200  |Y        |2018-06-11 |수정된다                                          |
|16   |csc                |31500   |Y        |2018-06-11 |수정된다                                          |
|19   |csc                |586500  |Y        |2018-06-11 |수정된다                                          |
|23   |csc                |0       |Y        |2018-06-11 |수정된다                                          |
|-----|-------------------|--------|---------|-----------|----------------------------------------------|
 
2018:06:28 14:09:45.474 INFO  --- [http-nio-8080-exec-9] jdbc.resultsettable : 
|-----|-----|-------|-----------|------|--------|--------|
|a_id |a_pw |a_name |a_position |a_job |a_email |a_phone |
|-----|-----|-------|-----------|------|--------|--------|
|-----|-----|-------|-----------|------|--------|--------|
 
2018:06:28 14:09:53.488 INFO  --- [http-nio-8080-exec-10] jdbc.resultsettable : 
|------|-----|-------|-----------|------|-----------------|------------|
|a_id  |a_pw |a_name |a_position |a_job |a_email          |a_phone     |
|------|-----|-------|-----------|------|-----------------|------------|
|admin |1234 |임꺽정    |대리         |전무이사  |ccc134@gmail.com |01033335555 |
|------|-----|-------|-----------|------|-----------------|------------|
 
2018:06:28 14:09:53.722 INFO  --- [http-nio-8080-exec-1] jdbc.resultsettable : 
|-------------------|-------|----------|--------------|--------------------------------------------------|---------------------------------------------------------------|-------------------------------------|------------|--------|---------|--------|----------|-----------|
|u_id               |u_pw   |u_name    |u_phone       |u_addr1                                           |u_addr2                                                        |u_addr3                              |u_addrcheck |u_birth |u_gender |u_smsyn |u_emailyn |u_joindate |
|-------------------|-------|----------|--------------|--------------------------------------------------|---------------------------------------------------------------|-------------------------------------|------------|--------|---------|--------|----------|-----------|
|haha@naver.com     |123    |하하        |01012345678   |42488 / 대구 남구 큰골길 3 (대명동) / 큰골길                   |06000 / 서울 강남구 강남대로 708 (압구정동, 한남대교레인보우카폐) / 압구정!              |N                                    |2           |123456  |M        |Y       |Y         |2018-06-19 |
|test01@naver.com   |1234   |이경민       |01012345678   |06028 / 서울 강남구 압구정로 104 (신사동, 보암빌딩) / 압구정         |08861 / 서울 관악구 난곡로 30 (신림동, 관악산휴먼시아아파트) / 관악구                  |N                                    |2           |920101  |M        |Y       |Y         |2018-06-26 |
|sfsf1234@naver.com |1234   |sfsf      |01012341234   |135-860 / 서울 강남구 도곡동 953-11 / 402호                |135-964 / 서울 강남구 개포동 1238 / 22-23                              |417-802 / 인천 강화군 강화읍 관청리 89-1 / 402호 |2           |920111  |M        |Y       |Y         |2018-06-28 |
|test               |1234   |성찬        |1234          |부산                                                |창원                                                             |마산                                   |2           |222222  |M        |Y       |Y         |2018-06-05 |
|test11@gmail.com   |123    |이경민       |0101111222    |07622 / 서울 강서구 남부순환로 5 (공항동) / 아파트                |63275 / 제주특별자치도 제주시 가령골길 1 (일도2동) / 제주아파트                      |N                                    |2           |920101  |M        |Y       |Y         |2018-06-26 |
|test111@naver.com  |1234   |이경민       |01011112222   |06000 / 서울 강남구 강남대로 708 (압구정동, 한남대교레인보우카폐) / 강남구  |08218 / 서울 구로구 목동남로 8-1 (고척동, 이진금속) / 목동아파트                    |N                                    |2           |920101  |M        |Y       |N         |2018-06-26 |
|cscsc@naver.com    |eee    |eee       |01082228111   |서울시 금천구                                           |N                                                              |N                                    |1           |850120  |M        |N       |N         |2018-06-15 |
|asdf@naver.com     |1234   |adada     |01084458662   |afaf                                              |N                                                              |N                                    |1           |980707  |M        |Y       |Y         |2018-06-15 |
|d500@naver.com     |d500   |김철수       |01050005000   |153-803 / 서울 금천구 가산동 691-3 / 우림아파트 401호           |N                                                              |N                                    |1           |950505  |M        |Y       |Y         |2018-06-20 |
|kk@naver.com       |123    |이경민       |010-1234-5678 |서울시 양천구 신정2동                                      |N                                                              |N                                    |1           |920121  |M        |Y       |Y         |2018-06-11 |
|csc                |1234   |홍길동       |01012345678   |42663 / 대구 달서구 큰장로 9 (두류동) / 대구아파트                |22001 / 인천 연수구 컨벤시아대로 50 (송도동, 푸르지오월드마크) / 인천아파트 111동 1111호 ㅎㅎ |수정된다3                                |1           |920910  |M        |N       |N         |2018-06-04 |
|y2k                |y2k    |y2k       |y2k           |y2k                                               |N                                                              |N                                    |1           |111111  |M        |Y       |Y         |2018-06-14 |
|ergrterh           |eeee   |eeeeeeee  |123123        |wefweffew                                         |N                                                              |N                                    |1           |444444  |M        |Y       |Y         |2018-06-14 |
|dsvsd51d5          |4444   |5w45w454  |454545        |454545                                            |N                                                              |N                                    |1           |354545  |M        |Y       |Y         |2018-06-14 |
|asdsdkod           |dddd   |wodkwodko |1234          |12345645656                                       |N                                                              |N                                    |1           |222222  |M        |Y       |Y         |2018-06-14 |
|sdvsdvsdvsvd       |44444  |eewqrqwrq |123123123     |qweqweqwesac                                      |N                                                              |N                                    |1           |333323  |M        |Y       |Y         |2018-06-14 |
|test123@naver.com  |123    |테스트유저     |1111111111    |47845 / 부산 동래구 미남로 11 (사직동)                       |650-090 / 경남 통영시 서호동 215-8                                     |N                                    |1           |123456  |M        |Y       |Y         |2018-06-15 |
|kk12@naver.com     |123    |이경민       |01001010101   |07622 / 서울 강서구 남부순환로 5 (공항동) / 강서구                |157-210 / 서울 강서구 마곡동 723-1 / 강서구삽니다                            |N                                    |1           |123222  |M        |Y       |Y         |2018-06-16 |
|sfsf@naver.com     |1234   |sfsf      |01012341234   |135-860 / 서울 강남구 도곡동 953-11 / 201호                |N                                                              |N                                    |1           |920111  |M        |Y       |Y         |2018-06-28 |
|fghd@naver.com     |1234   |fghd      |01012341234   |06267 / 서울 강남구 강남대로 238 (도곡동, 스카이쏠라빌딩) / 201호     |N                                                              |N                                    |1           |920111  |M        |Y       |Y         |2018-06-28 |
|abcd1234@naver.com |1234   |abcd      |01012341234   |05248 / 서울 강동구 선사로 4 (천호동) / 201호                 |02592 / 서울 동대문구 서울시립대로 5 (답십리동, 신답극동아파트) / 405                 |477-803 / 경기 가평군 가평읍 이화리 133 / 22-23 |1           |920111  |M        |Y       |Y         |2018-06-28 |
|csc1234@naver.com  |1234   |csc       |01012341234   |135-860 / 서울 강남구 도곡동 953-11 / 402호                |N                                                              |N                                    |1           |920112  |M        |Y       |Y         |2018-06-28 |
|kmlee121@naver.com |123    |이경민이      |01012345678   |06110 / 서울 강남구 학동로 지하 102 (논현동, 논현역)              |N                                                              |N                                    |1           |123456  |M        |Y       |Y         |2018-06-16 |
|kdh@naver.com      |ehdgus |김동현       |12312341234   |06265 / 서울 강남구 강남대로 272 (도곡동, 도곡푸르지오) / 105동 202호 |N                                                              |N                                    |1           |123423  |M        |Y       |Y         |2018-06-26 |
|csc@naver.com      |1234   |csc       |454281321     |06322 / 서울 강남구 선릉로 7 (개포동, 주공아파트) / 203           |N                                                              |N                                    |1           |920111  |M        |Y       |Y         |2018-06-28 |
|-------------------|-------|----------|--------------|--------------------------------------------------|---------------------------------------------------------------|-------------------------------------|------------|--------|---------|--------|----------|-----------|
 
2018:06:28 14:09:59.461 INFO  --- [http-nio-8080-exec-4] jdbc.resultsettable : 
|-----|-------------------|--------|---------|-----------|----------------------------------------------|
|o_no |u_id               |o_total |o_status |o_date     |o_addr                                        |
|-----|-------------------|--------|---------|-----------|----------------------------------------------|
|80   |fghd@naver.com     |3500    |Y        |2018-06-28 |06267 / 서울 강남구 강남대로 238 (도곡동, 스카이쏠라빌딩) / 201호 |
|81   |abcd1234@naver.com |3500    |C        |2018-06-28 |05248 / 서울 강동구 선사로 4 (천호동) / 201호             |
|78   |sfsf1234@naver.com |36500   |Y        |2018-06-28 |135-860 / 서울 강남구 도곡동 953-11 / 402호            |
|79   |sfsf1234@naver.com |10000   |N        |2018-06-28 |135-964 / 서울 강남구 개포동 1238 / 22-23             |
|77   |csc1234@naver.com  |49500   |N        |2018-06-28 |135-860 / 서울 강남구 도곡동 953-11 / 402호            |
|82   |abcd1234@naver.com |36600   |N        |2018-06-28 |477-803 / 경기 가평군 가평읍 이화리 133 / 22-23          |
|45   |asdf@naver.com     |0       |Y        |2018-06-15 |afaf                                          |
|44   |asdf@naver.com     |0       |N        |2018-06-15 |afaf                                          |
|37   |csc                |3000    |N        |2018-06-14 |수정된다3                                         |
|36   |csc                |0       |Y        |2018-06-14 |수정된다3                                         |
|35   |csc                |0       |C        |2018-06-14 |수정된다3                                         |
|33   |csc                |0       |N        |2018-06-14 |수정된다3                                         |
|32   |csc                |0       |N        |2018-06-14 |수정된다3                                         |
|34   |csc                |0       |Y        |2018-06-14 |수정된다3                                         |
|43   |csc                |72000   |C        |2018-06-14 |수정된다3                                         |
|40   |csc                |17500   |N        |2018-06-14 |수정된다3                                         |
|39   |csc                |23400   |N        |2018-06-14 |수정된다3                                         |
|41   |csc                |78000   |N        |2018-06-14 |수정된다3                                         |
|31   |kk@naver.com       |3500    |N        |2018-06-12 |서울시 양천구 신정2동                                  |
|30   |kk@naver.com       |0       |N        |2018-06-12 |서울시 양천구 신정2동                                  |
|17   |csc                |8500    |N        |2018-06-11 |수정된다                                          |
|18   |csc                |6000    |C        |2018-06-11 |수정된다                                          |
|24   |csc                |133200  |Y        |2018-06-11 |수정된다                                          |
|25   |csc                |133200  |N        |2018-06-11 |수정된다                                          |
|21   |csc                |8000    |Y        |2018-06-11 |수정된다                                          |
|22   |csc                |8400    |C        |2018-06-11 |수정된다                                          |
|29   |csc                |1200    |N        |2018-06-11 |aaaaaa                                        |
|28   |csc                |2400    |N        |2018-06-11 |수정된다                                          |
|27   |csc                |133200  |N        |2018-06-11 |수정된다                                          |
|26   |csc                |133200  |Y        |2018-06-11 |수정된다                                          |
|16   |csc                |31500   |Y        |2018-06-11 |수정된다                                          |
|19   |csc                |586500  |Y        |2018-06-11 |수정된다                                          |
|23   |csc                |0       |Y        |2018-06-11 |수정된다                                          |
|-----|-------------------|--------|---------|-----------|----------------------------------------------|
 
2018:06:28 14:10:08.640 INFO  --- [http-nio-8080-exec-6] jdbc.resultsettable : 
|-----|-------------------|--------|---------|-----------|-------------------------------------|
|o_no |u_id               |o_total |o_status |o_date     |o_addr                               |
|-----|-------------------|--------|---------|-----------|-------------------------------------|
|81   |abcd1234@naver.com |3500    |C        |2018-06-28 |05248 / 서울 강동구 선사로 4 (천호동) / 201호    |
|82   |abcd1234@naver.com |36600   |N        |2018-06-28 |477-803 / 경기 가평군 가평읍 이화리 133 / 22-23 |
|77   |csc1234@naver.com  |49500   |N        |2018-06-28 |135-860 / 서울 강남구 도곡동 953-11 / 402호   |
|45   |asdf@naver.com     |0       |Y        |2018-06-15 |afaf                                 |
|44   |asdf@naver.com     |0       |N        |2018-06-15 |afaf                                 |
|37   |csc                |3000    |N        |2018-06-14 |수정된다3                                |
|36   |csc                |0       |Y        |2018-06-14 |수정된다3                                |
|35   |csc                |0       |C        |2018-06-14 |수정된다3                                |
|33   |csc                |0       |N        |2018-06-14 |수정된다3                                |
|32   |csc                |0       |N        |2018-06-14 |수정된다3                                |
|34   |csc                |0       |Y        |2018-06-14 |수정된다3                                |
|43   |csc                |72000   |C        |2018-06-14 |수정된다3                                |
|40   |csc                |17500   |N        |2018-06-14 |수정된다3                                |
|39   |csc                |23400   |N        |2018-06-14 |수정된다3                                |
|41   |csc                |78000   |N        |2018-06-14 |수정된다3                                |
|30   |kk@naver.com       |0       |N        |2018-06-12 |서울시 양천구 신정2동                         |
|31   |kk@naver.com       |3500    |N        |2018-06-12 |서울시 양천구 신정2동                         |
|29   |csc                |1200    |N        |2018-06-11 |aaaaaa                               |
|16   |csc                |31500   |Y        |2018-06-11 |수정된다                                 |
|17   |csc                |8500    |N        |2018-06-11 |수정된다                                 |
|23   |csc                |0       |Y        |2018-06-11 |수정된다                                 |
|22   |csc                |8400    |C        |2018-06-11 |수정된다                                 |
|21   |csc                |8000    |Y        |2018-06-11 |수정된다                                 |
|26   |csc                |133200  |Y        |2018-06-11 |수정된다                                 |
|25   |csc                |133200  |N        |2018-06-11 |수정된다                                 |
|19   |csc                |586500  |Y        |2018-06-11 |수정된다                                 |
|18   |csc                |6000    |C        |2018-06-11 |수정된다                                 |
|24   |csc                |133200  |Y        |2018-06-11 |수정된다                                 |
|27   |csc                |133200  |N        |2018-06-11 |수정된다                                 |
|28   |csc                |2400    |N        |2018-06-11 |수정된다                                 |
|-----|-------------------|--------|---------|-----------|-------------------------------------|
 
2018:06:28 14:10:24.525 INFO  --- [http-nio-8080-exec-7] jdbc.resultsettable : 
|-----|---------------|--------|---------|-----------|-------------|
|o_no |u_id           |o_total |o_status |o_date     |o_addr       |
|-----|---------------|--------|---------|-----------|-------------|
|45   |asdf@naver.com |0       |Y        |2018-06-15 |afaf         |
|44   |asdf@naver.com |0       |N        |2018-06-15 |afaf         |
|33   |csc            |0       |N        |2018-06-14 |수정된다3        |
|35   |csc            |0       |C        |2018-06-14 |수정된다3        |
|36   |csc            |0       |Y        |2018-06-14 |수정된다3        |
|37   |csc            |3000    |N        |2018-06-14 |수정된다3        |
|43   |csc            |72000   |C        |2018-06-14 |수정된다3        |
|32   |csc            |0       |N        |2018-06-14 |수정된다3        |
|34   |csc            |0       |Y        |2018-06-14 |수정된다3        |
|40   |csc            |17500   |N        |2018-06-14 |수정된다3        |
|39   |csc            |23400   |N        |2018-06-14 |수정된다3        |
|41   |csc            |78000   |N        |2018-06-14 |수정된다3        |
|31   |kk@naver.com   |3500    |N        |2018-06-12 |서울시 양천구 신정2동 |
|30   |kk@naver.com   |0       |N        |2018-06-12 |서울시 양천구 신정2동 |
|26   |csc            |133200  |Y        |2018-06-11 |수정된다         |
|27   |csc            |133200  |N        |2018-06-11 |수정된다         |
|28   |csc            |2400    |N        |2018-06-11 |수정된다         |
|29   |csc            |1200    |N        |2018-06-11 |aaaaaa       |
|16   |csc            |31500   |Y        |2018-06-11 |수정된다         |
|17   |csc            |8500    |N        |2018-06-11 |수정된다         |
|21   |csc            |8000    |Y        |2018-06-11 |수정된다         |
|18   |csc            |6000    |C        |2018-06-11 |수정된다         |
|24   |csc            |133200  |Y        |2018-06-11 |수정된다         |
|23   |csc            |0       |Y        |2018-06-11 |수정된다         |
|22   |csc            |8400    |C        |2018-06-11 |수정된다         |
|19   |csc            |586500  |Y        |2018-06-11 |수정된다         |
|25   |csc            |133200  |N        |2018-06-11 |수정된다         |
|-----|---------------|--------|---------|-----------|-------------|
 
2018:06:28 14:11:21.270 INFO  --- [http-nio-8080-exec-10] jdbc.resultsettable : 
|-----|---------------|--------|---------|-----------|-------------|
|o_no |u_id           |o_total |o_status |o_date     |o_addr       |
|-----|---------------|--------|---------|-----------|-------------|
|45   |asdf@naver.com |0       |N        |2018-06-15 |afaf         |
|44   |asdf@naver.com |0       |N        |2018-06-15 |afaf         |
|33   |csc            |0       |N        |2018-06-14 |수정된다3        |
|35   |csc            |0       |N        |2018-06-14 |수정된다3        |
|36   |csc            |0       |N        |2018-06-14 |수정된다3        |
|37   |csc            |3000    |N        |2018-06-14 |수정된다3        |
|43   |csc            |72000   |Y        |2018-06-14 |수정된다3        |
|32   |csc            |0       |Y        |2018-06-14 |수정된다3        |
|34   |csc            |0       |Y        |2018-06-14 |수정된다3        |
|40   |csc            |17500   |Y        |2018-06-14 |수정된다3        |
|39   |csc            |23400   |Y        |2018-06-14 |수정된다3        |
|41   |csc            |78000   |Y        |2018-06-14 |수정된다3        |
|31   |kk@naver.com   |3500    |Y        |2018-06-12 |서울시 양천구 신정2동 |
|30   |kk@naver.com   |0       |C        |2018-06-12 |서울시 양천구 신정2동 |
|26   |csc            |133200  |C        |2018-06-11 |수정된다         |
|27   |csc            |133200  |C        |2018-06-11 |수정된다         |
|28   |csc            |2400    |C        |2018-06-11 |수정된다         |
|29   |csc            |1200    |C        |2018-06-11 |aaaaaa       |
|16   |csc            |31500   |C        |2018-06-11 |수정된다         |
|17   |csc            |8500    |C        |2018-06-11 |수정된다         |
|21   |csc            |8000    |C        |2018-06-11 |수정된다         |
|18   |csc            |6000    |Y        |2018-06-11 |수정된다         |
|24   |csc            |133200  |Y        |2018-06-11 |수정된다         |
|23   |csc            |0       |Y        |2018-06-11 |수정된다         |
|22   |csc            |8400    |Y        |2018-06-11 |수정된다         |
|19   |csc            |586500  |Y        |2018-06-11 |수정된다         |
|25   |csc            |133200  |N        |2018-06-11 |수정된다         |
|-----|---------------|--------|---------|-----------|-------------|
 
2018:06:28 18:26:46.250 INFO  --- [RMI TCP Connection(2)-127.0.0.1] o.s.b.a.SpringApplicationAdminMXBeanRegistrar$SpringApplicationAdmin : Application shutdown requested. 
2018:06:28 18:26:46.265 INFO  --- [RMI TCP Connection(2)-127.0.0.1] o.s.b.w.s.c.AnnotationConfigServletWebServerApplicationContext : Closing org.springframework.boot.web.servlet.context.AnnotationConfigServletWebServerApplicationContext@6dc17b83: startup date [Thu Jun 28 14:08:18 KST 2018]; root of context hierarchy 
2018:06:28 18:26:46.283 INFO  --- [RMI TCP Connection(2)-127.0.0.1] o.s.j.e.a.AnnotationMBeanExporter : Unregistering JMX-exposed beans on shutdown 
2018:06:28 18:26:46.284 INFO  --- [RMI TCP Connection(2)-127.0.0.1] o.s.j.e.a.AnnotationMBeanExporter : Unregistering JMX-exposed beans 
2018:06:28 18:26:46.287 INFO  --- [RMI TCP Connection(2)-127.0.0.1] o.s.o.j.LocalContainerEntityManagerFactoryBean : Closing JPA EntityManagerFactory for persistence unit 'default' 
2018:06:28 18:26:46.342 INFO  --- [RMI TCP Connection(2)-127.0.0.1] com.zaxxer.hikari.HikariDataSource : HikariPool-1 - Shutdown initiated... 
2018:06:28 18:26:46.406 INFO  --- [RMI TCP Connection(2)-127.0.0.1] com.zaxxer.hikari.HikariDataSource : HikariPool-1 - Shutdown completed. 
