2018:06:26 11:58:54.509 INFO  --- [main] shop.ShoppingMallApiApplication : Starting ShoppingMallApiApplication on DESKTOP-Q8D4OPI with PID 12020 (C:\Portpolio\Spring\ShoppingMallAPI\target\classes started by 이경민 in C:\Portpolio\Spring\ShoppingMallAPI) 
2018:06:26 11:58:54.511 INFO  --- [main] shop.ShoppingMallApiApplication : No active profile set, falling back to default profiles: default 
2018:06:26 11:58:54.551 INFO  --- [main] o.s.b.w.s.c.AnnotationConfigServletWebServerApplicationContext : Refreshing org.springframework.boot.web.servlet.context.AnnotationConfigServletWebServerApplicationContext@dbf57b3: startup date [Tue Jun 26 11:58:54 KST 2018]; root of context hierarchy 
2018:06:26 11:58:55.570 INFO  --- [main] o.s.c.s.PostProcessorRegistrationDelegate$BeanPostProcessorChecker : Bean 'org.springframework.transaction.annotation.ProxyTransactionManagementConfiguration' of type [org.springframework.transaction.annotation.ProxyTransactionManagementConfiguration$$EnhancerBySpringCGLIB$$a71adba8] is not eligible for getting processed by all BeanPostProcessors (for example: not eligible for auto-proxying) 
2018:06:26 11:58:55.821 INFO  --- [main] o.s.b.w.e.tomcat.TomcatWebServer : Tomcat initialized with port(s): 8080 (http) 
2018:06:26 11:58:55.840 INFO  --- [main] o.a.catalina.core.StandardService : Starting service [Tomcat] 
2018:06:26 11:58:55.841 INFO  --- [main] o.a.catalina.core.StandardEngine : Starting Servlet Engine: Apache Tomcat/8.5.31 
2018:06:26 11:58:55.852 INFO  --- [localhost-startStop-1] o.a.c.core.AprLifecycleListener : The APR based Apache Tomcat Native library which allows optimal performance in production environments was not found on the java.library.path: [C:\Program Files\Java\jre1.8.0_161\bin;C:\WINDOWS\Sun\Java\bin;C:\WINDOWS\system32;C:\WINDOWS;C:/Program Files/Java/jre1.8.0_161/bin/server;C:/Program Files/Java/jre1.8.0_161/bin;C:/Program Files/Java/jre1.8.0_161/lib/amd64;C:\ProgramData\Oracle\Java\javapath;C:\oracle\product\11.2.0\dbhome_1\bin;C:\app\이경민\product\11.2.0\dbhome_5\bin;C:;app\이경민\product\11.2.0\dbhome_4\bin;C:;app\이경민\product\11.2.0\dbhome_3\bin;C:;app\이경민\product\11.2.0\dbhome_2\bin;C:;app\이경민\product\11.2.0\dbhome_1\bin;C:;ProgramData\Oracle\Java\javapath;C:\WINDOWS\system32;C:\WINDOWS;C:\WINDOWS\System32\Wbem;C:\WINDOWS\System32\WindowsPowerShell\v1.0\;%JAVA_HOME%\bin;C:\Program Files (x86)\Brackets\command;C:\Program Files\MySQL\MySQL Utilities 1.6\;C:\Program Files\Git\cmd;C:\Program Files\dotnet\;C:\Program Files\Microsoft SQL Server\130\Tools\Binn\;C:\Program Files\nodejs\;C:\Users\이경민.DESKTOP-Q8D4OPI\AppData\Local\Microsoft\WindowsApps;C:\Users\이경민.DESKTOP-Q8D4OPI\AppData\Local\atom\bin;C:\Users\이경민.DESKTOP-Q8D4OPI\AppData\Roaming\npm;C:\java2\sts\sts-bundle\sts-3.9.3.RELEASE;;.] 
2018:06:26 11:58:55.946 INFO  --- [localhost-startStop-1] o.a.c.c.C.[Tomcat].[localhost].[/] : Initializing Spring embedded WebApplicationContext 
2018:06:26 11:58:55.946 INFO  --- [localhost-startStop-1] o.s.web.context.ContextLoader : Root WebApplicationContext: initialization completed in 1395 ms 
2018:06:26 11:58:56.075 INFO  --- [localhost-startStop-1] o.s.b.w.s.ServletRegistrationBean : Servlet dispatcherServlet mapped to [/] 
2018:06:26 11:58:56.086 INFO  --- [localhost-startStop-1] o.s.b.w.s.FilterRegistrationBean : Mapping filter: 'characterEncodingFilter' to: [/*] 
2018:06:26 11:58:56.086 INFO  --- [localhost-startStop-1] o.s.b.w.s.FilterRegistrationBean : Mapping filter: 'hiddenHttpMethodFilter' to: [/*] 
2018:06:26 11:58:56.087 INFO  --- [localhost-startStop-1] o.s.b.w.s.FilterRegistrationBean : Mapping filter: 'httpPutFormContentFilter' to: [/*] 
2018:06:26 11:58:56.087 INFO  --- [localhost-startStop-1] o.s.b.w.s.FilterRegistrationBean : Mapping filter: 'requestContextFilter' to: [/*] 
2018:06:26 11:58:56.256 INFO  --- [main] com.zaxxer.hikari.HikariDataSource : HikariPool-1 - Starting... 
2018:06:26 11:58:56.515 INFO  --- [main] com.zaxxer.hikari.pool.PoolBase : HikariPool-1 - Driver does not support get/set network timeout for connections. (oracle.jdbc.driver.T4CConnection.getNetworkTimeout()I) 
2018:06:26 11:58:56.526 INFO  --- [main] com.zaxxer.hikari.HikariDataSource : HikariPool-1 - Start completed. 
2018:06:26 11:58:56.604 INFO  --- [main] o.s.o.j.LocalContainerEntityManagerFactoryBean : Building JPA container EntityManagerFactory for persistence unit 'default' 
2018:06:26 11:58:56.616 INFO  --- [main] o.h.jpa.internal.util.LogHelper : HHH000204: Processing PersistenceUnitInfo [
	name: default
	...] 
2018:06:26 11:58:56.674 INFO  --- [main] org.hibernate.Version : HHH000412: Hibernate Core {5.2.10.Final} 
2018:06:26 11:58:56.676 INFO  --- [main] org.hibernate.cfg.Environment : HHH000206: hibernate.properties not found 
2018:06:26 11:58:56.774 INFO  --- [main] o.h.annotations.common.Version : HCANN000001: Hibernate Commons Annotations {5.0.1.Final} 
2018:06:26 11:58:56.906 INFO  --- [main] org.hibernate.dialect.Dialect : HHH000400: Using dialect: org.hibernate.dialect.Oracle12cDialect 
2018:06:26 11:58:57.009 INFO  --- [main] o.hibernate.type.BasicTypeRegistry : HHH000270: Type registration [byte[]] overrides previous : org.hibernate.type.BinaryType@51ce6f85 
2018:06:26 11:58:57.010 INFO  --- [main] o.hibernate.type.BasicTypeRegistry : HHH000270: Type registration [[B] overrides previous : org.hibernate.type.BinaryType@51ce6f85 
2018:06:26 11:58:57.010 INFO  --- [main] o.hibernate.type.BasicTypeRegistry : HHH000270: Type registration [Byte[]] overrides previous : org.hibernate.type.WrapperBinaryType@65b66b08 
2018:06:26 11:58:57.011 INFO  --- [main] o.hibernate.type.BasicTypeRegistry : HHH000270: Type registration [[Ljava.lang.Byte;] overrides previous : org.hibernate.type.WrapperBinaryType@65b66b08 
2018:06:26 11:58:57.147 INFO  --- [main] o.s.o.j.LocalContainerEntityManagerFactoryBean : Initialized JPA EntityManagerFactory for persistence unit 'default' 
2018:06:26 11:58:57.585 INFO  --- [main] o.s.w.s.h.SimpleUrlHandlerMapping : Mapped URL path [/**/favicon.ico] onto handler of type [class org.springframework.web.servlet.resource.ResourceHttpRequestHandler] 
2018:06:26 11:58:57.827 INFO  --- [main] o.s.w.s.m.m.a.RequestMappingHandlerAdapter : Looking for @ControllerAdvice: org.springframework.boot.web.servlet.context.AnnotationConfigServletWebServerApplicationContext@dbf57b3: startup date [Tue Jun 26 11:58:54 KST 2018]; root of context hierarchy 
2018:06:26 11:58:57.862 WARN  --- [main] o.s.b.a.o.j.JpaBaseConfiguration$JpaWebConfiguration$JpaWebMvcConfiguration : spring.jpa.open-in-view is enabled by default. Therefore, database queries may be performed during view rendering. Explicitly configure spring.jpa.open-in-view to disable this warning 
2018:06:26 11:58:57.902 INFO  --- [main] o.s.w.s.m.m.a.RequestMappingHandlerMapping : Mapped "{[/toma/admin/],methods=[POST]}" onto public int shop.choi.admin.controller.AdminController.deleteAdmin(shop.choi.admin.model.Admin) 
2018:06:26 11:58:57.911 INFO  --- [main] o.s.w.s.m.m.a.RequestMappingHandlerMapping : Mapped "{[/toma/admin/login],methods=[POST]}" onto public shop.choi.admin.model.Admin shop.choi.admin.controller.AdminController.adminlogin(shop.choi.admin.model.Admin) 
2018:06:26 11:58:57.911 INFO  --- [main] o.s.w.s.m.m.a.RequestMappingHandlerMapping : Mapped "{[/toma/admin/],methods=[GET]}" onto public java.util.List shop.choi.admin.controller.AdminController.getAdminList() 
2018:06:26 11:58:57.918 INFO  --- [main] o.s.w.s.m.m.a.RequestMappingHandlerMapping : Mapped "{[/toma/admin/{a_id}],methods=[DELETE]}" onto public int shop.choi.admin.controller.AdminController.deleteProductQna(java.lang.String) 
2018:06:26 11:58:57.918 INFO  --- [main] o.s.w.s.m.m.a.RequestMappingHandlerMapping : Mapped "{[/toma/admin/],methods=[PUT]}" onto public int shop.choi.admin.controller.AdminController.updateAdmin(shop.choi.admin.model.Admin) 
2018:06:26 11:58:57.920 INFO  --- [main] o.s.w.s.m.m.a.RequestMappingHandlerMapping : Mapped "{[/uploadMultipleFiles],methods=[POST]}" onto public java.util.List<shop.choi.fileupload.payload.UploadFileResponse> shop.choi.fileupload.FileController.uploadMultipleFiles(org.springframework.web.multipart.MultipartFile[]) 
2018:06:26 11:58:57.920 INFO  --- [main] o.s.w.s.m.m.a.RequestMappingHandlerMapping : Mapped "{[/downloadFile/{fileName:.+}],methods=[GET]}" onto public org.springframework.http.ResponseEntity<org.springframework.core.io.Resource> shop.choi.fileupload.FileController.downloadFile(java.lang.String,javax.servlet.http.HttpServletRequest) 
2018:06:26 11:58:57.926 INFO  --- [main] o.s.w.s.m.m.a.RequestMappingHandlerMapping : Mapped "{[/uploadFile],methods=[POST]}" onto public shop.choi.fileupload.payload.UploadFileResponse shop.choi.fileupload.FileController.uploadFile(org.springframework.web.multipart.MultipartFile) 
2018:06:26 11:58:57.927 INFO  --- [main] o.s.w.s.m.m.a.RequestMappingHandlerMapping : Mapped "{[/toma/login/],methods=[POST]}" onto public shop.kim.login.model.User shop.kim.login.LoginController.login(shop.kim.login.model.Login) 
2018:06:26 11:58:57.930 INFO  --- [main] o.s.w.s.m.m.a.RequestMappingHandlerMapping : Mapped "{[/toma/cart/],methods=[PUT]}" onto int shop.kim.order.CartController.cartUpdate(shop.kim.order.model.Cart) 
2018:06:26 11:58:57.930 INFO  --- [main] o.s.w.s.m.m.a.RequestMappingHandlerMapping : Mapped "{[/toma/cart/{uid}],methods=[GET]}" onto java.util.ArrayList<shop.kim.order.model.Cart> shop.kim.order.CartController.carList(java.lang.String) 
2018:06:26 11:58:57.931 INFO  --- [main] o.s.w.s.m.m.a.RequestMappingHandlerMapping : Mapped "{[/toma/cart/goOrderWrite],methods=[PUT]}" onto java.util.ArrayList<shop.kim.order.model.Cart> shop.kim.order.CartController.orderWriteList(int[]) 
2018:06:26 11:58:57.931 INFO  --- [main] o.s.w.s.m.m.a.RequestMappingHandlerMapping : Mapped "{[/toma/cart/{cno}],methods=[DELETE]}" onto int shop.kim.order.CartController.cartDelete(int) 
2018:06:26 11:58:57.931 INFO  --- [main] o.s.w.s.m.m.a.RequestMappingHandlerMapping : Mapped "{[/toma/cart/],methods=[POST]}" onto int shop.kim.order.CartController.cartInsert(shop.kim.order.model.Cart) 
2018:06:26 11:58:57.935 INFO  --- [main] o.s.w.s.m.m.a.RequestMappingHandlerMapping : Mapped "{[/toma/order/insert/detail],methods=[POST]}" onto void shop.kim.order.OrderController.orderInsertDetail(java.util.ArrayList<shop.kim.order.model.Order_Detail>) 
2018:06:26 11:58:57.942 INFO  --- [main] o.s.w.s.m.m.a.RequestMappingHandlerMapping : Mapped "{[/toma/order/orderdetail/delete/{odno}],methods=[DELETE]}" onto int shop.kim.order.OrderController.orderDetailInsert(int) 
2018:06:26 11:58:57.944 INFO  --- [main] o.s.w.s.m.m.a.RequestMappingHandlerMapping : Mapped "{[/toma/order/],methods=[PUT]}" onto public int shop.kim.order.OrderController.updateOrder(shop.kim.order.model.Order) 
2018:06:26 11:58:57.944 INFO  --- [main] o.s.w.s.m.m.a.RequestMappingHandlerMapping : Mapped "{[/toma/order/insert/order],methods=[POST]}" onto int shop.kim.order.OrderController.orderInsertOrder(shop.kim.order.model.Order) 
2018:06:26 11:58:57.944 INFO  --- [main] o.s.w.s.m.m.a.RequestMappingHandlerMapping : Mapped "{[/toma/order/{uid}],methods=[GET]}" onto java.util.ArrayList<shop.kim.order.model.Order> shop.kim.order.OrderController.orderList(java.lang.String) 
2018:06:26 11:58:57.945 INFO  --- [main] o.s.w.s.m.m.a.RequestMappingHandlerMapping : Mapped "{[/toma/order/],methods=[GET]}" onto java.util.ArrayList<shop.kim.order.model.Order> shop.kim.order.OrderController.getAllorderList() 
2018:06:26 11:58:57.945 INFO  --- [main] o.s.w.s.m.m.a.RequestMappingHandlerMapping : Mapped "{[/toma/order/cancle],methods=[PUT]}" onto public int shop.kim.order.OrderController.cancleOrder(int) 
2018:06:26 11:58:57.946 INFO  --- [main] o.s.w.s.m.m.a.RequestMappingHandlerMapping : Mapped "{[/toma/order/orderdetail/{ono}],methods=[GET]}" onto java.util.ArrayList<shop.kim.order.model.Order_Detail> shop.kim.order.OrderController.orderDetailList(int) 
2018:06:26 11:58:57.946 INFO  --- [main] o.s.w.s.m.m.a.RequestMappingHandlerMapping : Mapped "{[/toma/order/delete/{ono}],methods=[DELETE]}" onto int shop.kim.order.OrderController.orderInsert(int) 
2018:06:26 11:58:57.947 INFO  --- [main] o.s.w.s.m.m.a.RequestMappingHandlerMapping : Mapped "{[/toma/admin/kdh/userList],methods=[GET]}" onto public java.util.Map shop.kim.webSquare.kimWebsquareController.getUser() 
2018:06:26 11:58:57.948 INFO  --- [main] o.s.w.s.m.m.a.RequestMappingHandlerMapping : Mapped "{[/toma/admin/kdh/webLogin],methods=[POST]}" onto public java.util.Map shop.kim.webSquare.kimWebsquareController.webAdLogin(java.util.Map) 
2018:06:26 11:58:57.948 INFO  --- [main] o.s.w.s.m.m.a.RequestMappingHandlerMapping : Mapped "{[/toma/join/],methods=[POST]}" onto public int shop.lee.join.JoinController.NewUser(shop.kim.login.model.User) 
2018:06:26 11:58:57.949 INFO  --- [main] o.s.w.s.m.m.a.RequestMappingHandlerMapping : Mapped "{[/toma/user/findPW/],methods=[POST]}" onto public shop.kim.login.model.User shop.lee.user.UserController.FindUserPW(shop.kim.login.model.User) 
2018:06:26 11:58:57.950 INFO  --- [main] o.s.w.s.m.m.a.RequestMappingHandlerMapping : Mapped "{[/toma/user/findID/],methods=[POST]}" onto public shop.kim.login.model.User shop.lee.user.UserController.FindUserID(shop.kim.login.model.User) 
2018:06:26 11:58:57.950 INFO  --- [main] o.s.w.s.m.m.a.RequestMappingHandlerMapping : Mapped "{[/toma/user/Update],methods=[PUT]}" onto public org.springframework.http.ResponseEntity<shop.kim.login.model.User> shop.lee.user.UserController.updateUser(shop.kim.login.model.User) 
2018:06:26 11:58:57.960 INFO  --- [main] o.s.w.s.m.m.a.RequestMappingHandlerMapping : Mapped "{[/toma/detail/notice/{n_no}],methods=[PUT]}" onto public org.springframework.http.ResponseEntity<?> shop.park.MainController.incrementNoticeHits(long,shop.park.model.Notice) 
2018:06:26 11:58:57.960 INFO  --- [main] o.s.w.s.m.m.a.RequestMappingHandlerMapping : Mapped "{[/toma/detail/product/{p_code}],methods=[GET]}" onto public shop.park.model.Products shop.park.MainController.getByProductsCode(java.lang.String) 
2018:06:26 11:58:57.967 INFO  --- [main] o.s.w.s.m.m.a.RequestMappingHandlerMapping : Mapped "{[/toma/notice/{n_category}],methods=[GET]}" onto public java.util.List<shop.park.model.Notice> shop.park.MainController.getByNoticeCategory(java.lang.String) 
2018:06:26 11:58:57.968 INFO  --- [main] o.s.w.s.m.m.a.RequestMappingHandlerMapping : Mapped "{[/toma/product/{p_kind}],methods=[GET]}" onto public java.util.List<shop.park.model.Products> shop.park.MainController.getByProductsKind(java.lang.String) 
2018:06:26 11:58:57.968 INFO  --- [main] o.s.w.s.m.m.a.RequestMappingHandlerMapping : Mapped "{[/toma/notice/search/{n_title}],methods=[GET]}" onto public java.util.List<shop.park.model.Notice> shop.park.MainController.getByNoticeTitleSearch(java.lang.String) 
2018:06:26 11:58:57.969 INFO  --- [main] o.s.w.s.m.m.a.RequestMappingHandlerMapping : Mapped "{[/toma/notice/saveAndSelectMember.do],methods=[POST]}" onto public java.util.Map shop.park.MainController.saveAndSelectMember(java.util.Map) throws java.lang.Exception 
2018:06:26 11:58:57.969 INFO  --- [main] o.s.w.s.m.m.a.RequestMappingHandlerMapping : Mapped "{[/toma/admin/qna/list],methods=[GET]}" onto public java.util.List<shop.park.model.Qna> shop.park.MainController.adminGetlistAllQna() 
2018:06:26 11:58:57.969 INFO  --- [main] o.s.w.s.m.m.a.RequestMappingHandlerMapping : Mapped "{[/toma/faq.do],methods=[POST]}" onto public java.util.Map shop.park.MainController.websquareGetAllFaq() 
2018:06:26 11:58:57.970 INFO  --- [main] o.s.w.s.m.m.a.RequestMappingHandlerMapping : Mapped "{[/toma/qna.do],methods=[POST]}" onto public java.util.Map shop.park.MainController.websquareGetAllQna() 
2018:06:26 11:58:57.970 INFO  --- [main] o.s.w.s.m.m.a.RequestMappingHandlerMapping : Mapped "{[/toma/qna/search/{q_title}],methods=[GET]}" onto public java.util.List<shop.park.model.Qna> shop.park.MainController.getByQnaTitleSearch(java.lang.String) 
2018:06:26 11:58:57.970 INFO  --- [main] o.s.w.s.m.m.a.RequestMappingHandlerMapping : Mapped "{[/toma/faq/search/{f_title}],methods=[GET]}" onto public java.util.List<shop.park.model.Faq> shop.park.MainController.getByFaqTitleSearch(java.lang.String) 
2018:06:26 11:58:57.971 INFO  --- [main] o.s.w.s.m.m.a.RequestMappingHandlerMapping : Mapped "{[/toma/notice.do],methods=[POST]}" onto public java.util.Map shop.park.MainController.websquareGetAllNotice() 
2018:06:26 11:58:57.971 INFO  --- [main] o.s.w.s.m.m.a.RequestMappingHandlerMapping : Mapped "{[/toma/product],methods=[POST]}" onto public org.springframework.http.ResponseEntity<?> shop.park.MainController.insertProduct(shop.park.model.Products,org.springframework.web.util.UriComponentsBuilder) 
2018:06:26 11:58:57.971 INFO  --- [main] o.s.w.s.m.m.a.RequestMappingHandlerMapping : Mapped "{[/toma],methods=[GET]}" onto public java.util.List<shop.park.model.Products> shop.park.MainController.listAllProducts() 
2018:06:26 11:58:57.972 INFO  --- [main] o.s.w.s.m.m.a.RequestMappingHandlerMapping : Mapped "{[/toma/notice],methods=[GET]}" onto public java.util.List<shop.park.model.Notice> shop.park.MainController.listAllNotices() 
2018:06:26 11:58:57.972 INFO  --- [main] o.s.w.s.m.m.a.RequestMappingHandlerMapping : Mapped "{[/toma/product/{p_code}],methods=[DELETE]}" onto public org.springframework.http.ResponseEntity<?> shop.park.MainController.deleteProduct(java.lang.String) 
2018:06:26 11:58:57.973 INFO  --- [main] o.s.w.s.m.m.a.RequestMappingHandlerMapping : Mapped "{[/toma/product/{p_code}],methods=[PUT]}" onto public org.springframework.http.ResponseEntity<?> shop.park.MainController.updateProduct(java.lang.String,shop.park.model.Products) 
2018:06:26 11:58:57.973 INFO  --- [main] o.s.w.s.m.m.a.RequestMappingHandlerMapping : Mapped "{[/toma/faq/{f_category}],methods=[GET]}" onto public java.util.List<shop.park.model.Faq> shop.park.MainController.getByFaqCategory(java.lang.String) 
2018:06:26 11:58:57.973 INFO  --- [main] o.s.w.s.m.m.a.RequestMappingHandlerMapping : Mapped "{[/toma/qna/write],methods=[POST]}" onto public org.springframework.http.ResponseEntity<?> shop.park.MainController.insertQna(shop.park.model.Qna,org.springframework.web.util.UriComponentsBuilder) 
2018:06:26 11:58:57.974 INFO  --- [main] o.s.w.s.m.m.a.RequestMappingHandlerMapping : Mapped "{[/toma/faq],methods=[GET]}" onto public java.util.List<shop.park.model.Faq> shop.park.MainController.listAllFaq() 
2018:06:26 11:58:57.974 INFO  --- [main] o.s.w.s.m.m.a.RequestMappingHandlerMapping : Mapped "{[/toma/detail/qna/{q_no}],methods=[GET]}" onto public shop.park.model.Qna shop.park.MainController.getByQnaNo(long) 
2018:06:26 11:58:57.974 INFO  --- [main] o.s.w.s.m.m.a.RequestMappingHandlerMapping : Mapped "{[/toma/qna/list/{u_id}],methods=[GET]}" onto public java.util.List<shop.park.model.Qna> shop.park.MainController.listAllQna(java.lang.String) 
2018:06:26 11:58:57.975 INFO  --- [main] o.s.w.s.m.m.a.RequestMappingHandlerMapping : Mapped "{[/toma/qna/{q_reply}],methods=[GET]}" onto public java.util.List<shop.park.model.Qna> shop.park.MainController.getByQnaReply(java.lang.String) 
2018:06:26 11:58:57.975 INFO  --- [main] o.s.w.s.m.m.a.RequestMappingHandlerMapping : Mapped "{[/toma/detail/faq/{f_no}],methods=[PUT]}" onto public org.springframework.http.ResponseEntity<?> shop.park.MainController.incrementFaqHits(long,shop.park.model.Faq) 
2018:06:26 11:58:57.976 INFO  --- [main] o.s.w.s.m.m.a.RequestMappingHandlerMapping : Mapped "{[/toma/qna/update/{q_no}],methods=[PUT]}" onto public org.springframework.http.ResponseEntity<?> shop.park.MainController.updateQna(long,shop.park.model.Qna) 
2018:06:26 11:58:57.976 INFO  --- [main] o.s.w.s.m.m.a.RequestMappingHandlerMapping : Mapped "{[/toma/qna/{q_no}],methods=[DELETE]}" onto public org.springframework.http.ResponseEntity<?> shop.park.MainController.deleteQna(long) 
2018:06:26 11:58:57.976 INFO  --- [main] o.s.w.s.m.m.a.RequestMappingHandlerMapping : Mapped "{[/toma/qna/reply],methods=[PUT]}" onto public int shop.park.MainController.updateQnaReply(shop.park.model.Qna) 
2018:06:26 11:58:57.977 INFO  --- [main] o.s.w.s.m.m.a.RequestMappingHandlerMapping : Mapped "{[/toma/faq/create],methods=[POST]}" onto public int shop.park.MainController.createFaq(shop.park.model.Faq) 
2018:06:26 11:58:57.977 INFO  --- [main] o.s.w.s.m.m.a.RequestMappingHandlerMapping : Mapped "{[/toma/notice/delete/{n_no}],methods=[DELETE]}" onto public int shop.park.MainController.DeleteNotice(long) 
2018:06:26 11:58:57.977 INFO  --- [main] o.s.w.s.m.m.a.RequestMappingHandlerMapping : Mapped "{[/toma/notice/create],methods=[POST]}" onto public int shop.park.MainController.createNotice(shop.park.model.Notice) 
2018:06:26 11:58:57.978 INFO  --- [main] o.s.w.s.m.m.a.RequestMappingHandlerMapping : Mapped "{[/toma/faq/delete/{f_no}],methods=[DELETE]}" onto public int shop.park.MainController.deleteFaq(long) 
2018:06:26 11:58:57.978 INFO  --- [main] o.s.w.s.m.m.a.RequestMappingHandlerMapping : Mapped "{[/toma/faq/update],methods=[PUT]}" onto public int shop.park.MainController.updateFaq(shop.park.model.Faq) 
2018:06:26 11:58:57.978 INFO  --- [main] o.s.w.s.m.m.a.RequestMappingHandlerMapping : Mapped "{[/toma/notice/update],methods=[PUT]}" onto public int shop.park.MainController.updateNotice(shop.park.model.Notice) 
2018:06:26 11:58:57.983 INFO  --- [main] o.s.w.s.m.m.a.RequestMappingHandlerMapping : Mapped "{[/toma/productqna/{p_code}],methods=[GET]}" onto public java.util.List<shop.son.productqna.model.ProductQna> shop.son.productqna.controller.ProductQnaController.listAllProductQna(java.lang.String) 
2018:06:26 11:58:57.983 INFO  --- [main] o.s.w.s.m.m.a.RequestMappingHandlerMapping : Mapped "{[/toma/productqna/{pq_no}],methods=[PUT]}" onto public org.springframework.http.ResponseEntity<?> shop.son.productqna.controller.ProductQnaController.getByProductQnaNo(int,shop.son.productqna.model.ProductQna) 
2018:06:26 11:58:57.983 INFO  --- [main] o.s.w.s.m.m.a.RequestMappingHandlerMapping : Mapped "{[/toma/productqna/delete],methods=[DELETE]}" onto public int shop.son.productqna.controller.ProductQnaController.deleteProductQna(shop.son.productqna.model.ProductQna) 
2018:06:26 11:58:57.984 INFO  --- [main] o.s.w.s.m.m.a.RequestMappingHandlerMapping : Mapped "{[/toma/productqna/],methods=[GET]}" onto public java.util.List<shop.son.productqna.model.ProductQna> shop.son.productqna.controller.ProductQnaController.listAllProducts() 
2018:06:26 11:58:57.984 INFO  --- [main] o.s.w.s.m.m.a.RequestMappingHandlerMapping : Mapped "{[/toma/productqna/edit],methods=[PUT]}" onto public int shop.son.productqna.controller.ProductQnaController.editProductQna(shop.son.productqna.model.ProductQna) 
2018:06:26 11:58:57.985 INFO  --- [main] o.s.w.s.m.m.a.RequestMappingHandlerMapping : Mapped "{[/toma/productqna/write],methods=[POST]}" onto public org.springframework.http.ResponseEntity<?> shop.son.productqna.controller.ProductQnaController.insertProductQna(shop.son.productqna.model.ProductQna) 
2018:06:26 11:58:57.985 INFO  --- [main] o.s.w.s.m.m.a.RequestMappingHandlerMapping : Mapped "{[/toma/productqna/reply],methods=[PUT]}" onto public int shop.son.productqna.controller.ProductQnaController.replyProductQna(shop.son.productqna.model.ProductQna) 
2018:06:26 11:58:57.987 INFO  --- [main] o.s.w.s.m.m.a.RequestMappingHandlerMapping : Mapped "{[/toma/review/update],methods=[POST]}" onto public int shop.son.review.controller.ReviewController.editReview(shop.son.review.model.Review) 
2018:06:26 11:58:57.987 INFO  --- [main] o.s.w.s.m.m.a.RequestMappingHandlerMapping : Mapped "{[/toma/review/],methods=[GET]}" onto public java.util.List<shop.son.review.model.Review> shop.son.review.controller.ReviewController.getReviewList() 
2018:06:26 11:58:57.988 INFO  --- [main] o.s.w.s.m.m.a.RequestMappingHandlerMapping : Mapped "{[/toma/review/write],methods=[POST]}" onto public org.springframework.http.ResponseEntity<?> shop.son.review.controller.ReviewController.insertReview(shop.son.review.model.Review) 
2018:06:26 11:58:57.988 INFO  --- [main] o.s.w.s.m.m.a.RequestMappingHandlerMapping : Mapped "{[/toma/review/{rev_no}],methods=[PUT]}" onto public org.springframework.http.ResponseEntity<?> shop.son.review.controller.ReviewController.getByReviewNo(int,shop.son.review.model.Review) 
2018:06:26 11:58:57.988 INFO  --- [main] o.s.w.s.m.m.a.RequestMappingHandlerMapping : Mapped "{[/toma/review/{p_code}],methods=[GET]}" onto public java.util.List<shop.son.review.model.Review> shop.son.review.controller.ReviewController.listAllReviews(java.lang.String) throws shop.son.review.exception.ReviewNotFoundException 
2018:06:26 11:58:57.989 INFO  --- [main] o.s.w.s.m.m.a.RequestMappingHandlerMapping : Mapped "{[/toma/review/delete],methods=[DELETE]}" onto public int shop.son.review.controller.ReviewController.deleteReview(shop.son.review.model.Review) 
2018:06:26 11:58:57.992 INFO  --- [main] o.s.w.s.m.m.a.RequestMappingHandlerMapping : Mapped "{[/error]}" onto public org.springframework.http.ResponseEntity<java.util.Map<java.lang.String, java.lang.Object>> org.springframework.boot.autoconfigure.web.servlet.error.BasicErrorController.error(javax.servlet.http.HttpServletRequest) 
2018:06:26 11:58:57.993 INFO  --- [main] o.s.w.s.m.m.a.RequestMappingHandlerMapping : Mapped "{[/error],produces=[text/html]}" onto public org.springframework.web.servlet.ModelAndView org.springframework.boot.autoconfigure.web.servlet.error.BasicErrorController.errorHtml(javax.servlet.http.HttpServletRequest,javax.servlet.http.HttpServletResponse) 
2018:06:26 11:58:58.021 INFO  --- [main] o.s.w.s.h.SimpleUrlHandlerMapping : Mapped URL path [/webjars/**] onto handler of type [class org.springframework.web.servlet.resource.ResourceHttpRequestHandler] 
2018:06:26 11:58:58.021 INFO  --- [main] o.s.w.s.h.SimpleUrlHandlerMapping : Mapped URL path [/**] onto handler of type [class org.springframework.web.servlet.resource.ResourceHttpRequestHandler] 
2018:06:26 11:58:58.309 INFO  --- [main] o.s.j.e.a.AnnotationMBeanExporter : Registering beans for JMX exposure on startup 
2018:06:26 11:58:58.311 INFO  --- [main] o.s.j.e.a.AnnotationMBeanExporter : Bean with name 'dataSource' has been autodetected for JMX exposure 
2018:06:26 11:58:58.316 INFO  --- [main] o.s.j.e.a.AnnotationMBeanExporter : Located MBean 'dataSource': registering with JMX server as MBean [com.zaxxer.hikari:name=dataSource,type=HikariDataSource] 
2018:06:26 11:58:58.350 INFO  --- [main] o.s.b.w.e.tomcat.TomcatWebServer : Tomcat started on port(s): 8080 (http) with context path '' 
2018:06:26 11:58:58.355 INFO  --- [main] shop.ShoppingMallApiApplication : Started ShoppingMallApiApplication in 4.195 seconds (JVM running for 4.84) 
2018:06:26 12:03:06.637 INFO  --- [http-nio-8080-exec-1] o.a.c.c.C.[Tomcat].[localhost].[/] : Initializing Spring FrameworkServlet 'dispatcherServlet' 
2018:06:26 12:03:06.645 INFO  --- [http-nio-8080-exec-1] o.s.web.servlet.DispatcherServlet : FrameworkServlet 'dispatcherServlet': initialization started 
2018:06:26 12:03:06.662 INFO  --- [http-nio-8080-exec-1] o.s.web.servlet.DispatcherServlet : FrameworkServlet 'dispatcherServlet': initialization completed in 17 ms 
2018:06:26 12:03:34.129 INFO  --- [http-nio-8080-exec-4] jdbc.resultsettable : 
|------------------|-----|-------|------------|-------------------------------------------------|--------|--------|------------|--------|---------|--------|----------|-----------|
|u_id              |u_pw |u_name |u_phone     |u_addr1                                          |u_addr2 |u_addr3 |u_addrcheck |u_birth |u_gender |u_smsyn |u_emailyn |u_joindate |
|------------------|-----|-------|------------|-------------------------------------------------|--------|--------|------------|--------|---------|--------|----------|-----------|
|test111@naver.com |123  |이경민    |01011112222 |06000 / 서울 강남구 강남대로 708 (압구정동, 한남대교레인보우카폐) / 강남구 |N       |N       |1           |920101  |M        |Y       |N         |2018-06-26 |
|------------------|-----|-------|------------|-------------------------------------------------|--------|--------|------------|--------|---------|--------|----------|-----------|
 
2018:06:26 12:03:44.491 INFO  --- [http-nio-8080-exec-5] jdbc.resultsettable : 
|-----|-----|--------|---------|-------|-------|
|o_no |u_id |o_total |o_status |o_date |o_addr |
|-----|-----|--------|---------|-------|-------|
|-----|-----|--------|---------|-------|-------|
 
2018:06:26 12:04:38.097 INFO  --- [http-nio-8080-exec-7] shop.park.MainController : 정보수정 성공! 
2018:06:26 12:04:43.194 INFO  --- [http-nio-8080-exec-8] jdbc.resultsettable : 
|-----|-----|--------|---------|-------|-------|
|o_no |u_id |o_total |o_status |o_date |o_addr |
|-----|-----|--------|---------|-------|-------|
|-----|-----|--------|---------|-------|-------|
 
2018:06:26 12:04:51.224 INFO  --- [http-nio-8080-exec-9] jdbc.resultsettable : 
|-----|----------|-------|---------|------|------------|-------|
|c_no |p_content |p_kind |c_amount |p_img |p_sellprice |p_name |
|-----|----------|-------|---------|------|------------|-------|
|-----|----------|-------|---------|------|------------|-------|
 
2018:06:26 12:04:53.513 INFO  --- [http-nio-8080-exec-10] shop.park.MainController : Select All Qna 
2018:06:26 12:04:53.543 INFO  --- [http-nio-8080-exec-10] jdbc.resultsettable : 
|-----|--------|----------|-----|--------|-------|
|q_no |q_title |q_content |u_id |q_reply |q_date |
|-----|--------|----------|-----|--------|-------|
|-----|--------|----------|-----|--------|-------|
 
2018:06:26 12:04:54.910 INFO  --- [http-nio-8080-exec-1] shop.park.MainController : Select All Products 
2018:06:26 12:04:54.958 INFO  --- [http-nio-8080-exec-1] jdbc.resultsettable : 
|-------|-------------------------------|--------|--------|--------|------------|---------|------------------------------------------------------------------------------------------------------|-------|----------------------|
|p_code |p_name                         |p_count |p_kind  |p_price |p_sellprice |p_profit |p_content                                                                                             |p_img  |p_date                |
|-------|-------------------------------|--------|--------|--------|------------|---------|------------------------------------------------------------------------------------------------------|-------|----------------------|
|SN0009 |[한만두]홀딱반한 피자만두                 |20      |Snack   |3000    |5000        |2000     |푸짐한 토핑과 고소한 모짜렐라 치즈에 열광하는 피자덕후부터 노릇 노릇 한 만두피에 맥주 안주로는 이만한게 없다고 외치는 만두 덕후까지, 모두를 취향 저격하는 한만두 피자 만두입니다. |SN0009 |2018-06-21 00:00:00.0 |
|SN0008 |콩절미                            |10      |Snack   |1000    |2000        |1000     |튀기지 않고 구웠다! 고소함과 담백함이 가득한 맛있는 건강스낵                                                                    |SN0005 |2018-06-13 00:00:00.0 |
|SN0006 |브라운라이스소울                       |20      |Snack   |1000    |1500        |500      |#현미시리얼 #착한탄수화물                                                                                        |SN0006 |2018-06-11 00:00:00.0 |
|SN0005 |벨랑슈 아이스크림                      |20      |Snack   |3000    |3500        |500      |고단백 저칼로리 아이스크림                                                                                        |SN0007 |2018-06-11 00:00:00.0 |
|SN0004 |미스터 리치쿠키                       |20      |Snack   |4800    |7800        |3000     |마음까지 사르르 녹아내리는 미스터 리치 쿠키                                                                              |SN0004 |2018-06-11 00:00:00.0 |
|SN0003 |포코로코 또띠아롤칩                     |20      |Snack   |2000    |3000        |1000     |부드럽고 고소한 치즈맛                                                                                          |SN0003 |2018-06-11 00:00:00.0 |
|SN0002 |포코로코 또띠아롤칩                     |20      |Snack   |2000    |3000        |1000     |상큼한 토마토맛                                                                                              |SN0002 |2018-06-11 00:00:00.0 |
|SN0001 |포코로코 또띠아롤칩                     |20      |Snack   |2000    |3000        |1000     |화끈 매콤한 고추맛                                                                                            |SN0001 |2018-06-11 00:00:00.0 |
|S0002  |쿠키스프레드                         |20      |Sauce   |2000    |8500        |6500     |바삭바삭한 쿠키와 부드러운 밀크의 완벽한 달콤함.                                                                           |S0002  |2018-06-07 00:00:00.0 |
|S0001  |인절미스프레드                        |20      |Sauce   |2000    |8500        |6500     |콩의 고소함과 찹쌀의 쫀득함을 그대로 살린 달콤함.                                                                          |S0001  |2018-06-07 00:00:00.0 |
|I0008  |칼로리 걱정없는 고기보다 나은 고기! 미쉐프 미트큐브  |50      |Instant |3000    |4000        |1000     |트랜스지방은 제로! 착한 단백질은 듬뿍! 최고의 식물성 단백질 콩으로 만들었어요.
미트큐브는 달걀 2-3개를 먹어야 얻을수 있는 단백질 양을 함유해서 
진짜 고기보다 더 완벽해요!  |I0008  |2018-06-22 00:00:00.0 |
|I0007  |감바스 알 아히요                      |20      |Instant |10000   |17000       |7000     |은은한 마늘향의 스페인식 새우요리                                                                                    |I0007  |2018-06-11 00:00:00.0 |
|I0006  |너의 반찬 연어장                      |20      |Instant |8000    |11000       |3000     |부드러운 식감과 윤기도는 색감!                                                                                     |I0006  |2018-06-11 00:00:00.0 |
|I0005  |하우촌 냉면                         |20      |Instant |3000    |7000        |4000     |개별포장 되어있는 시원~한 비냉                                                                                     |I0005  |2018-06-11 00:00:00.0 |
|I0004  |너의반찬 깐새우장                      |20      |Instant |8000    |12000       |4000     |짜지 않고 까지 않고 바로먹는 간장새우장                                                                                |I0004  |2018-06-11 00:00:00.0 |
|I0003  |곤약리조또                          |20      |Instant |3000    |7000        |4000     |다가오는 여름, 성공을 부르는 든든하고 맛있는 초간편 한끼!                                                                     |I0003  |2018-06-11 00:00:00.0 |
|I0002  |치킨 티카 마살라                      |20      |Instant |13000   |23000       |10000    |부드러운 감칠맛이 일품인 영국식 정통커리                                                                                |I0002  |2018-06-11 00:00:00.0 |
|I0001  |치킨 알프레도 파스타                    |20      |Instant |9000    |19000       |10000    |고소한 프랑스산 생크림과 최고급 치즈를 솔솔 뿌린 크림 파스타                                                                    |I0001  |2018-06-11 00:00:00.0 |
|D0009  |달콩두유                           |20      |Drink   |2500    |5000        |2500     |#포만감가득 #단백질보충 #통째로갈아만든통두유                                                                             |D0009  |2018-06-11 00:00:00.0 |
|D0008  |토모마스사이다 5종                     |20      |Drink   |4000    |12000       |8000     |상큼한 과일향 사이다                                                                                           |D0008  |2018-06-11 00:00:00.0 |
|D0007  |숙취없는 꽐라만시                      |20      |Drink   |4000    |6000        |2000     |소주/탄산수에 타먹는 깔라만시!                                                                                     |D0007  |2018-06-11 00:00:00.0 |
|D0006  |미쉐프 퐁당빠진레몬                     |20      |Drink   |1000    |1300        |300      |촉촉해지고싶다면, 오늘부터 하루한봉!                                                                                  |D0006  |2018-06-11 00:00:00.0 |
|B0009  |옥토끼방앗간 인기떡                     |20      |Bakery  |5000    |6000        |1000     |100% 국산쌀로 만든 떡에 소보로, 초코 크런치등 다양한 고물을 묻혀 색다른 비쥬얼에 반하고 슈크림과 딸기 앙금처럼 달콤한 소를 넣어 맛에 두번 반하는 옥토끼 방앗간 떡입니다.   |B0009  |2018-06-25 00:00:00.0 |
|B0008  |우유앙버터                          |20      |Bakery  |3500    |9500        |6000     |촉촉하고 연한 우유 식빵에 단팥과 버터가 쏙!                                                                             |B0008  |2018-06-11 00:00:00.0 |
|B0007  |초코크레페                          |20      |Bakery  |10000   |20000       |10000    |꾸덕한 초코크림에 달콤한 초코칩이 콕콕 박힌 초코의 맛                                                                        |B0007  |2018-06-11 00:00:00.0 |
|B0006  |밀크크레페케이크                       |20      |Bakery  |10000   |20000       |10000    |디프로메다크림을 샌드한 오리지널 맛                                                                                   |B0006  |2018-06-11 00:00:00.0 |
|B0005  |딸기치즈케이크                        |20      |Bakery  |11000   |32000       |21000    |입안 가득 퍼지는 크림치즈와 상큼한 딸기과육의 조화!                                                                         |B0005  |2018-06-11 00:00:00.0 |
|B0004  |쿠키치즈케이크                        |20      |Bakery  |11000   |32000       |21000    |쿠키의 달콤함과 까망베르 치즈의 진한 풍미를 살린 마성의 케이크                                                                   |B0004  |2018-06-11 00:00:00.0 |
|B0003  |푸시팝케이크                         |20      |Bakery  |2000    |5000        |3000     |한입씩 쏙쏙! 포크없이 밀어먹는 푸시팝케이크                                                                              |B0003  |2018-06-11 00:00:00.0 |
|B0002  |그랑마블 마블데니쉬                     |20      |Bakery  |4000    |8000        |4000     |쫄깃한 81겹의 결이 살아있는 식빵                                                                                   |B0002  |2018-06-11 00:00:00.0 |
|B0001  |티라미수                           |20      |Bakery  |1500    |6500        |5000     |줄서먹는 익선동 핫플레이스 티라미수                                                                                   |B0001  |2018-06-11 00:00:00.0 |
|-------|-------------------------------|--------|--------|--------|------------|---------|------------------------------------------------------------------------------------------------------|-------|----------------------|
 
2018:06:26 12:05:05.708 INFO  --- [http-nio-8080-exec-3] jdbc.resultsettable : 
|-----|-----|-------|------------|-----------------------------------|---------------------------------------------------------------|--------|------------|--------|---------|--------|----------|-----------|
|u_id |u_pw |u_name |u_phone     |u_addr1                            |u_addr2                                                        |u_addr3 |u_addrcheck |u_birth |u_gender |u_smsyn |u_emailyn |u_joindate |
|-----|-----|-------|------------|-----------------------------------|---------------------------------------------------------------|--------|------------|--------|---------|--------|----------|-----------|
|csc  |1234 |홍길동    |01012345678 |42663 / 대구 달서구 큰장로 9 (두류동) / 대구아파트 |22001 / 인천 연수구 컨벤시아대로 50 (송도동, 푸르지오월드마크) / 인천아파트 111동 1111호 ㅎㅎ |수정된다3   |1           |920910  |M        |N       |N         |2018-06-04 |
|-----|-----|-------|------------|-----------------------------------|---------------------------------------------------------------|--------|------------|--------|---------|--------|----------|-----------|
 
2018:06:26 12:05:06.885 INFO  --- [http-nio-8080-exec-2] jdbc.resultsettable : 
|-----|-----|--------|---------|-----------|-------|
|o_no |u_id |o_total |o_status |o_date     |o_addr |
|-----|-----|--------|---------|-----------|-------|
|53   |csc  |14000   |N        |2018-06-15 |수정된다3  |
|47   |csc  |14300   |N        |2018-06-15 |수정된다3  |
|50   |csc  |4500    |N        |2018-06-15 |수정된다3  |
|54   |csc  |2000    |N        |2018-06-15 |수정된다3  |
|36   |csc  |0       |C        |2018-06-14 |수정된다3  |
|37   |csc  |3000    |C        |2018-06-14 |수정된다3  |
|38   |csc  |3000    |C        |2018-06-14 |수정된다3  |
|35   |csc  |0       |C        |2018-06-14 |수정된다3  |
|33   |csc  |0       |C        |2018-06-14 |수정된다3  |
|43   |csc  |72000   |C        |2018-06-14 |수정된다3  |
|32   |csc  |0       |Y        |2018-06-14 |수정된다3  |
|34   |csc  |0       |Y        |2018-06-14 |수정된다3  |
|42   |csc  |21000   |N        |2018-06-14 |수정된다3  |
|40   |csc  |17500   |N        |2018-06-14 |수정된다3  |
|39   |csc  |23400   |N        |2018-06-14 |수정된다3  |
|41   |csc  |78000   |N        |2018-06-14 |수정된다3  |
|27   |csc  |133200  |N        |2018-06-11 |수정된다   |
|28   |csc  |2400    |N        |2018-06-11 |수정된다   |
|29   |csc  |1200    |N        |2018-06-11 |aaaaaa |
|23   |csc  |0       |N        |2018-06-11 |수정된다   |
|20   |csc  |260000  |N        |2018-06-11 |수정된다   |
|16   |csc  |31500   |N        |2018-06-11 |수정된다   |
|24   |csc  |133200  |N        |2018-06-11 |수정된다   |
|22   |csc  |8400    |C        |2018-06-11 |수정된다   |
|21   |csc  |8000    |Y        |2018-06-11 |수정된다   |
|26   |csc  |133200  |Y        |2018-06-11 |수정된다   |
|25   |csc  |133200  |N        |2018-06-11 |수정된다   |
|19   |csc  |586500  |N        |2018-06-11 |수정된다   |
|18   |csc  |6000    |C        |2018-06-11 |수정된다   |
|17   |csc  |8500    |N        |2018-06-11 |수정된다   |
|-----|-----|--------|---------|-----------|-------|
 
2018:06:26 12:05:13.652 INFO  --- [http-nio-8080-exec-4] jdbc.resultsettable : 
|-----|------------------------------------------------------------------------------------------------------|-------|---------|-------|------------|---------------|
|c_no |p_content                                                                                             |p_kind |c_amount |p_img  |p_sellprice |p_name         |
|-----|------------------------------------------------------------------------------------------------------|-------|---------|-------|------------|---------------|
|74   |푸짐한 토핑과 고소한 모짜렐라 치즈에 열광하는 피자덕후부터 노릇 노릇 한 만두피에 맥주 안주로는 이만한게 없다고 외치는 만두 덕후까지, 모두를 취향 저격하는 한만두 피자 만두입니다. |Snack  |1        |SN0009 |5000        |[한만두]홀딱반한 피자만두 |
|75   |튀기지 않고 구웠다! 고소함과 담백함이 가득한 맛있는 건강스낵                                                                    |Snack  |1        |SN0005 |2000        |콩절미            |
|-----|------------------------------------------------------------------------------------------------------|-------|---------|-------|------------|---------------|
 
2018:06:26 12:05:16.119 INFO  --- [http-nio-8080-exec-5] shop.park.MainController : Select All Qna 
2018:06:26 12:05:16.154 INFO  --- [http-nio-8080-exec-5] jdbc.resultsettable : 
|-----|------------|-------------------------------------------------------|-----|-----------|----------------------|
|q_no |q_title     |q_content                                              |u_id |q_reply    |q_date                |
|-----|------------|-------------------------------------------------------|-----|-----------|----------------------|
|43   |안           |녕                                                      |csc  |n          |2018-06-25 00:00:00.0 |
|42   |test444     |4444                                                   |csc  |n          |2018-06-25 00:00:00.0 |
|41   |test333     |3333                                                   |csc  |n          |2018-06-25 00:00:00.0 |
|40   |test222     |2222                                                   |csc  |n          |2018-06-25 00:00:00.0 |
|39   |test11      |1111                                                   |csc  |n          |2018-06-25 00:00:00.0 |
|37   |testing1111 |write testing1111                                      |csc  |n          |2018-06-25 00:00:00.0 |
|36   |글쓰기 테스트     |글쓰기 테스트용입니다.
엔터도 들어갑니다.
표시가 될까요?                       |csc  |n          |2018-06-25 00:00:00.0 |
|34   |token삭제fddd |토큰을 삭제에에에에ㅔ
dhfkdfhidslfssk                            |csc  |n          |2018-06-18 00:00:00.0 |
|33   |qnatest     |qna
test
ㅅㄷㅅㄷㅅㄷ
ㅅㄷㅅㄷㅅㄷㅇㄹㅇ                              |csc  |n          |2018-06-15 00:00:00.0 |
|31   |1:1질문 테스트   |질문이
잘
되는가
!@#!$#^%$%^$%^%*^&(&^*(*()_
''''
""""
ㅁㄴㅇㅁㄴㅇ |csc  |네 잘되는듯 하네요 |2018-06-15 00:00:00.0 |
|27   |ghg         |jgjg                                                   |csc  |n          |2018-06-14 00:00:00.0 |
|1    |수정테스트       |test                                                   |csc  |n          |2018-06-25 00:00:00.0 |
|-----|------------|-------------------------------------------------------|-----|-----------|----------------------|
 
2018:06:26 12:05:19.649 INFO  --- [http-nio-8080-exec-6] shop.park.MainController : Select All Qna 
2018:06:26 12:05:19.666 INFO  --- [http-nio-8080-exec-6] jdbc.resultsettable : 
|-----|------------|-------------------------------------------------------|-----|-----------|----------------------|
|q_no |q_title     |q_content                                              |u_id |q_reply    |q_date                |
|-----|------------|-------------------------------------------------------|-----|-----------|----------------------|
|43   |안           |녕                                                      |csc  |n          |2018-06-25 00:00:00.0 |
|42   |test444     |4444                                                   |csc  |n          |2018-06-25 00:00:00.0 |
|41   |test333     |3333                                                   |csc  |n          |2018-06-25 00:00:00.0 |
|40   |test222     |2222                                                   |csc  |n          |2018-06-25 00:00:00.0 |
|39   |test11      |1111                                                   |csc  |n          |2018-06-25 00:00:00.0 |
|37   |testing1111 |write testing1111                                      |csc  |n          |2018-06-25 00:00:00.0 |
|36   |글쓰기 테스트     |글쓰기 테스트용입니다.
엔터도 들어갑니다.
표시가 될까요?                       |csc  |n          |2018-06-25 00:00:00.0 |
|34   |token삭제fddd |토큰을 삭제에에에에ㅔ
dhfkdfhidslfssk                            |csc  |n          |2018-06-18 00:00:00.0 |
|33   |qnatest     |qna
test
ㅅㄷㅅㄷㅅㄷ
ㅅㄷㅅㄷㅅㄷㅇㄹㅇ                              |csc  |n          |2018-06-15 00:00:00.0 |
|31   |1:1질문 테스트   |질문이
잘
되는가
!@#!$#^%$%^$%^%*^&(&^*(*()_
''''
""""
ㅁㄴㅇㅁㄴㅇ |csc  |네 잘되는듯 하네요 |2018-06-15 00:00:00.0 |
|27   |ghg         |jgjg                                                   |csc  |n          |2018-06-14 00:00:00.0 |
|1    |수정테스트       |test                                                   |csc  |n          |2018-06-25 00:00:00.0 |
|-----|------------|-------------------------------------------------------|-----|-----------|----------------------|
 
2018:06:26 12:05:20.679 INFO  --- [http-nio-8080-exec-7] jdbc.resultsettable : 
|-----|------------------------------------------------------------------------------------------------------|-------|---------|-------|------------|---------------|
|c_no |p_content                                                                                             |p_kind |c_amount |p_img  |p_sellprice |p_name         |
|-----|------------------------------------------------------------------------------------------------------|-------|---------|-------|------------|---------------|
|74   |푸짐한 토핑과 고소한 모짜렐라 치즈에 열광하는 피자덕후부터 노릇 노릇 한 만두피에 맥주 안주로는 이만한게 없다고 외치는 만두 덕후까지, 모두를 취향 저격하는 한만두 피자 만두입니다. |Snack  |1        |SN0009 |5000        |[한만두]홀딱반한 피자만두 |
|75   |튀기지 않고 구웠다! 고소함과 담백함이 가득한 맛있는 건강스낵                                                                    |Snack  |1        |SN0005 |2000        |콩절미            |
|-----|------------------------------------------------------------------------------------------------------|-------|---------|-------|------------|---------------|
 
2018:06:26 12:05:21.627 INFO  --- [http-nio-8080-exec-8] jdbc.resultsettable : 
|-------|----------|------------|---------|-------|-----|---------|
|rev_no |rev_title |rev_content |rev_hits |p_code |u_id |rev_date |
|-------|----------|------------|---------|-------|-----|---------|
|-------|----------|------------|---------|-------|-----|---------|
 
2018:06:26 12:05:21.629 INFO  --- [http-nio-8080-exec-9] jdbc.resultsettable : 
|------|------------|---------|-----------|---------|-----------|--------|-------|-----|--------|
|pq_no |pq_category |pq_title |pq_content |pq_reply |pq_replyyn |pq_hits |p_code |u_id |pq_date |
|------|------------|---------|-----------|---------|-----------|--------|-------|-----|--------|
|------|------------|---------|-----------|---------|-----------|--------|-------|-----|--------|
 
2018:06:26 12:05:24.240 INFO  --- [http-nio-8080-exec-10] jdbc.resultsettable : 
|-----|------------------------------------------------------------------------------------------------------|-------|---------|-------|------------|---------------|
|c_no |p_content                                                                                             |p_kind |c_amount |p_img  |p_sellprice |p_name         |
|-----|------------------------------------------------------------------------------------------------------|-------|---------|-------|------------|---------------|
|74   |푸짐한 토핑과 고소한 모짜렐라 치즈에 열광하는 피자덕후부터 노릇 노릇 한 만두피에 맥주 안주로는 이만한게 없다고 외치는 만두 덕후까지, 모두를 취향 저격하는 한만두 피자 만두입니다. |Snack  |1        |SN0009 |5000        |[한만두]홀딱반한 피자만두 |
|75   |튀기지 않고 구웠다! 고소함과 담백함이 가득한 맛있는 건강스낵                                                                    |Snack  |1        |SN0005 |2000        |콩절미            |
|-----|------------------------------------------------------------------------------------------------------|-------|---------|-------|------------|---------------|
 
2018:06:26 12:05:25.285 INFO  --- [http-nio-8080-exec-1] jdbc.resultsettable : 
|-----|-----|--------|---------|-----------|-------|
|o_no |u_id |o_total |o_status |o_date     |o_addr |
|-----|-----|--------|---------|-----------|-------|
|53   |csc  |14000   |N        |2018-06-15 |수정된다3  |
|47   |csc  |14300   |N        |2018-06-15 |수정된다3  |
|50   |csc  |4500    |N        |2018-06-15 |수정된다3  |
|54   |csc  |2000    |N        |2018-06-15 |수정된다3  |
|36   |csc  |0       |C        |2018-06-14 |수정된다3  |
|37   |csc  |3000    |C        |2018-06-14 |수정된다3  |
|38   |csc  |3000    |C        |2018-06-14 |수정된다3  |
|35   |csc  |0       |C        |2018-06-14 |수정된다3  |
|33   |csc  |0       |C        |2018-06-14 |수정된다3  |
|43   |csc  |72000   |C        |2018-06-14 |수정된다3  |
|32   |csc  |0       |Y        |2018-06-14 |수정된다3  |
|34   |csc  |0       |Y        |2018-06-14 |수정된다3  |
|42   |csc  |21000   |N        |2018-06-14 |수정된다3  |
|40   |csc  |17500   |N        |2018-06-14 |수정된다3  |
|39   |csc  |23400   |N        |2018-06-14 |수정된다3  |
|41   |csc  |78000   |N        |2018-06-14 |수정된다3  |
|27   |csc  |133200  |N        |2018-06-11 |수정된다   |
|28   |csc  |2400    |N        |2018-06-11 |수정된다   |
|29   |csc  |1200    |N        |2018-06-11 |aaaaaa |
|23   |csc  |0       |N        |2018-06-11 |수정된다   |
|20   |csc  |260000  |N        |2018-06-11 |수정된다   |
|16   |csc  |31500   |N        |2018-06-11 |수정된다   |
|24   |csc  |133200  |N        |2018-06-11 |수정된다   |
|22   |csc  |8400    |C        |2018-06-11 |수정된다   |
|21   |csc  |8000    |Y        |2018-06-11 |수정된다   |
|26   |csc  |133200  |Y        |2018-06-11 |수정된다   |
|25   |csc  |133200  |N        |2018-06-11 |수정된다   |
|19   |csc  |586500  |N        |2018-06-11 |수정된다   |
|18   |csc  |6000    |C        |2018-06-11 |수정된다   |
|17   |csc  |8500    |N        |2018-06-11 |수정된다   |
|-----|-----|--------|---------|-----------|-------|
 
2018:06:26 12:05:31.631 INFO  --- [http-nio-8080-exec-3] shop.park.MainController : Select All Products 
2018:06:26 12:05:31.667 INFO  --- [http-nio-8080-exec-3] jdbc.resultsettable : 
|-------|-------------------------------|--------|--------|--------|------------|---------|------------------------------------------------------------------------------------------------------|-------|----------------------|
|p_code |p_name                         |p_count |p_kind  |p_price |p_sellprice |p_profit |p_content                                                                                             |p_img  |p_date                |
|-------|-------------------------------|--------|--------|--------|------------|---------|------------------------------------------------------------------------------------------------------|-------|----------------------|
|SN0009 |[한만두]홀딱반한 피자만두                 |20      |Snack   |3000    |5000        |2000     |푸짐한 토핑과 고소한 모짜렐라 치즈에 열광하는 피자덕후부터 노릇 노릇 한 만두피에 맥주 안주로는 이만한게 없다고 외치는 만두 덕후까지, 모두를 취향 저격하는 한만두 피자 만두입니다. |SN0009 |2018-06-21 00:00:00.0 |
|SN0008 |콩절미                            |10      |Snack   |1000    |2000        |1000     |튀기지 않고 구웠다! 고소함과 담백함이 가득한 맛있는 건강스낵                                                                    |SN0005 |2018-06-13 00:00:00.0 |
|SN0006 |브라운라이스소울                       |20      |Snack   |1000    |1500        |500      |#현미시리얼 #착한탄수화물                                                                                        |SN0006 |2018-06-11 00:00:00.0 |
|SN0005 |벨랑슈 아이스크림                      |20      |Snack   |3000    |3500        |500      |고단백 저칼로리 아이스크림                                                                                        |SN0007 |2018-06-11 00:00:00.0 |
|SN0004 |미스터 리치쿠키                       |20      |Snack   |4800    |7800        |3000     |마음까지 사르르 녹아내리는 미스터 리치 쿠키                                                                              |SN0004 |2018-06-11 00:00:00.0 |
|SN0003 |포코로코 또띠아롤칩                     |20      |Snack   |2000    |3000        |1000     |부드럽고 고소한 치즈맛                                                                                          |SN0003 |2018-06-11 00:00:00.0 |
|SN0002 |포코로코 또띠아롤칩                     |20      |Snack   |2000    |3000        |1000     |상큼한 토마토맛                                                                                              |SN0002 |2018-06-11 00:00:00.0 |
|SN0001 |포코로코 또띠아롤칩                     |20      |Snack   |2000    |3000        |1000     |화끈 매콤한 고추맛                                                                                            |SN0001 |2018-06-11 00:00:00.0 |
|S0002  |쿠키스프레드                         |20      |Sauce   |2000    |8500        |6500     |바삭바삭한 쿠키와 부드러운 밀크의 완벽한 달콤함.                                                                           |S0002  |2018-06-07 00:00:00.0 |
|S0001  |인절미스프레드                        |20      |Sauce   |2000    |8500        |6500     |콩의 고소함과 찹쌀의 쫀득함을 그대로 살린 달콤함.                                                                          |S0001  |2018-06-07 00:00:00.0 |
|I0008  |칼로리 걱정없는 고기보다 나은 고기! 미쉐프 미트큐브  |50      |Instant |3000    |4000        |1000     |트랜스지방은 제로! 착한 단백질은 듬뿍! 최고의 식물성 단백질 콩으로 만들었어요.
미트큐브는 달걀 2-3개를 먹어야 얻을수 있는 단백질 양을 함유해서 
진짜 고기보다 더 완벽해요!  |I0008  |2018-06-22 00:00:00.0 |
|I0007  |감바스 알 아히요                      |20      |Instant |10000   |17000       |7000     |은은한 마늘향의 스페인식 새우요리                                                                                    |I0007  |2018-06-11 00:00:00.0 |
|I0006  |너의 반찬 연어장                      |20      |Instant |8000    |11000       |3000     |부드러운 식감과 윤기도는 색감!                                                                                     |I0006  |2018-06-11 00:00:00.0 |
|I0005  |하우촌 냉면                         |20      |Instant |3000    |7000        |4000     |개별포장 되어있는 시원~한 비냉                                                                                     |I0005  |2018-06-11 00:00:00.0 |
|I0004  |너의반찬 깐새우장                      |20      |Instant |8000    |12000       |4000     |짜지 않고 까지 않고 바로먹는 간장새우장                                                                                |I0004  |2018-06-11 00:00:00.0 |
|I0003  |곤약리조또                          |20      |Instant |3000    |7000        |4000     |다가오는 여름, 성공을 부르는 든든하고 맛있는 초간편 한끼!                                                                     |I0003  |2018-06-11 00:00:00.0 |
|I0002  |치킨 티카 마살라                      |20      |Instant |13000   |23000       |10000    |부드러운 감칠맛이 일품인 영국식 정통커리                                                                                |I0002  |2018-06-11 00:00:00.0 |
|I0001  |치킨 알프레도 파스타                    |20      |Instant |9000    |19000       |10000    |고소한 프랑스산 생크림과 최고급 치즈를 솔솔 뿌린 크림 파스타                                                                    |I0001  |2018-06-11 00:00:00.0 |
|D0009  |달콩두유                           |20      |Drink   |2500    |5000        |2500     |#포만감가득 #단백질보충 #통째로갈아만든통두유                                                                             |D0009  |2018-06-11 00:00:00.0 |
|D0008  |토모마스사이다 5종                     |20      |Drink   |4000    |12000       |8000     |상큼한 과일향 사이다                                                                                           |D0008  |2018-06-11 00:00:00.0 |
|D0007  |숙취없는 꽐라만시                      |20      |Drink   |4000    |6000        |2000     |소주/탄산수에 타먹는 깔라만시!                                                                                     |D0007  |2018-06-11 00:00:00.0 |
|D0006  |미쉐프 퐁당빠진레몬                     |20      |Drink   |1000    |1300        |300      |촉촉해지고싶다면, 오늘부터 하루한봉!                                                                                  |D0006  |2018-06-11 00:00:00.0 |
|B0009  |옥토끼방앗간 인기떡                     |20      |Bakery  |5000    |6000        |1000     |100% 국산쌀로 만든 떡에 소보로, 초코 크런치등 다양한 고물을 묻혀 색다른 비쥬얼에 반하고 슈크림과 딸기 앙금처럼 달콤한 소를 넣어 맛에 두번 반하는 옥토끼 방앗간 떡입니다.   |B0009  |2018-06-25 00:00:00.0 |
|B0008  |우유앙버터                          |20      |Bakery  |3500    |9500        |6000     |촉촉하고 연한 우유 식빵에 단팥과 버터가 쏙!                                                                             |B0008  |2018-06-11 00:00:00.0 |
|B0007  |초코크레페                          |20      |Bakery  |10000   |20000       |10000    |꾸덕한 초코크림에 달콤한 초코칩이 콕콕 박힌 초코의 맛                                                                        |B0007  |2018-06-11 00:00:00.0 |
|B0006  |밀크크레페케이크                       |20      |Bakery  |10000   |20000       |10000    |디프로메다크림을 샌드한 오리지널 맛                                                                                   |B0006  |2018-06-11 00:00:00.0 |
|B0005  |딸기치즈케이크                        |20      |Bakery  |11000   |32000       |21000    |입안 가득 퍼지는 크림치즈와 상큼한 딸기과육의 조화!                                                                         |B0005  |2018-06-11 00:00:00.0 |
|B0004  |쿠키치즈케이크                        |20      |Bakery  |11000   |32000       |21000    |쿠키의 달콤함과 까망베르 치즈의 진한 풍미를 살린 마성의 케이크                                                                   |B0004  |2018-06-11 00:00:00.0 |
|B0003  |푸시팝케이크                         |20      |Bakery  |2000    |5000        |3000     |한입씩 쏙쏙! 포크없이 밀어먹는 푸시팝케이크                                                                              |B0003  |2018-06-11 00:00:00.0 |
|B0002  |그랑마블 마블데니쉬                     |20      |Bakery  |4000    |8000        |4000     |쫄깃한 81겹의 결이 살아있는 식빵                                                                                   |B0002  |2018-06-11 00:00:00.0 |
|B0001  |티라미수                           |20      |Bakery  |1500    |6500        |5000     |줄서먹는 익선동 핫플레이스 티라미수                                                                                   |B0001  |2018-06-11 00:00:00.0 |
|-------|-------------------------------|--------|--------|--------|------------|---------|------------------------------------------------------------------------------------------------------|-------|----------------------|
 
2018:06:26 12:05:49.386 INFO  --- [http-nio-8080-exec-4] jdbc.resultsettable : 
|------------------|-----|-------|------------|-------------------------------------------------|--------------------------------------------|--------|------------|--------|---------|--------|----------|-----------|
|u_id              |u_pw |u_name |u_phone     |u_addr1                                          |u_addr2                                     |u_addr3 |u_addrcheck |u_birth |u_gender |u_smsyn |u_emailyn |u_joindate |
|------------------|-----|-------|------------|-------------------------------------------------|--------------------------------------------|--------|------------|--------|---------|--------|----------|-----------|
|test111@naver.com |1234 |이경민    |01011112222 |06000 / 서울 강남구 강남대로 708 (압구정동, 한남대교레인보우카폐) / 강남구 |08218 / 서울 구로구 목동남로 8-1 (고척동, 이진금속) / 목동아파트 |N       |2           |920101  |M        |Y       |N         |2018-06-26 |
|------------------|-----|-------|------------|-------------------------------------------------|--------------------------------------------|--------|------------|--------|---------|--------|----------|-----------|
 
2018:06:26 12:05:53.878 INFO  --- [http-nio-8080-exec-5] jdbc.resultsettable : 
|-----|-----|-------|--------|--------|--------|--------|------------|--------|---------|--------|----------|-----------|
|u_id |u_pw |u_name |u_phone |u_addr1 |u_addr2 |u_addr3 |u_addrcheck |u_birth |u_gender |u_smsyn |u_emailyn |u_joindate |
|-----|-----|-------|--------|--------|--------|--------|------------|--------|---------|--------|----------|-----------|
|-----|-----|-------|--------|--------|--------|--------|------------|--------|---------|--------|----------|-----------|
 
2018:06:26 12:05:53.888 ERROR --- [http-nio-8080-exec-5] o.a.c.c.C.[.[.[.[dispatcherServlet] : Servlet.service() for servlet [dispatcherServlet] in context with path [] threw exception [Request processing failed; nested exception is java.lang.NullPointerException] with root cause 
java.lang.NullPointerException: null
	at shop.lee.user.UserController.FindUserID(UserController.java:57)
	at sun.reflect.NativeMethodAccessorImpl.invoke0(Native Method)
	at sun.reflect.NativeMethodAccessorImpl.invoke(Unknown Source)
	at sun.reflect.DelegatingMethodAccessorImpl.invoke(Unknown Source)
	at java.lang.reflect.Method.invoke(Unknown Source)
	at org.springframework.web.method.support.InvocableHandlerMethod.doInvoke(InvocableHandlerMethod.java:209)
	at org.springframework.web.method.support.InvocableHandlerMethod.invokeForRequest(InvocableHandlerMethod.java:136)
	at org.springframework.web.servlet.mvc.method.annotation.ServletInvocableHandlerMethod.invokeAndHandle(ServletInvocableHandlerMethod.java:102)
	at org.springframework.web.servlet.mvc.method.annotation.RequestMappingHandlerAdapter.invokeHandlerMethod(RequestMappingHandlerAdapter.java:877)
	at org.springframework.web.servlet.mvc.method.annotation.RequestMappingHandlerAdapter.handleInternal(RequestMappingHandlerAdapter.java:783)
	at org.springframework.web.servlet.mvc.method.AbstractHandlerMethodAdapter.handle(AbstractHandlerMethodAdapter.java:87)
	at org.springframework.web.servlet.DispatcherServlet.doDispatch(DispatcherServlet.java:991)
	at org.springframework.web.servlet.DispatcherServlet.doService(DispatcherServlet.java:925)
	at org.springframework.web.servlet.FrameworkServlet.processRequest(FrameworkServlet.java:974)
	at org.springframework.web.servlet.FrameworkServlet.doPost(FrameworkServlet.java:877)
	at javax.servlet.http.HttpServlet.service(HttpServlet.java:661)
	at org.springframework.web.servlet.FrameworkServlet.service(FrameworkServlet.java:851)
	at javax.servlet.http.HttpServlet.service(HttpServlet.java:742)
	at org.apache.catalina.core.ApplicationFilterChain.internalDoFilter(ApplicationFilterChain.java:231)
	at org.apache.catalina.core.ApplicationFilterChain.doFilter(ApplicationFilterChain.java:166)
	at org.apache.tomcat.websocket.server.WsFilter.doFilter(WsFilter.java:52)
	at org.apache.catalina.core.ApplicationFilterChain.internalDoFilter(ApplicationFilterChain.java:193)
	at org.apache.catalina.core.ApplicationFilterChain.doFilter(ApplicationFilterChain.java:166)
	at org.springframework.web.filter.RequestContextFilter.doFilterInternal(RequestContextFilter.java:99)
	at org.springframework.web.filter.OncePerRequestFilter.doFilter(OncePerRequestFilter.java:107)
	at org.apache.catalina.core.ApplicationFilterChain.internalDoFilter(ApplicationFilterChain.java:193)
	at org.apache.catalina.core.ApplicationFilterChain.doFilter(ApplicationFilterChain.java:166)
	at org.springframework.web.filter.HttpPutFormContentFilter.doFilterInternal(HttpPutFormContentFilter.java:109)
	at org.springframework.web.filter.OncePerRequestFilter.doFilter(OncePerRequestFilter.java:107)
	at org.apache.catalina.core.ApplicationFilterChain.internalDoFilter(ApplicationFilterChain.java:193)
	at org.apache.catalina.core.ApplicationFilterChain.doFilter(ApplicationFilterChain.java:166)
	at org.springframework.web.filter.HiddenHttpMethodFilter.doFilterInternal(HiddenHttpMethodFilter.java:81)
	at org.springframework.web.filter.OncePerRequestFilter.doFilter(OncePerRequestFilter.java:107)
	at org.apache.catalina.core.ApplicationFilterChain.internalDoFilter(ApplicationFilterChain.java:193)
	at org.apache.catalina.core.ApplicationFilterChain.doFilter(ApplicationFilterChain.java:166)
	at org.springframework.web.filter.CharacterEncodingFilter.doFilterInternal(CharacterEncodingFilter.java:200)
	at org.springframework.web.filter.OncePerRequestFilter.doFilter(OncePerRequestFilter.java:107)
	at org.apache.catalina.core.ApplicationFilterChain.internalDoFilter(ApplicationFilterChain.java:193)
	at org.apache.catalina.core.ApplicationFilterChain.doFilter(ApplicationFilterChain.java:166)
	at org.apache.catalina.core.StandardWrapperValve.invoke(StandardWrapperValve.java:198)
	at org.apache.catalina.core.StandardContextValve.invoke(StandardContextValve.java:96)
	at org.apache.catalina.authenticator.AuthenticatorBase.invoke(AuthenticatorBase.java:496)
	at org.apache.catalina.core.StandardHostValve.invoke(StandardHostValve.java:140)
	at org.apache.catalina.valves.ErrorReportValve.invoke(ErrorReportValve.java:81)
	at org.apache.catalina.core.StandardEngineValve.invoke(StandardEngineValve.java:87)
	at org.apache.catalina.connector.CoyoteAdapter.service(CoyoteAdapter.java:342)
	at org.apache.coyote.http11.Http11Processor.service(Http11Processor.java:803)
	at org.apache.coyote.AbstractProcessorLight.process(AbstractProcessorLight.java:66)
	at org.apache.coyote.AbstractProtocol$ConnectionHandler.process(AbstractProtocol.java:790)
	at org.apache.tomcat.util.net.NioEndpoint$SocketProcessor.doRun(NioEndpoint.java:1468)
	at org.apache.tomcat.util.net.SocketProcessorBase.run(SocketProcessorBase.java:49)
	at java.util.concurrent.ThreadPoolExecutor.runWorker(Unknown Source)
	at java.util.concurrent.ThreadPoolExecutor$Worker.run(Unknown Source)
	at org.apache.tomcat.util.threads.TaskThread$WrappingRunnable.run(TaskThread.java:61)
	at java.lang.Thread.run(Unknown Source)
2018:06:26 12:06:00.750 INFO  --- [http-nio-8080-exec-6] jdbc.resultsettable : 
|------------------|-----|-------|------------|-------------------------------------------------|--------------------------------------------|--------|------------|--------|---------|--------|----------|-----------|
|u_id              |u_pw |u_name |u_phone     |u_addr1                                          |u_addr2                                     |u_addr3 |u_addrcheck |u_birth |u_gender |u_smsyn |u_emailyn |u_joindate |
|------------------|-----|-------|------------|-------------------------------------------------|--------------------------------------------|--------|------------|--------|---------|--------|----------|-----------|
|test111@naver.com |1234 |이경민    |01011112222 |06000 / 서울 강남구 강남대로 708 (압구정동, 한남대교레인보우카폐) / 강남구 |08218 / 서울 구로구 목동남로 8-1 (고척동, 이진금속) / 목동아파트 |N       |2           |920101  |M        |Y       |N         |2018-06-26 |
|------------------|-----|-------|------------|-------------------------------------------------|--------------------------------------------|--------|------------|--------|---------|--------|----------|-----------|
 
2018:06:26 12:06:23.452 INFO  --- [http-nio-8080-exec-9] jdbc.resultsettable : 
|-----|-----|-------|--------|--------|--------|--------|------------|--------|---------|--------|----------|-----------|
|u_id |u_pw |u_name |u_phone |u_addr1 |u_addr2 |u_addr3 |u_addrcheck |u_birth |u_gender |u_smsyn |u_emailyn |u_joindate |
|-----|-----|-------|--------|--------|--------|--------|------------|--------|---------|--------|----------|-----------|
|-----|-----|-------|--------|--------|--------|--------|------------|--------|---------|--------|----------|-----------|
 
2018:06:26 12:06:23.452 ERROR --- [http-nio-8080-exec-9] o.a.c.c.C.[.[.[.[dispatcherServlet] : Servlet.service() for servlet [dispatcherServlet] in context with path [] threw exception [Request processing failed; nested exception is java.lang.NullPointerException] with root cause 
java.lang.NullPointerException: null
	at shop.lee.user.UserController.FindUserPW(UserController.java:65)
	at sun.reflect.NativeMethodAccessorImpl.invoke0(Native Method)
	at sun.reflect.NativeMethodAccessorImpl.invoke(Unknown Source)
	at sun.reflect.DelegatingMethodAccessorImpl.invoke(Unknown Source)
	at java.lang.reflect.Method.invoke(Unknown Source)
	at org.springframework.web.method.support.InvocableHandlerMethod.doInvoke(InvocableHandlerMethod.java:209)
	at org.springframework.web.method.support.InvocableHandlerMethod.invokeForRequest(InvocableHandlerMethod.java:136)
	at org.springframework.web.servlet.mvc.method.annotation.ServletInvocableHandlerMethod.invokeAndHandle(ServletInvocableHandlerMethod.java:102)
	at org.springframework.web.servlet.mvc.method.annotation.RequestMappingHandlerAdapter.invokeHandlerMethod(RequestMappingHandlerAdapter.java:877)
	at org.springframework.web.servlet.mvc.method.annotation.RequestMappingHandlerAdapter.handleInternal(RequestMappingHandlerAdapter.java:783)
	at org.springframework.web.servlet.mvc.method.AbstractHandlerMethodAdapter.handle(AbstractHandlerMethodAdapter.java:87)
	at org.springframework.web.servlet.DispatcherServlet.doDispatch(DispatcherServlet.java:991)
	at org.springframework.web.servlet.DispatcherServlet.doService(DispatcherServlet.java:925)
	at org.springframework.web.servlet.FrameworkServlet.processRequest(FrameworkServlet.java:974)
	at org.springframework.web.servlet.FrameworkServlet.doPost(FrameworkServlet.java:877)
	at javax.servlet.http.HttpServlet.service(HttpServlet.java:661)
	at org.springframework.web.servlet.FrameworkServlet.service(FrameworkServlet.java:851)
	at javax.servlet.http.HttpServlet.service(HttpServlet.java:742)
	at org.apache.catalina.core.ApplicationFilterChain.internalDoFilter(ApplicationFilterChain.java:231)
	at org.apache.catalina.core.ApplicationFilterChain.doFilter(ApplicationFilterChain.java:166)
	at org.apache.tomcat.websocket.server.WsFilter.doFilter(WsFilter.java:52)
	at org.apache.catalina.core.ApplicationFilterChain.internalDoFilter(ApplicationFilterChain.java:193)
	at org.apache.catalina.core.ApplicationFilterChain.doFilter(ApplicationFilterChain.java:166)
	at org.springframework.web.filter.RequestContextFilter.doFilterInternal(RequestContextFilter.java:99)
	at org.springframework.web.filter.OncePerRequestFilter.doFilter(OncePerRequestFilter.java:107)
	at org.apache.catalina.core.ApplicationFilterChain.internalDoFilter(ApplicationFilterChain.java:193)
	at org.apache.catalina.core.ApplicationFilterChain.doFilter(ApplicationFilterChain.java:166)
	at org.springframework.web.filter.HttpPutFormContentFilter.doFilterInternal(HttpPutFormContentFilter.java:109)
	at org.springframework.web.filter.OncePerRequestFilter.doFilter(OncePerRequestFilter.java:107)
	at org.apache.catalina.core.ApplicationFilterChain.internalDoFilter(ApplicationFilterChain.java:193)
	at org.apache.catalina.core.ApplicationFilterChain.doFilter(ApplicationFilterChain.java:166)
	at org.springframework.web.filter.HiddenHttpMethodFilter.doFilterInternal(HiddenHttpMethodFilter.java:81)
	at org.springframework.web.filter.OncePerRequestFilter.doFilter(OncePerRequestFilter.java:107)
	at org.apache.catalina.core.ApplicationFilterChain.internalDoFilter(ApplicationFilterChain.java:193)
	at org.apache.catalina.core.ApplicationFilterChain.doFilter(ApplicationFilterChain.java:166)
	at org.springframework.web.filter.CharacterEncodingFilter.doFilterInternal(CharacterEncodingFilter.java:200)
	at org.springframework.web.filter.OncePerRequestFilter.doFilter(OncePerRequestFilter.java:107)
	at org.apache.catalina.core.ApplicationFilterChain.internalDoFilter(ApplicationFilterChain.java:193)
	at org.apache.catalina.core.ApplicationFilterChain.doFilter(ApplicationFilterChain.java:166)
	at org.apache.catalina.core.StandardWrapperValve.invoke(StandardWrapperValve.java:198)
	at org.apache.catalina.core.StandardContextValve.invoke(StandardContextValve.java:96)
	at org.apache.catalina.authenticator.AuthenticatorBase.invoke(AuthenticatorBase.java:496)
	at org.apache.catalina.core.StandardHostValve.invoke(StandardHostValve.java:140)
	at org.apache.catalina.valves.ErrorReportValve.invoke(ErrorReportValve.java:81)
	at org.apache.catalina.core.StandardEngineValve.invoke(StandardEngineValve.java:87)
	at org.apache.catalina.connector.CoyoteAdapter.service(CoyoteAdapter.java:342)
	at org.apache.coyote.http11.Http11Processor.service(Http11Processor.java:803)
	at org.apache.coyote.AbstractProcessorLight.process(AbstractProcessorLight.java:66)
	at org.apache.coyote.AbstractProtocol$ConnectionHandler.process(AbstractProtocol.java:790)
	at org.apache.tomcat.util.net.NioEndpoint$SocketProcessor.doRun(NioEndpoint.java:1468)
	at org.apache.tomcat.util.net.SocketProcessorBase.run(SocketProcessorBase.java:49)
	at java.util.concurrent.ThreadPoolExecutor.runWorker(Unknown Source)
	at java.util.concurrent.ThreadPoolExecutor$Worker.run(Unknown Source)
	at org.apache.tomcat.util.threads.TaskThread$WrappingRunnable.run(TaskThread.java:61)
	at java.lang.Thread.run(Unknown Source)
2018:06:26 12:06:26.444 INFO  --- [http-nio-8080-exec-8] jdbc.resultsettable : 
|------------------|-----|-------|------------|-------------------------------------------------|--------------------------------------------|--------|------------|--------|---------|--------|----------|-----------|
|u_id              |u_pw |u_name |u_phone     |u_addr1                                          |u_addr2                                     |u_addr3 |u_addrcheck |u_birth |u_gender |u_smsyn |u_emailyn |u_joindate |
|------------------|-----|-------|------------|-------------------------------------------------|--------------------------------------------|--------|------------|--------|---------|--------|----------|-----------|
|test111@naver.com |1234 |이경민    |01011112222 |06000 / 서울 강남구 강남대로 708 (압구정동, 한남대교레인보우카폐) / 강남구 |08218 / 서울 구로구 목동남로 8-1 (고척동, 이진금속) / 목동아파트 |N       |2           |920101  |M        |Y       |N         |2018-06-26 |
|------------------|-----|-------|------------|-------------------------------------------------|--------------------------------------------|--------|------------|--------|---------|--------|----------|-----------|
 
2018:06:26 12:08:34.227 INFO  --- [RMI TCP Connection(2)-127.0.0.1] o.s.b.a.SpringApplicationAdminMXBeanRegistrar$SpringApplicationAdmin : Application shutdown requested. 
2018:06:26 12:08:34.235 INFO  --- [RMI TCP Connection(2)-127.0.0.1] o.s.b.w.s.c.AnnotationConfigServletWebServerApplicationContext : Closing org.springframework.boot.web.servlet.context.AnnotationConfigServletWebServerApplicationContext@dbf57b3: startup date [Tue Jun 26 11:58:54 KST 2018]; root of context hierarchy 
2018:06:26 12:08:34.245 INFO  --- [RMI TCP Connection(2)-127.0.0.1] o.s.j.e.a.AnnotationMBeanExporter : Unregistering JMX-exposed beans on shutdown 
2018:06:26 12:08:34.245 INFO  --- [RMI TCP Connection(2)-127.0.0.1] o.s.j.e.a.AnnotationMBeanExporter : Unregistering JMX-exposed beans 
2018:06:26 12:08:34.254 INFO  --- [RMI TCP Connection(2)-127.0.0.1] o.s.o.j.LocalContainerEntityManagerFactoryBean : Closing JPA EntityManagerFactory for persistence unit 'default' 
2018:06:26 12:08:34.254 INFO  --- [RMI TCP Connection(2)-127.0.0.1] com.zaxxer.hikari.HikariDataSource : HikariPool-1 - Shutdown initiated... 
2018:06:26 12:08:34.364 INFO  --- [RMI TCP Connection(2)-127.0.0.1] com.zaxxer.hikari.HikariDataSource : HikariPool-1 - Shutdown completed. 
