2018:06:08 18:29:12.502 INFO  --- [main] shop.ShoppingMallApiApplication : Starting ShoppingMallApiApplication on DESKTOP-Q8D4OPI with PID 5468 (C:\Portpolio\Spring\ShoppingMallAPI\target\classes started by 이경민 in C:\Portpolio\Spring\ShoppingMallAPI) 
2018:06:08 18:29:12.505 INFO  --- [main] shop.ShoppingMallApiApplication : No active profile set, falling back to default profiles: default 
2018:06:08 18:29:12.538 INFO  --- [main] o.s.b.w.s.c.AnnotationConfigServletWebServerApplicationContext : Refreshing org.springframework.boot.web.servlet.context.AnnotationConfigServletWebServerApplicationContext@52e6fdee: startup date [Fri Jun 08 18:29:12 KST 2018]; root of context hierarchy 
2018:06:08 18:29:13.444 INFO  --- [main] o.s.c.s.PostProcessorRegistrationDelegate$BeanPostProcessorChecker : Bean 'org.springframework.transaction.annotation.ProxyTransactionManagementConfiguration' of type [org.springframework.transaction.annotation.ProxyTransactionManagementConfiguration$$EnhancerBySpringCGLIB$$927ea0ad] is not eligible for getting processed by all BeanPostProcessors (for example: not eligible for auto-proxying) 
2018:06:08 18:29:13.699 INFO  --- [main] o.s.b.w.e.tomcat.TomcatWebServer : Tomcat initialized with port(s): 8080 (http) 
2018:06:08 18:29:13.715 INFO  --- [main] o.a.catalina.core.StandardService : Starting service [Tomcat] 
2018:06:08 18:29:13.715 INFO  --- [main] o.a.catalina.core.StandardEngine : Starting Servlet Engine: Apache Tomcat/8.5.31 
2018:06:08 18:29:13.715 INFO  --- [localhost-startStop-1] o.a.c.core.AprLifecycleListener : The APR based Apache Tomcat Native library which allows optimal performance in production environments was not found on the java.library.path: [C:\Program Files\Java\jre1.8.0_161\bin;C:\WINDOWS\Sun\Java\bin;C:\WINDOWS\system32;C:\WINDOWS;C:/Program Files/Java/jre1.8.0_161/bin/server;C:/Program Files/Java/jre1.8.0_161/bin;C:/Program Files/Java/jre1.8.0_161/lib/amd64;C:\ProgramData\Oracle\Java\javapath;C:\oracle\product\11.2.0\dbhome_1\bin;C:\app\이경민\product\11.2.0\dbhome_5\bin;C:;app\이경민\product\11.2.0\dbhome_4\bin;C:;app\이경민\product\11.2.0\dbhome_3\bin;C:;app\이경민\product\11.2.0\dbhome_2\bin;C:;app\이경민\product\11.2.0\dbhome_1\bin;C:;ProgramData\Oracle\Java\javapath;C:\WINDOWS\system32;C:\WINDOWS;C:\WINDOWS\System32\Wbem;C:\WINDOWS\System32\WindowsPowerShell\v1.0\;%JAVA_HOME%\bin;C:\Program Files (x86)\Brackets\command;C:\Program Files\MySQL\MySQL Utilities 1.6\;C:\Program Files\Git\cmd;C:\Program Files\dotnet\;C:\Program Files\Microsoft SQL Server\130\Tools\Binn\;C:\Program Files\nodejs\;C:\Users\이경민.DESKTOP-Q8D4OPI\AppData\Local\Microsoft\WindowsApps;C:\Users\이경민.DESKTOP-Q8D4OPI\AppData\Local\atom\bin;C:\Users\이경민.DESKTOP-Q8D4OPI\AppData\Roaming\npm;C:\java2\sts\sts-bundle\sts-3.9.3.RELEASE;;.] 
2018:06:08 18:29:14.183 INFO  --- [localhost-startStop-1] o.a.c.c.C.[Tomcat].[localhost].[/] : Initializing Spring embedded WebApplicationContext 
2018:06:08 18:29:14.183 INFO  --- [localhost-startStop-1] o.s.web.context.ContextLoader : Root WebApplicationContext: initialization completed in 1645 ms 
2018:06:08 18:29:14.293 INFO  --- [localhost-startStop-1] o.s.b.w.s.ServletRegistrationBean : Servlet dispatcherServlet mapped to [/] 
2018:06:08 18:29:14.308 INFO  --- [localhost-startStop-1] o.s.b.w.s.FilterRegistrationBean : Mapping filter: 'characterEncodingFilter' to: [/*] 
2018:06:08 18:29:14.308 INFO  --- [localhost-startStop-1] o.s.b.w.s.FilterRegistrationBean : Mapping filter: 'hiddenHttpMethodFilter' to: [/*] 
2018:06:08 18:29:14.308 INFO  --- [localhost-startStop-1] o.s.b.w.s.FilterRegistrationBean : Mapping filter: 'httpPutFormContentFilter' to: [/*] 
2018:06:08 18:29:14.308 INFO  --- [localhost-startStop-1] o.s.b.w.s.FilterRegistrationBean : Mapping filter: 'requestContextFilter' to: [/*] 
2018:06:08 18:29:14.465 INFO  --- [main] com.zaxxer.hikari.HikariDataSource : HikariPool-1 - Starting... 
2018:06:08 18:29:14.697 INFO  --- [main] com.zaxxer.hikari.pool.PoolBase : HikariPool-1 - Driver does not support get/set network timeout for connections. (oracle.jdbc.driver.T4CConnection.getNetworkTimeout()I) 
2018:06:08 18:29:14.697 INFO  --- [main] com.zaxxer.hikari.HikariDataSource : HikariPool-1 - Start completed. 
2018:06:08 18:29:14.759 INFO  --- [main] o.s.o.j.LocalContainerEntityManagerFactoryBean : Building JPA container EntityManagerFactory for persistence unit 'default' 
2018:06:08 18:29:14.775 INFO  --- [main] o.h.jpa.internal.util.LogHelper : HHH000204: Processing PersistenceUnitInfo [
	name: default
	...] 
2018:06:08 18:29:14.837 INFO  --- [main] org.hibernate.Version : HHH000412: Hibernate Core {5.2.10.Final} 
2018:06:08 18:29:14.837 INFO  --- [main] org.hibernate.cfg.Environment : HHH000206: hibernate.properties not found 
2018:06:08 18:29:14.868 INFO  --- [main] o.h.annotations.common.Version : HCANN000001: Hibernate Commons Annotations {5.0.1.Final} 
2018:06:08 18:29:15.056 INFO  --- [main] org.hibernate.dialect.Dialect : HHH000400: Using dialect: org.hibernate.dialect.Oracle12cDialect 
2018:06:08 18:29:15.165 INFO  --- [main] o.hibernate.type.BasicTypeRegistry : HHH000270: Type registration [byte[]] overrides previous : org.hibernate.type.BinaryType@67594471 
2018:06:08 18:29:15.165 INFO  --- [main] o.hibernate.type.BasicTypeRegistry : HHH000270: Type registration [[B] overrides previous : org.hibernate.type.BinaryType@67594471 
2018:06:08 18:29:15.165 INFO  --- [main] o.hibernate.type.BasicTypeRegistry : HHH000270: Type registration [Byte[]] overrides previous : org.hibernate.type.WrapperBinaryType@68b58644 
2018:06:08 18:29:15.165 INFO  --- [main] o.hibernate.type.BasicTypeRegistry : HHH000270: Type registration [[Ljava.lang.Byte;] overrides previous : org.hibernate.type.WrapperBinaryType@68b58644 
2018:06:08 18:29:15.306 INFO  --- [main] o.s.o.j.LocalContainerEntityManagerFactoryBean : Initialized JPA EntityManagerFactory for persistence unit 'default' 
2018:06:08 18:29:15.687 INFO  --- [main] o.s.w.s.h.SimpleUrlHandlerMapping : Mapped URL path [/**/favicon.ico] onto handler of type [class org.springframework.web.servlet.resource.ResourceHttpRequestHandler] 
2018:06:08 18:29:15.937 INFO  --- [main] o.s.w.s.m.m.a.RequestMappingHandlerAdapter : Looking for @ControllerAdvice: org.springframework.boot.web.servlet.context.AnnotationConfigServletWebServerApplicationContext@52e6fdee: startup date [Fri Jun 08 18:29:12 KST 2018]; root of context hierarchy 
2018:06:08 18:29:15.968 WARN  --- [main] o.s.b.a.o.j.JpaBaseConfiguration$JpaWebConfiguration$JpaWebMvcConfiguration : spring.jpa.open-in-view is enabled by default. Therefore, database queries may be performed during view rendering. Explicitly configure spring.jpa.open-in-view to disable this warning 
2018:06:08 18:29:16.015 INFO  --- [main] o.s.w.s.m.m.a.RequestMappingHandlerMapping : Mapped "{[/toma/login/user/list],methods=[GET]}" onto public shop.kim.login.model.User shop.kim.login.LoginController.getUser() 
2018:06:08 18:29:16.015 INFO  --- [main] o.s.w.s.m.m.a.RequestMappingHandlerMapping : Mapped "{[/toma/login/],methods=[POST]}" onto public shop.kim.login.model.User shop.kim.login.LoginController.login(shop.kim.login.model.Login) 
2018:06:08 18:29:16.015 INFO  --- [main] o.s.w.s.m.m.a.RequestMappingHandlerMapping : Mapped "{[/toma/cart/{uid}],methods=[GET]}" onto java.util.ArrayList<shop.kim.order.model.Cart> shop.kim.order.CartController.carList(java.lang.String) 
2018:06:08 18:29:16.015 INFO  --- [main] o.s.w.s.m.m.a.RequestMappingHandlerMapping : Mapped "{[/toma/cart/{cno}],methods=[DELETE]}" onto int shop.kim.order.CartController.cartDelete(int) 
2018:06:08 18:29:16.030 INFO  --- [main] o.s.w.s.m.m.a.RequestMappingHandlerMapping : Mapped "{[/toma/cart/],methods=[PUT]}" onto int shop.kim.order.CartController.cartUpdate(shop.kim.order.model.Cart) 
2018:06:08 18:29:16.030 INFO  --- [main] o.s.w.s.m.m.a.RequestMappingHandlerMapping : Mapped "{[/toma/cart/],methods=[POST]}" onto int shop.kim.order.CartController.cartInsert(shop.kim.order.model.Cart) 
2018:06:08 18:29:16.030 INFO  --- [main] o.s.w.s.m.m.a.RequestMappingHandlerMapping : Mapped "{[/toma/cart/goOrderWrite],methods=[PUT]}" onto java.util.ArrayList<shop.kim.order.model.Cart> shop.kim.order.CartController.orderWriteList(int[]) 
2018:06:08 18:29:16.030 INFO  --- [main] o.s.w.s.m.m.a.RequestMappingHandlerMapping : Mapped "{[/toma/order/orderdetail/delete/{odno}],methods=[DELETE]}" onto int shop.kim.order.OrderController.orderDetailInsert(int) 
2018:06:08 18:29:16.030 INFO  --- [main] o.s.w.s.m.m.a.RequestMappingHandlerMapping : Mapped "{[/toma/order/orderdetail/{ono}],methods=[GET]}" onto java.util.ArrayList<shop.kim.order.model.Order_Detail> shop.kim.order.OrderController.orderDetailList(int) 
2018:06:08 18:29:16.030 INFO  --- [main] o.s.w.s.m.m.a.RequestMappingHandlerMapping : Mapped "{[/toma/order/{uid}],methods=[GET]}" onto java.util.ArrayList<shop.kim.order.model.Order> shop.kim.order.OrderController.orderList(java.lang.String) 
2018:06:08 18:29:16.030 INFO  --- [main] o.s.w.s.m.m.a.RequestMappingHandlerMapping : Mapped "{[/toma/order/delete/{ono}],methods=[DELETE]}" onto int shop.kim.order.OrderController.orderInsert(int) 
2018:06:08 18:29:16.030 INFO  --- [main] o.s.w.s.m.m.a.RequestMappingHandlerMapping : Mapped "{[/toma/order/insert/{order}/{orderDetailArr}],methods=[POST]}" onto int shop.kim.order.OrderController.orderInsert(shop.kim.order.model.Order,java.util.ArrayList<shop.kim.order.model.Order_Detail>) 
2018:06:08 18:29:16.046 INFO  --- [main] o.s.w.s.m.m.a.RequestMappingHandlerMapping : Mapped "{[/toma/join/],methods=[POST]}" onto public int shop.lee.join.JoinController.NewUser(shop.kim.login.model.User) 
2018:06:08 18:29:16.046 INFO  --- [main] o.s.w.s.m.m.a.RequestMappingHandlerMapping : Mapped "{[/toma/user/Update],methods=[PUT]}" onto public org.springframework.http.ResponseEntity<shop.kim.login.model.User> shop.lee.user.UserController.updateUser(shop.kim.login.model.User) 
2018:06:08 18:29:16.046 INFO  --- [main] o.s.w.s.m.m.a.RequestMappingHandlerMapping : Mapped "{[/toma/product/{p_kind}],methods=[GET]}" onto public java.util.List<shop.park.model.Products> shop.park.MainController.getByProductsKind(java.lang.String) 
2018:06:08 18:29:16.046 INFO  --- [main] o.s.w.s.m.m.a.RequestMappingHandlerMapping : Mapped "{[/toma/detail/product/{p_code}],methods=[GET]}" onto public shop.park.model.Products shop.park.MainController.getByProductsCode(java.lang.String) 
2018:06:08 18:29:16.046 INFO  --- [main] o.s.w.s.m.m.a.RequestMappingHandlerMapping : Mapped "{[/toma/notice/{n_category}],methods=[GET]}" onto public java.util.List<shop.park.model.Notice> shop.park.MainController.getByNoticeCategory(java.lang.String) 
2018:06:08 18:29:16.046 INFO  --- [main] o.s.w.s.m.m.a.RequestMappingHandlerMapping : Mapped "{[/toma/product],methods=[POST]}" onto public org.springframework.http.ResponseEntity<?> shop.park.MainController.insertProduct(shop.park.model.Products,org.springframework.web.util.UriComponentsBuilder) 
2018:06:08 18:29:16.046 INFO  --- [main] o.s.w.s.m.m.a.RequestMappingHandlerMapping : Mapped "{[/toma/faq],methods=[GET]}" onto public java.util.List<shop.park.model.Faq> shop.park.MainController.listAllFaq() 
2018:06:08 18:29:16.046 INFO  --- [main] o.s.w.s.m.m.a.RequestMappingHandlerMapping : Mapped "{[/toma],methods=[GET]}" onto public java.util.List<shop.park.model.Products> shop.park.MainController.listAllProducts() 
2018:06:08 18:29:16.046 INFO  --- [main] o.s.w.s.m.m.a.RequestMappingHandlerMapping : Mapped "{[/toma/detail/product/{p_code}],methods=[PUT]}" onto public org.springframework.http.ResponseEntity<?> shop.park.MainController.updateProduct(java.lang.String,shop.park.model.Products) 
2018:06:08 18:29:16.062 INFO  --- [main] o.s.w.s.m.m.a.RequestMappingHandlerMapping : Mapped "{[/toma/detail/product/{p_code}],methods=[DELETE]}" onto public org.springframework.http.ResponseEntity<?> shop.park.MainController.deleteProduct(java.lang.String) 
2018:06:08 18:29:16.062 INFO  --- [main] o.s.w.s.m.m.a.RequestMappingHandlerMapping : Mapped "{[/toma/notice],methods=[GET]}" onto public java.util.List<shop.park.model.Notice> shop.park.MainController.listAllNotices() 
2018:06:08 18:29:16.062 INFO  --- [main] o.s.w.s.m.m.a.RequestMappingHandlerMapping : Mapped "{[/toma/detail/notice/{n_no}],methods=[GET]}" onto public shop.park.model.Notice shop.park.MainController.getByNoticeNo(long) 
2018:06:08 18:29:16.062 INFO  --- [main] o.s.w.s.m.m.a.RequestMappingHandlerMapping : Mapped "{[/toma/detail/qna/{q_no}],methods=[DELETE]}" onto public org.springframework.http.ResponseEntity<?> shop.park.MainController.deleteQna(long) 
2018:06:08 18:29:16.062 INFO  --- [main] o.s.w.s.m.m.a.RequestMappingHandlerMapping : Mapped "{[/toma/faq/{f_category}],methods=[GET]}" onto public java.util.List<shop.park.model.Faq> shop.park.MainController.getByFaqCategory(java.lang.String) 
2018:06:08 18:29:16.062 INFO  --- [main] o.s.w.s.m.m.a.RequestMappingHandlerMapping : Mapped "{[/toma/qna/write],methods=[POST]}" onto public org.springframework.http.ResponseEntity<?> shop.park.MainController.insertQna(shop.park.model.Qna,org.springframework.web.util.UriComponentsBuilder) 
2018:06:08 18:29:16.062 INFO  --- [main] o.s.w.s.m.m.a.RequestMappingHandlerMapping : Mapped "{[/toma/qna],methods=[GET]}" onto public java.util.List<shop.park.model.Qna> shop.park.MainController.listAllQna() 
2018:06:08 18:29:16.062 INFO  --- [main] o.s.w.s.m.m.a.RequestMappingHandlerMapping : Mapped "{[/toma/qna/{q_reply}],methods=[GET]}" onto public java.util.List<shop.park.model.Qna> shop.park.MainController.getByQnaReply(java.lang.String) 
2018:06:08 18:29:16.062 INFO  --- [main] o.s.w.s.m.m.a.RequestMappingHandlerMapping : Mapped "{[/toma/detail/qna/{q_no}],methods=[GET]}" onto public shop.park.model.Qna shop.park.MainController.getByQnaNo(long) 
2018:06:08 18:29:16.062 INFO  --- [main] o.s.w.s.m.m.a.RequestMappingHandlerMapping : Mapped "{[/toma/detail/faq/{f_no}],methods=[GET]}" onto public shop.park.model.Faq shop.park.MainController.getByFaqNo(long) 
2018:06:08 18:29:16.062 INFO  --- [main] o.s.w.s.m.m.a.RequestMappingHandlerMapping : Mapped "{[/toma/detail/qna/{q_no}],methods=[PUT]}" onto public org.springframework.http.ResponseEntity<?> shop.park.MainController.updateQna(long,shop.park.model.Qna) 
2018:06:08 18:29:16.062 INFO  --- [main] o.s.w.s.m.m.a.RequestMappingHandlerMapping : Mapped "{[/toma/productqna/{p_code}],methods=[GET]}" onto public java.util.List<shop.son.productqna.model.ProductQna> shop.son.productqna.controller.ProductQnaController.listAllProductQna(java.lang.String) 
2018:06:08 18:29:16.062 INFO  --- [main] o.s.w.s.m.m.a.RequestMappingHandlerMapping : Mapped "{[/toma/productqna/{u_id}],methods=[DELETE]}" onto public int shop.son.productqna.controller.ProductQnaController.deleteProductQna(java.lang.String) 
2018:06:08 18:29:16.062 INFO  --- [main] o.s.w.s.m.m.a.RequestMappingHandlerMapping : Mapped "{[/toma/productqna/{u_id}],methods=[POST]}" onto public int shop.son.productqna.controller.ProductQnaController.updateProductQna(java.lang.String) 
2018:06:08 18:29:16.062 INFO  --- [main] o.s.w.s.m.m.a.RequestMappingHandlerMapping : Mapped "{[/toma/productqna/],methods=[POST]}" onto public int shop.son.productqna.controller.ProductQnaController.insertProductQna(shop.son.productqna.model.ProductQna) 
2018:06:08 18:29:16.062 INFO  --- [main] o.s.w.s.m.m.a.RequestMappingHandlerMapping : Mapped "{[/toma/review/{u_id}],methods=[POST]}" onto public int shop.son.review.controller.ReviewController.updateReview(java.lang.String) 
2018:06:08 18:29:16.062 INFO  --- [main] o.s.w.s.m.m.a.RequestMappingHandlerMapping : Mapped "{[/toma/review/],methods=[POST]}" onto public int shop.son.review.controller.ReviewController.insertReview(shop.son.review.model.Review) 
2018:06:08 18:29:16.077 INFO  --- [main] o.s.w.s.m.m.a.RequestMappingHandlerMapping : Mapped "{[/toma/review/{u_id}],methods=[DELETE]}" onto public int shop.son.review.controller.ReviewController.deleteReview(java.lang.String) 
2018:06:08 18:29:16.077 INFO  --- [main] o.s.w.s.m.m.a.RequestMappingHandlerMapping : Mapped "{[/toma/review/{p_code}],methods=[GET]}" onto public java.util.List<shop.son.review.model.Review> shop.son.review.controller.ReviewController.listAllReviews(java.lang.String) throws shop.son.review.exception.ReviewNotFoundException 
2018:06:08 18:29:16.077 INFO  --- [main] o.s.w.s.m.m.a.RequestMappingHandlerMapping : Mapped "{[/error]}" onto public org.springframework.http.ResponseEntity<java.util.Map<java.lang.String, java.lang.Object>> org.springframework.boot.autoconfigure.web.servlet.error.BasicErrorController.error(javax.servlet.http.HttpServletRequest) 
2018:06:08 18:29:16.077 INFO  --- [main] o.s.w.s.m.m.a.RequestMappingHandlerMapping : Mapped "{[/error],produces=[text/html]}" onto public org.springframework.web.servlet.ModelAndView org.springframework.boot.autoconfigure.web.servlet.error.BasicErrorController.errorHtml(javax.servlet.http.HttpServletRequest,javax.servlet.http.HttpServletResponse) 
2018:06:08 18:29:16.093 INFO  --- [main] o.s.w.s.h.SimpleUrlHandlerMapping : Mapped URL path [/webjars/**] onto handler of type [class org.springframework.web.servlet.resource.ResourceHttpRequestHandler] 
2018:06:08 18:29:16.093 INFO  --- [main] o.s.w.s.h.SimpleUrlHandlerMapping : Mapped URL path [/**] onto handler of type [class org.springframework.web.servlet.resource.ResourceHttpRequestHandler] 
2018:06:08 18:29:16.374 INFO  --- [main] o.s.j.e.a.AnnotationMBeanExporter : Registering beans for JMX exposure on startup 
2018:06:08 18:29:16.374 INFO  --- [main] o.s.j.e.a.AnnotationMBeanExporter : Bean with name 'dataSource' has been autodetected for JMX exposure 
2018:06:08 18:29:16.390 INFO  --- [main] o.s.j.e.a.AnnotationMBeanExporter : Located MBean 'dataSource': registering with JMX server as MBean [com.zaxxer.hikari:name=dataSource,type=HikariDataSource] 
2018:06:08 18:29:16.437 INFO  --- [main] o.s.b.w.e.tomcat.TomcatWebServer : Tomcat started on port(s): 8080 (http) with context path '' 
2018:06:08 18:29:16.437 INFO  --- [main] shop.ShoppingMallApiApplication : Started ShoppingMallApiApplication in 4.279 seconds (JVM running for 7.946) 
2018:06:08 18:29:27.717 INFO  --- [http-nio-8080-exec-1] o.a.c.c.C.[Tomcat].[localhost].[/] : Initializing Spring FrameworkServlet 'dispatcherServlet' 
2018:06:08 18:29:27.724 INFO  --- [http-nio-8080-exec-1] o.s.web.servlet.DispatcherServlet : FrameworkServlet 'dispatcherServlet': initialization started 
2018:06:08 18:29:27.742 INFO  --- [http-nio-8080-exec-1] o.s.web.servlet.DispatcherServlet : FrameworkServlet 'dispatcherServlet': initialization completed in 18 ms 
2018:06:08 18:29:31.263 INFO  --- [http-nio-8080-exec-2] shop.park.MainController : Select All Products 
2018:06:08 18:29:31.348 INFO  --- [http-nio-8080-exec-2] jdbc.resultsettable : 
|-------|--------|--------|-------|--------|------------|---------|-----------------------------|------|----------------------|
|p_code |p_name  |p_count |p_kind |p_price |p_sellprice |p_profit |p_content                    |p_img |p_date                |
|-------|--------|--------|-------|--------|------------|---------|-----------------------------|------|----------------------|
|S0002  |쿠키스프레드  |20      |Sauce  |2000    |8500        |6500     |바삭바삭한 쿠키와 부드러운 밀크의 완벽한 달콤함.  |S0002 |2018-06-07 00:00:00.0 |
|S0001  |인절미스프레드 |20      |Sauce  |2000    |8500        |6500     |콩의 고소함과 찹쌀의 쫀득함을 그대로 살린 달콤함. |S0001 |2018-06-07 00:00:00.0 |
|D0005  |진로와인    |20      |와인     |1000    |1200        |200      |진로와인 입니다                     |D0005 |2018-06-04 00:00:00.0 |
|D0004  |OB맥주    |20      |맥주     |1000    |1200        |200      |OB맥주 입니다                     |D0004 |2018-06-04 00:00:00.0 |
|D0003  |맥스맥주    |20      |맥주     |1000    |1200        |200      |맥스맥주 입니다                     |D0003 |2018-06-04 00:00:00.0 |
|D0002  |대동강맥주   |20      |맥주     |1000    |1200        |200      |대동강맥주 입니다                    |D0002 |2018-06-04 00:00:00.0 |
|D0001  |하이트맥주   |20      |맥주     |1000    |1200        |200      |하이트맥주 입니다                    |D0001 |2018-06-04 00:00:00.0 |
|-------|--------|--------|-------|--------|------------|---------|-----------------------------|------|----------------------|
 
2018:06:08 18:29:35.431 INFO  --- [RMI TCP Connection(2)-127.0.0.1] o.s.b.a.SpringApplicationAdminMXBeanRegistrar$SpringApplicationAdmin : Application shutdown requested. 
2018:06:08 18:29:35.438 INFO  --- [RMI TCP Connection(2)-127.0.0.1] o.s.b.w.s.c.AnnotationConfigServletWebServerApplicationContext : Closing org.springframework.boot.web.servlet.context.AnnotationConfigServletWebServerApplicationContext@52e6fdee: startup date [Fri Jun 08 18:29:12 KST 2018]; root of context hierarchy 
2018:06:08 18:29:35.447 INFO  --- [RMI TCP Connection(2)-127.0.0.1] o.s.j.e.a.AnnotationMBeanExporter : Unregistering JMX-exposed beans on shutdown 
2018:06:08 18:29:35.454 INFO  --- [RMI TCP Connection(2)-127.0.0.1] o.s.j.e.a.AnnotationMBeanExporter : Unregistering JMX-exposed beans 
2018:06:08 18:29:35.456 INFO  --- [RMI TCP Connection(2)-127.0.0.1] o.s.o.j.LocalContainerEntityManagerFactoryBean : Closing JPA EntityManagerFactory for persistence unit 'default' 
2018:06:08 18:29:35.456 INFO  --- [RMI TCP Connection(2)-127.0.0.1] com.zaxxer.hikari.HikariDataSource : HikariPool-1 - Shutdown initiated... 
2018:06:08 18:29:35.625 INFO  --- [RMI TCP Connection(2)-127.0.0.1] com.zaxxer.hikari.HikariDataSource : HikariPool-1 - Shutdown completed. 
