<<<<<<< HEAD
2018:06:19 11:34:48.035 INFO  --- [main] shop.ShoppingMallApiApplication : Starting ShoppingMallApiApplication on LAPTOP-H9GJICE1 with PID 6208 (C:\Users\수연\git\TopcreTeam\ShoppingMallAPI\target\classes started by 수연 in C:\Users\수연\git\TopcreTeam\ShoppingMallAPI) 
2018:06:19 11:34:48.045 INFO  --- [main] shop.ShoppingMallApiApplication : No active profile set, falling back to default profiles: default 
2018:06:19 11:34:48.117 INFO  --- [main] o.s.b.w.s.c.AnnotationConfigServletWebServerApplicationContext : Refreshing org.springframework.boot.web.servlet.context.AnnotationConfigServletWebServerApplicationContext@56aaaecd: startup date [Tue Jun 19 11:34:48 KST 2018]; root of context hierarchy 
2018:06:19 11:34:50.227 INFO  --- [main] o.s.c.s.PostProcessorRegistrationDelegate$BeanPostProcessorChecker : Bean 'org.springframework.transaction.annotation.ProxyTransactionManagementConfiguration' of type [org.springframework.transaction.annotation.ProxyTransactionManagementConfiguration$$EnhancerBySpringCGLIB$$a47b2b4f] is not eligible for getting processed by all BeanPostProcessors (for example: not eligible for auto-proxying) 
2018:06:19 11:34:50.650 INFO  --- [main] o.s.b.w.e.tomcat.TomcatWebServer : Tomcat initialized with port(s): 8080 (http) 
2018:06:19 11:34:50.701 INFO  --- [main] o.a.catalina.core.StandardService : Starting service [Tomcat] 
2018:06:19 11:34:50.710 INFO  --- [main] o.a.catalina.core.StandardEngine : Starting Servlet Engine: Apache Tomcat/8.5.31 
2018:06:19 11:34:50.719 INFO  --- [localhost-startStop-1] o.a.c.core.AprLifecycleListener : The APR based Apache Tomcat Native library which allows optimal performance in production environments was not found on the java.library.path: [C:\Program Files\Java\jre-9\bin;C:\WINDOWS\Sun\Java\bin;C:\WINDOWS\system32;C:\WINDOWS;C:\Program Files (x86)\Intel\Intel(R) Management Engine Components\iCLS\;C:\Program Files\Intel\Intel(R) Management Engine Components\iCLS\;C:\ProgramData\Oracle\Java\javapath;C:\WINDOWS\system32;C:\WINDOWS;C:\WINDOWS\System32\Wbem;C:\WINDOWS\System32\WindowsPowerShell\v1.0\;C:\Program Files (x86)\ePapyrus\Papyrus 5;C:\Program Files (x86)\Intel\Intel(R) Management Engine Components\DAL;C:\Program Files\Intel\Intel(R) Management Engine Components\DAL;C:\Program Files (x86)\Intel\Intel(R) Management Engine Components\IPT;C:\Program Files\Intel\Intel(R) Management Engine Components\IPT;C:\Program Files\nodejs\;C:\WINDOWS\System32\OpenSSH\;C:\Program Files\Intel\WiFi\bin\;C:\Program Files\Common Files\Intel\WirelessCommon\;C:\Program Files\Android\Android Studio\jre\bin;C:\Android\platform-tools;C:\Program Files\Git\cmd;C:\Users\수연\AppData\Local\Microsoft\WindowsApps;C:\Users\수연\AppData\Local\Programs\Python\Python36-32;C:\Users\수연\AppData\Local\atom\bin;C:\Users\수연\AppData\Local\Programs\Python\Python36-32\Scripts;C:\Program Files\Java\jdk-9\bin;C:\Users\수연\AppData\Local\Microsoft\WindowsApps;C:\Users\수연\AppData\Roaming\npm;C:\oracle\instanceclient\instantclient_11_2;C:\Program Files\Intel\WiFi\bin\;C:\Program Files\Common Files\Intel\WirelessCommon\;.] 
2018:06:19 11:34:50.951 INFO  --- [localhost-startStop-1] o.a.c.c.C.[Tomcat].[localhost].[/] : Initializing Spring embedded WebApplicationContext 
2018:06:19 11:34:50.962 INFO  --- [localhost-startStop-1] o.s.web.context.ContextLoader : Root WebApplicationContext: initialization completed in 2845 ms 
2018:06:19 11:34:51.151 INFO  --- [localhost-startStop-1] o.s.b.w.s.ServletRegistrationBean : Servlet dispatcherServlet mapped to [/] 
2018:06:19 11:34:51.167 INFO  --- [localhost-startStop-1] o.s.b.w.s.FilterRegistrationBean : Mapping filter: 'characterEncodingFilter' to: [/*] 
2018:06:19 11:34:51.167 INFO  --- [localhost-startStop-1] o.s.b.w.s.FilterRegistrationBean : Mapping filter: 'hiddenHttpMethodFilter' to: [/*] 
2018:06:19 11:34:51.176 INFO  --- [localhost-startStop-1] o.s.b.w.s.FilterRegistrationBean : Mapping filter: 'httpPutFormContentFilter' to: [/*] 
2018:06:19 11:34:51.177 INFO  --- [localhost-startStop-1] o.s.b.w.s.FilterRegistrationBean : Mapping filter: 'requestContextFilter' to: [/*] 
2018:06:19 11:34:51.437 INFO  --- [main] com.zaxxer.hikari.HikariDataSource : HikariPool-1 - Starting... 
2018:06:19 11:34:52.064 INFO  --- [main] com.zaxxer.hikari.pool.PoolBase : HikariPool-1 - Driver does not support get/set network timeout for connections. (Method oracle/jdbc/driver/T4CConnection.getNetworkTimeout()I is abstract) 
2018:06:19 11:34:52.082 INFO  --- [main] com.zaxxer.hikari.HikariDataSource : HikariPool-1 - Start completed. 
2018:06:19 11:34:52.171 INFO  --- [main] o.s.o.j.LocalContainerEntityManagerFactoryBean : Building JPA container EntityManagerFactory for persistence unit 'default' 
2018:06:19 11:34:52.194 INFO  --- [main] o.h.jpa.internal.util.LogHelper : HHH000204: Processing PersistenceUnitInfo [
	name: default
	...] 
2018:06:19 11:34:52.324 INFO  --- [main] org.hibernate.Version : HHH000412: Hibernate Core {5.2.10.Final} 
2018:06:19 11:34:52.338 INFO  --- [main] org.hibernate.cfg.Environment : HHH000206: hibernate.properties not found 
2018:06:19 11:34:52.412 INFO  --- [main] o.h.annotations.common.Version : HCANN000001: Hibernate Commons Annotations {5.0.1.Final} 
2018:06:19 11:34:52.674 INFO  --- [main] org.hibernate.dialect.Dialect : HHH000400: Using dialect: org.hibernate.dialect.Oracle12cDialect 
2018:06:19 11:34:52.841 INFO  --- [main] o.hibernate.type.BasicTypeRegistry : HHH000270: Type registration [byte[]] overrides previous : org.hibernate.type.BinaryType@670342a2 
2018:06:19 11:34:52.853 INFO  --- [main] o.hibernate.type.BasicTypeRegistry : HHH000270: Type registration [[B] overrides previous : org.hibernate.type.BinaryType@670342a2 
2018:06:19 11:34:52.856 INFO  --- [main] o.hibernate.type.BasicTypeRegistry : HHH000270: Type registration [Byte[]] overrides previous : org.hibernate.type.WrapperBinaryType@14fc9bd 
2018:06:19 11:34:52.856 INFO  --- [main] o.hibernate.type.BasicTypeRegistry : HHH000270: Type registration [[Ljava.lang.Byte;] overrides previous : org.hibernate.type.WrapperBinaryType@14fc9bd 
2018:06:19 11:34:53.076 INFO  --- [main] o.s.o.j.LocalContainerEntityManagerFactoryBean : Initialized JPA EntityManagerFactory for persistence unit 'default' 
2018:06:19 11:34:53.913 INFO  --- [main] o.s.w.s.h.SimpleUrlHandlerMapping : Mapped URL path [/**/favicon.ico] onto handler of type [class org.springframework.web.servlet.resource.ResourceHttpRequestHandler] 
2018:06:19 11:34:54.453 INFO  --- [main] o.s.w.s.m.m.a.RequestMappingHandlerAdapter : Looking for @ControllerAdvice: org.springframework.boot.web.servlet.context.AnnotationConfigServletWebServerApplicationContext@56aaaecd: startup date [Tue Jun 19 11:34:48 KST 2018]; root of context hierarchy 
2018:06:19 11:34:54.545 WARN  --- [main] o.s.b.a.o.j.JpaBaseConfiguration$JpaWebConfiguration$JpaWebMvcConfiguration : spring.jpa.open-in-view is enabled by default. Therefore, database queries may be performed during view rendering. Explicitly configure spring.jpa.open-in-view to disable this warning 
2018:06:19 11:34:54.649 INFO  --- [main] o.s.w.s.m.m.a.RequestMappingHandlerMapping : Mapped "{[/toma/admin/login],methods=[POST]}" onto public shop.choi.admin.model.Admin shop.choi.admin.controller.AdminController.adminlogin(shop.choi.admin.model.Admin) 
2018:06:19 11:34:54.666 INFO  --- [main] o.s.w.s.m.m.a.RequestMappingHandlerMapping : Mapped "{[/toma/admin/],methods=[POST]}" onto public int shop.choi.admin.controller.AdminController.deleteAdmin(shop.choi.admin.model.Admin) 
2018:06:19 11:34:54.669 INFO  --- [main] o.s.w.s.m.m.a.RequestMappingHandlerMapping : Mapped "{[/toma/admin/{a_id}],methods=[DELETE]}" onto public int shop.choi.admin.controller.AdminController.deleteProductQna(java.lang.String) 
2018:06:19 11:34:54.685 INFO  --- [main] o.s.w.s.m.m.a.RequestMappingHandlerMapping : Mapped "{[/toma/admin/],methods=[GET]}" onto public java.util.List shop.choi.admin.controller.AdminController.getAdminList() 
2018:06:19 11:34:54.686 INFO  --- [main] o.s.w.s.m.m.a.RequestMappingHandlerMapping : Mapped "{[/toma/admin/],methods=[PUT]}" onto public int shop.choi.admin.controller.AdminController.updateAdmin(shop.choi.admin.model.Admin) 
2018:06:19 11:34:54.703 INFO  --- [main] o.s.w.s.m.m.a.RequestMappingHandlerMapping : Mapped "{[/toma/admin/files/{filename:.+}],methods=[GET]}" onto public org.springframework.http.ResponseEntity<org.springframework.core.io.Resource> shop.choi.admin.controller.UploadController.getFile(java.lang.String) 
2018:06:19 11:34:54.705 INFO  --- [main] o.s.w.s.m.m.a.RequestMappingHandlerMapping : Mapped "{[/toma/admin/img],methods=[GET]}" onto public org.springframework.http.ResponseEntity<java.util.List<java.lang.String>> shop.choi.admin.controller.UploadController.getListFiles(org.springframework.ui.Model) 
2018:06:19 11:34:54.707 INFO  --- [main] o.s.w.s.m.m.a.RequestMappingHandlerMapping : Mapped "{[/toma/admin/img],methods=[POST]}" onto public org.springframework.http.ResponseEntity<java.lang.String> shop.choi.admin.controller.UploadController.handleFileUpload(org.springframework.web.multipart.MultipartFile) 
2018:06:19 11:34:54.710 INFO  --- [main] o.s.w.s.m.m.a.RequestMappingHandlerMapping : Mapped "{[/toma/login/],methods=[POST]}" onto public shop.kim.login.model.User shop.kim.login.LoginController.login(shop.kim.login.model.Login) 
2018:06:19 11:34:54.724 INFO  --- [main] o.s.w.s.m.m.a.RequestMappingHandlerMapping : Mapped "{[/toma/login/user/list],methods=[GET]}" onto public shop.kim.login.model.User shop.kim.login.LoginController.getUser() 
2018:06:19 11:34:54.730 INFO  --- [main] o.s.w.s.m.m.a.RequestMappingHandlerMapping : Mapped "{[/toma/cart/],methods=[POST]}" onto int shop.kim.order.CartController.cartInsert(shop.kim.order.model.Cart) 
2018:06:19 11:34:54.732 INFO  --- [main] o.s.w.s.m.m.a.RequestMappingHandlerMapping : Mapped "{[/toma/cart/{uid}],methods=[GET]}" onto java.util.ArrayList<shop.kim.order.model.Cart> shop.kim.order.CartController.carList(java.lang.String) 
2018:06:19 11:34:54.734 INFO  --- [main] o.s.w.s.m.m.a.RequestMappingHandlerMapping : Mapped "{[/toma/cart/goOrderWrite],methods=[PUT]}" onto java.util.ArrayList<shop.kim.order.model.Cart> shop.kim.order.CartController.orderWriteList(int[]) 
2018:06:19 11:34:54.736 INFO  --- [main] o.s.w.s.m.m.a.RequestMappingHandlerMapping : Mapped "{[/toma/cart/{cno}],methods=[DELETE]}" onto int shop.kim.order.CartController.cartDelete(int) 
2018:06:19 11:34:54.738 INFO  --- [main] o.s.w.s.m.m.a.RequestMappingHandlerMapping : Mapped "{[/toma/cart/],methods=[PUT]}" onto int shop.kim.order.CartController.cartUpdate(shop.kim.order.model.Cart) 
2018:06:19 11:34:54.753 INFO  --- [main] o.s.w.s.m.m.a.RequestMappingHandlerMapping : Mapped "{[/toma/order/],methods=[GET]}" onto java.util.ArrayList<shop.kim.order.model.Order> shop.kim.order.OrderController.getAllorderList() 
2018:06:19 11:34:54.757 INFO  --- [main] o.s.w.s.m.m.a.RequestMappingHandlerMapping : Mapped "{[/toma/order/delete/{ono}],methods=[DELETE]}" onto int shop.kim.order.OrderController.orderInsert(int) 
2018:06:19 11:34:54.772 INFO  --- [main] o.s.w.s.m.m.a.RequestMappingHandlerMapping : Mapped "{[/toma/order/insert/detail],methods=[POST]}" onto void shop.kim.order.OrderController.orderInsertDetail(java.util.ArrayList<shop.kim.order.model.Order_Detail>) 
2018:06:19 11:34:54.774 INFO  --- [main] o.s.w.s.m.m.a.RequestMappingHandlerMapping : Mapped "{[/toma/order/{uid}],methods=[GET]}" onto java.util.ArrayList<shop.kim.order.model.Order> shop.kim.order.OrderController.orderList(java.lang.String) 
2018:06:19 11:34:54.783 INFO  --- [main] o.s.w.s.m.m.a.RequestMappingHandlerMapping : Mapped "{[/toma/order/],methods=[PUT]}" onto public int shop.kim.order.OrderController.updateOrder(shop.kim.order.model.Order) 
2018:06:19 11:34:54.784 INFO  --- [main] o.s.w.s.m.m.a.RequestMappingHandlerMapping : Mapped "{[/toma/order/cancle],methods=[PUT]}" onto public int shop.kim.order.OrderController.cancleOrder(int) 
2018:06:19 11:34:54.785 INFO  --- [main] o.s.w.s.m.m.a.RequestMappingHandlerMapping : Mapped "{[/toma/order/insert/order],methods=[POST]}" onto int shop.kim.order.OrderController.orderInsertOrder(shop.kim.order.model.Order) 
2018:06:19 11:34:54.787 INFO  --- [main] o.s.w.s.m.m.a.RequestMappingHandlerMapping : Mapped "{[/toma/order/orderdetail/delete/{odno}],methods=[DELETE]}" onto int shop.kim.order.OrderController.orderDetailInsert(int) 
2018:06:19 11:34:54.789 INFO  --- [main] o.s.w.s.m.m.a.RequestMappingHandlerMapping : Mapped "{[/toma/order/orderdetail/{ono}],methods=[GET]}" onto java.util.ArrayList<shop.kim.order.model.Order_Detail> shop.kim.order.OrderController.orderDetailList(int) 
2018:06:19 11:34:54.791 INFO  --- [main] o.s.w.s.m.m.a.RequestMappingHandlerMapping : Mapped "{[/toma/join/],methods=[POST]}" onto public int shop.lee.join.JoinController.NewUser(shop.kim.login.model.User) 
2018:06:19 11:34:54.794 INFO  --- [main] o.s.w.s.m.m.a.RequestMappingHandlerMapping : Mapped "{[/toma/user/Update],methods=[PUT]}" onto public org.springframework.http.ResponseEntity<shop.kim.login.model.User> shop.lee.user.UserController.updateUser(shop.kim.login.model.User) 
2018:06:19 11:34:54.795 INFO  --- [main] o.s.w.s.m.m.a.RequestMappingHandlerMapping : Mapped "{[/toma/user/findID/],methods=[POST]}" onto public shop.kim.login.model.User shop.lee.user.UserController.FindUserID(shop.kim.login.model.User) 
2018:06:19 11:34:54.797 INFO  --- [main] o.s.w.s.m.m.a.RequestMappingHandlerMapping : Mapped "{[/toma/user/findPW/],methods=[POST]}" onto public shop.kim.login.model.User shop.lee.user.UserController.FindUserPW(shop.kim.login.model.User) 
2018:06:19 11:34:54.808 INFO  --- [main] o.s.w.s.m.m.a.RequestMappingHandlerMapping : Mapped "{[/toma/qna/list/{u_id}],methods=[GET]}" onto public java.util.List<shop.park.model.Qna> shop.park.MainController.listAllQna(java.lang.String) 
2018:06:19 11:34:54.810 INFO  --- [main] o.s.w.s.m.m.a.RequestMappingHandlerMapping : Mapped "{[/toma/faq/{f_category}],methods=[GET]}" onto public java.util.List<shop.park.model.Faq> shop.park.MainController.getByFaqCategory(java.lang.String) 
2018:06:19 11:34:54.811 INFO  --- [main] o.s.w.s.m.m.a.RequestMappingHandlerMapping : Mapped "{[/toma/faq],methods=[GET]}" onto public java.util.List<shop.park.model.Faq> shop.park.MainController.listAllFaq() 
2018:06:19 11:34:54.813 INFO  --- [main] o.s.w.s.m.m.a.RequestMappingHandlerMapping : Mapped "{[/toma/detail/faq/{f_no}],methods=[PUT]}" onto public org.springframework.http.ResponseEntity<?> shop.park.MainController.incrementFaqHits(long,shop.park.model.Faq) 
2018:06:19 11:34:54.818 INFO  --- [main] o.s.w.s.m.m.a.RequestMappingHandlerMapping : Mapped "{[/toma/product],methods=[POST]}" onto public org.springframework.http.ResponseEntity<?> shop.park.MainController.insertProduct(shop.park.model.Products,org.springframework.web.util.UriComponentsBuilder) 
2018:06:19 11:34:54.832 INFO  --- [main] o.s.w.s.m.m.a.RequestMappingHandlerMapping : Mapped "{[/toma/product/{p_code}],methods=[DELETE]}" onto public org.springframework.http.ResponseEntity<?> shop.park.MainController.deleteProduct(java.lang.String) 
2018:06:19 11:34:54.834 INFO  --- [main] o.s.w.s.m.m.a.RequestMappingHandlerMapping : Mapped "{[/toma/detail/product/{p_code}],methods=[GET]}" onto public shop.park.model.Products shop.park.MainController.getByProductsCode(java.lang.String) 
2018:06:19 11:34:54.835 INFO  --- [main] o.s.w.s.m.m.a.RequestMappingHandlerMapping : Mapped "{[/toma],methods=[GET]}" onto public java.util.List<shop.park.model.Products> shop.park.MainController.listAllProducts() 
2018:06:19 11:34:54.836 INFO  --- [main] o.s.w.s.m.m.a.RequestMappingHandlerMapping : Mapped "{[/toma/product/{p_kind}],methods=[GET]}" onto public java.util.List<shop.park.model.Products> shop.park.MainController.getByProductsKind(java.lang.String) 
2018:06:19 11:34:54.837 INFO  --- [main] o.s.w.s.m.m.a.RequestMappingHandlerMapping : Mapped "{[/toma/notice],methods=[GET]}" onto public java.util.List<shop.park.model.Notice> shop.park.MainController.listAllNotices() 
2018:06:19 11:34:54.837 INFO  --- [main] o.s.w.s.m.m.a.RequestMappingHandlerMapping : Mapped "{[/toma/product/{p_code}],methods=[PUT]}" onto public org.springframework.http.ResponseEntity<?> shop.park.MainController.updateProduct(java.lang.String,shop.park.model.Products) 
2018:06:19 11:34:54.838 INFO  --- [main] o.s.w.s.m.m.a.RequestMappingHandlerMapping : Mapped "{[/toma/notice/{n_category}],methods=[GET]}" onto public java.util.List<shop.park.model.Notice> shop.park.MainController.getByNoticeCategory(java.lang.String) 
2018:06:19 11:34:54.839 INFO  --- [main] o.s.w.s.m.m.a.RequestMappingHandlerMapping : Mapped "{[/toma/qna/search/{q_title}],methods=[GET]}" onto public java.util.List<shop.park.model.Qna> shop.park.MainController.getByQnaTitleSearch(java.lang.String) 
2018:06:19 11:34:54.840 INFO  --- [main] o.s.w.s.m.m.a.RequestMappingHandlerMapping : Mapped "{[/toma/detail/notice/{n_no}],methods=[PUT]}" onto public org.springframework.http.ResponseEntity<?> shop.park.MainController.incrementNoticeHits(long,shop.park.model.Notice) 
2018:06:19 11:34:54.840 INFO  --- [main] o.s.w.s.m.m.a.RequestMappingHandlerMapping : Mapped "{[/toma/notice/search/{n_title}],methods=[GET]}" onto public java.util.List<shop.park.model.Notice> shop.park.MainController.getByNoticeTitleSearch(java.lang.String) 
2018:06:19 11:34:54.841 INFO  --- [main] o.s.w.s.m.m.a.RequestMappingHandlerMapping : Mapped "{[/toma/faq/search/{f_title}],methods=[GET]}" onto public java.util.List<shop.park.model.Faq> shop.park.MainController.getByFaqTitleSearch(java.lang.String) 
2018:06:19 11:34:54.842 INFO  --- [main] o.s.w.s.m.m.a.RequestMappingHandlerMapping : Mapped "{[/toma/admin/qna/list],methods=[GET]}" onto public java.util.List<shop.park.model.Qna> shop.park.MainController.adminGetlistAllQna() 
2018:06:19 11:34:54.842 INFO  --- [main] o.s.w.s.m.m.a.RequestMappingHandlerMapping : Mapped "{[/toma/qna/update/{q_no}],methods=[PUT]}" onto public org.springframework.http.ResponseEntity<?> shop.park.MainController.updateQna(long,shop.park.model.Qna) 
2018:06:19 11:34:54.843 INFO  --- [main] o.s.w.s.m.m.a.RequestMappingHandlerMapping : Mapped "{[/toma/qna/{q_no}],methods=[DELETE]}" onto public org.springframework.http.ResponseEntity<?> shop.park.MainController.deleteQna(long) 
2018:06:19 11:34:54.844 INFO  --- [main] o.s.w.s.m.m.a.RequestMappingHandlerMapping : Mapped "{[/toma/qna/write],methods=[POST]}" onto public org.springframework.http.ResponseEntity<?> shop.park.MainController.insertQna(shop.park.model.Qna,org.springframework.web.util.UriComponentsBuilder) 
2018:06:19 11:34:54.844 INFO  --- [main] o.s.w.s.m.m.a.RequestMappingHandlerMapping : Mapped "{[/toma/qna/{q_reply}],methods=[GET]}" onto public java.util.List<shop.park.model.Qna> shop.park.MainController.getByQnaReply(java.lang.String) 
2018:06:19 11:34:54.845 INFO  --- [main] o.s.w.s.m.m.a.RequestMappingHandlerMapping : Mapped "{[/toma/detail/qna/{q_no}],methods=[GET]}" onto public shop.park.model.Qna shop.park.MainController.getByQnaNo(long) 
2018:06:19 11:34:54.847 INFO  --- [main] o.s.w.s.m.m.a.RequestMappingHandlerMapping : Mapped "{[/toma/productqna/{u_id}],methods=[DELETE]}" onto public int shop.son.productqna.controller.ProductQnaController.deleteProductQna(java.lang.String) 
2018:06:19 11:34:54.848 INFO  --- [main] o.s.w.s.m.m.a.RequestMappingHandlerMapping : Mapped "{[/toma/productqna/{p_code}],methods=[GET]}" onto public java.util.List<shop.son.productqna.model.ProductQna> shop.son.productqna.controller.ProductQnaController.listAllProductQna(java.lang.String) 
2018:06:19 11:34:54.848 INFO  --- [main] o.s.w.s.m.m.a.RequestMappingHandlerMapping : Mapped "{[/toma/productqna/{u_id}],methods=[POST]}" onto public int shop.son.productqna.controller.ProductQnaController.updateProductQna(java.lang.String) 
2018:06:19 11:34:54.849 INFO  --- [main] o.s.w.s.m.m.a.RequestMappingHandlerMapping : Mapped "{[/toma/productqna/],methods=[POST]}" onto public int shop.son.productqna.controller.ProductQnaController.insertProductQna(shop.son.productqna.model.ProductQna) 
2018:06:19 11:34:54.855 INFO  --- [main] o.s.w.s.m.m.a.RequestMappingHandlerMapping : Mapped "{[/toma/review/{u_id}],methods=[DELETE]}" onto public int shop.son.review.controller.ReviewController.deleteReview(java.lang.String) 
2018:06:19 11:34:54.856 INFO  --- [main] o.s.w.s.m.m.a.RequestMappingHandlerMapping : Mapped "{[/toma/review/{p_code}],methods=[GET]}" onto public java.util.List<shop.son.review.model.Review> shop.son.review.controller.ReviewController.listAllReviews(java.lang.String) throws shop.son.review.exception.ReviewNotFoundException 
2018:06:19 11:34:54.857 INFO  --- [main] o.s.w.s.m.m.a.RequestMappingHandlerMapping : Mapped "{[/toma/review/{u_id}],methods=[POST]}" onto public int shop.son.review.controller.ReviewController.updateReview(java.lang.String) 
2018:06:19 11:34:54.857 INFO  --- [main] o.s.w.s.m.m.a.RequestMappingHandlerMapping : Mapped "{[/toma/review/],methods=[POST]}" onto public int shop.son.review.controller.ReviewController.insertReview(shop.son.review.model.Review) 
2018:06:19 11:34:54.864 INFO  --- [main] o.s.w.s.m.m.a.RequestMappingHandlerMapping : Mapped "{[/error]}" onto public org.springframework.http.ResponseEntity<java.util.Map<java.lang.String, java.lang.Object>> org.springframework.boot.autoconfigure.web.servlet.error.BasicErrorController.error(javax.servlet.http.HttpServletRequest) 
2018:06:19 11:34:54.865 INFO  --- [main] o.s.w.s.m.m.a.RequestMappingHandlerMapping : Mapped "{[/error],produces=[text/html]}" onto public org.springframework.web.servlet.ModelAndView org.springframework.boot.autoconfigure.web.servlet.error.BasicErrorController.errorHtml(javax.servlet.http.HttpServletRequest,javax.servlet.http.HttpServletResponse) 
2018:06:19 11:34:54.904 INFO  --- [main] o.s.w.s.h.SimpleUrlHandlerMapping : Mapped URL path [/webjars/**] onto handler of type [class org.springframework.web.servlet.resource.ResourceHttpRequestHandler] 
2018:06:19 11:34:54.904 INFO  --- [main] o.s.w.s.h.SimpleUrlHandlerMapping : Mapped URL path [/**] onto handler of type [class org.springframework.web.servlet.resource.ResourceHttpRequestHandler] 
2018:06:19 11:34:55.466 INFO  --- [main] o.s.j.e.a.AnnotationMBeanExporter : Registering beans for JMX exposure on startup 
2018:06:19 11:34:55.470 INFO  --- [main] o.s.j.e.a.AnnotationMBeanExporter : Bean with name 'dataSource' has been autodetected for JMX exposure 
2018:06:19 11:34:55.484 INFO  --- [main] o.s.j.e.a.AnnotationMBeanExporter : Located MBean 'dataSource': registering with JMX server as MBean [com.zaxxer.hikari:name=dataSource,type=HikariDataSource] 
2018:06:19 11:34:55.567 INFO  --- [main] o.s.b.w.e.tomcat.TomcatWebServer : Tomcat started on port(s): 8080 (http) with context path '' 
2018:06:19 11:34:55.580 INFO  --- [main] shop.ShoppingMallApiApplication : Started ShoppingMallApiApplication in 8.136 seconds (JVM running for 10.88) 
2018:06:19 11:35:43.486 INFO  --- [http-nio-8080-exec-1] o.a.c.c.C.[Tomcat].[localhost].[/] : Initializing Spring FrameworkServlet 'dispatcherServlet' 
2018:06:19 11:35:43.501 INFO  --- [http-nio-8080-exec-1] o.s.web.servlet.DispatcherServlet : FrameworkServlet 'dispatcherServlet': initialization started 
2018:06:19 11:35:43.544 INFO  --- [http-nio-8080-exec-1] o.s.web.servlet.DispatcherServlet : FrameworkServlet 'dispatcherServlet': initialization completed in 43 ms 
2018:06:19 11:35:43.762 INFO  --- [http-nio-8080-exec-1] shop.park.MainController : Select All Products 
2018:06:19 11:35:43.918 INFO  --- [http-nio-8080-exec-1] jdbc.resultsettable : 
|-------|------------|--------|--------|--------|------------|---------|------------------------------------|-------|----------------------|
|p_code |p_name      |p_count |p_kind  |p_price |p_sellprice |p_profit |p_content                           |p_img  |p_date                |
|-------|------------|--------|--------|--------|------------|---------|------------------------------------|-------|----------------------|
|SN0008 |콩절미         |20      |Snack   |1000    |2000        |1000     |튀기지 않고 구웠다! 고소함과 담백함이 가득한 맛있는 건강스낵  |SN0005 |2018-06-13 00:00:00.0 |
|SN0006 |브라운라이스소울    |20      |Bakery  |1000    |1500        |500      |#현미시리얼 #착한탄수화물                      |SN0006 |2018-06-11 00:00:00.0 |
|SN0005 |벨랑슈 아이스크림   |20      |Snack   |3000    |3500        |500      |고단백 저칼로리 아이스크림                      |SN0007 |2018-06-11 00:00:00.0 |
|SN0004 |미스터 리치쿠키    |20      |Snack   |4800    |7800        |3000     |마음까지 사르르 녹아내리는 미스터 리치 쿠키            |SN0004 |2018-06-11 00:00:00.0 |
|SN0003 |포코로코 또띠아롤칩  |20      |Snack   |2000    |3000        |1000     |부드럽고 고소한 치즈맛                        |SN0003 |2018-06-11 00:00:00.0 |
|SN0002 |포코로코 또띠아롤칩  |20      |Snack   |2000    |3000        |1000     |상큼한 토마토맛                            |SN0002 |2018-06-11 00:00:00.0 |
|SN0001 |포코로코 또띠아롤칩  |20      |Snack   |2000    |3000        |1000     |화끈 매콤한 고추맛                          |SN0001 |2018-06-11 00:00:00.0 |
|S0002  |쿠키스프레드      |20      |Snack   |2000    |8500        |6500     |바삭바삭한 쿠키와 부드러운 밀크의 완벽한 달콤함.         |S0002  |2018-06-07 00:00:00.0 |
|S0001  |인절미스프레드     |20      |Sauce   |2000    |8500        |6500     |콩의 고소함과 찹쌀의 쫀득함을 그대로 살린 달콤함.        |S0001  |2018-06-07 00:00:00.0 |
|I0007  |감바스 알 아히요   |20      |Instant |10000   |17000       |7000     |은은한 마늘향의 스페인식 새우요리                  |I0007  |2018-06-11 00:00:00.0 |
|I0006  |너의 반찬 연어장   |20      |Instant |8000    |11000       |3000     |부드러운 식감과 윤기도는 색감!                   |I0006  |2018-06-11 00:00:00.0 |
|I0005  |하우촌 냉면      |20      |Instant |3000    |7000        |4000     |개별포장 되어있는 시원~한 비냉                   |I0005  |2018-06-11 00:00:00.0 |
|I0004  |너의반찬 깐새우장   |20      |Instant |8000    |12000       |4000     |짜지 않고 까지 않고 바로먹는 간장새우장              |I0004  |2018-06-11 00:00:00.0 |
|I0003  |곤약리조또       |20      |Instant |3000    |7000        |4000     |다가오는 여름, 성공을 부르는 든든하고 맛있는 초간편 한끼!   |I0003  |2018-06-11 00:00:00.0 |
|I0002  |치킨 티카 마살라   |20      |Instant |13000   |23000       |10000    |부드러운 감칠맛이 일품인 영국식 정통커리              |I0002  |2018-06-11 00:00:00.0 |
|I0001  |치킨 알프레도 파스타 |20      |Instant |9000    |19000       |10000    |고소한 프랑스산 생크림과 최고급 치즈를 솔솔 뿌린 크림 파스타  |I0001  |2018-06-11 00:00:00.0 |
|D0009  |달콩두유        |20      |Drink   |2500    |5000        |2500     |#포만감가득 #단백질보충 #통째로갈아만든통두유           |D0009  |2018-06-11 00:00:00.0 |
|D0008  |토모마스사이다 5종  |20      |Drink   |4000    |12000       |8000     |상큼한 과일향 사이다                         |D0008  |2018-06-11 00:00:00.0 |
|D0007  |숙취없는 꽐라만시   |20      |Drink   |4000    |6000        |2000     |소주/탄산수에 타먹는 깔라만시!                   |D0007  |2018-06-11 00:00:00.0 |
|D0006  |미쉐프 퐁당빠진레몬  |20      |Drink   |1000    |1300        |300      |촉촉해지고싶다면, 오늘부터 하루한봉!                |D0006  |2018-06-11 00:00:00.0 |
|B0008  |우유앙버터       |20      |Bakery  |3500    |9500        |6000     |촉촉하고 연한 우유 식빵에 단팥과 버터가 쏙!           |B0008  |2018-06-11 00:00:00.0 |
|B0007  |초코크레페       |20      |Bakery  |10000   |20000       |10000    |꾸덕한 초코크림에 달콤한 초코칩이 콕콕 박힌 초코의 맛      |B0007  |2018-06-11 00:00:00.0 |
|B0006  |밀크크레페케이크    |20      |Bakery  |10000   |20000       |10000    |디프로메다크림을 샌드한 오리지널 맛                 |B0006  |2018-06-11 00:00:00.0 |
|B0005  |딸기치즈케이크     |20      |Bakery  |11000   |32000       |21000    |입안 가득 퍼지는 크림치즈와 상큼한 딸기과육의 조화!       |B0005  |2018-06-11 00:00:00.0 |
|B0004  |쿠키치즈케이크     |20      |Bakery  |11000   |32000       |21000    |쿠키의 달콤함과 까망베르 치즈의 진한 풍미를 살린 마성의 케이크 |B0004  |2018-06-11 00:00:00.0 |
|B0003  |푸시팝케이크      |20      |Bakery  |2000    |5000        |3000     |한입씩 쏙쏙! 포크없이 밀어먹는 푸시팝케이크            |B0003  |2018-06-11 00:00:00.0 |
|B0002  |그랑마블 마블데니쉬  |20      |Bakery  |4000    |8000        |4000     |쫄깃한 81겹의 결이 살아있는 식빵                 |B0002  |2018-06-11 00:00:00.0 |
|B0001  |티라미수        |20      |Bakery  |1500    |6500        |5000     |줄서먹는 익선동 핫플레이스 티라미수                 |B0001  |2018-06-11 00:00:00.0 |
|-------|------------|--------|--------|--------|------------|---------|------------------------------------|-------|----------------------|
 
2018:06:19 11:38:57.193 INFO  --- [http-nio-8080-exec-6] jdbc.resultsettable : 
|------|------------|---------|-----------|---------|-----------|--------|-------|-----|--------|
|pq_no |pq_category |pq_title |pq_content |pq_reply |pq_replyyn |pq_hits |p_code |u_id |pq_date |
|------|------------|---------|-----------|---------|-----------|--------|-------|-----|--------|
|------|------------|---------|-----------|---------|-----------|--------|-------|-----|--------|
 
2018:06:19 11:38:57.196 INFO  --- [http-nio-8080-exec-7] jdbc.resultsettable : 
|-------|----------|------------|---------|-------|-----|---------|
|rev_no |rev_title |rev_content |rev_hits |p_code |u_id |rev_date |
|-------|----------|------------|---------|-------|-----|---------|
|-------|----------|------------|---------|-------|-----|---------|
 
2018:06:19 11:42:23.763 INFO  --- [http-nio-8080-exec-10] jdbc.resultsettable : 
|-------|----------|------------|---------|-------|-----|---------|
|rev_no |rev_title |rev_content |rev_hits |p_code |u_id |rev_date |
|-------|----------|------------|---------|-------|-----|---------|
|-------|----------|------------|---------|-------|-----|---------|
 
2018:06:19 11:47:09.939 INFO  --- [http-nio-8080-exec-3] shop.park.MainController : Select All Notices 
2018:06:19 11:47:09.960 INFO  --- [http-nio-8080-exec-3] jdbc.resultsettable : 
|-----|-----------|-----------|----------|------|-------|----------------------|
|n_no |n_category |n_title    |n_content |a_id  |n_hits |n_date                |
|-----|-----------|-----------|----------|------|-------|----------------------|
|1    |공지         |6월 공지사항입니다 |냉무        |admin |224    |2018-06-04 00:00:00.0 |
|-----|-----------|-----------|----------|------|-------|----------------------|
 
2018:06:19 11:47:12.457 INFO  --- [http-nio-8080-exec-4] shop.park.MainController : Increment Notice by n_no1 
2018:06:19 11:47:12.480 INFO  --- [http-nio-8080-exec-4] jdbc.resultsettable : 
|-----|-----------|-----------|----------|------|-------|----------------------|
|n_no |n_category |n_title    |n_content |a_id  |n_hits |n_date                |
|-----|-----------|-----------|----------|------|-------|----------------------|
|1    |공지         |6월 공지사항입니다 |냉무        |admin |224    |2018-06-04 00:00:00.0 |
|-----|-----------|-----------|----------|------|-------|----------------------|
 
2018:06:19 11:47:13.693 INFO  --- [http-nio-8080-exec-5] shop.park.MainController : Select All Notices 
2018:06:19 11:47:13.715 INFO  --- [http-nio-8080-exec-5] jdbc.resultsettable : 
|-----|-----------|-----------|----------|------|-------|----------------------|
|n_no |n_category |n_title    |n_content |a_id  |n_hits |n_date                |
|-----|-----------|-----------|----------|------|-------|----------------------|
|1    |공지         |6월 공지사항입니다 |냉무        |admin |225    |2018-06-04 00:00:00.0 |
|-----|-----------|-----------|----------|------|-------|----------------------|
 
2018:06:19 11:47:20.732 INFO  --- [http-nio-8080-exec-6] shop.park.MainController : Select All Faq 
2018:06:19 11:47:20.754 INFO  --- [http-nio-8080-exec-6] jdbc.resultsettable : 
|-----|-----------|------------------------|-------------------------|------|-------|----------------------|
|f_no |f_category |f_title                 |f_content                |a_id  |f_hits |f_date                |
|-----|-----------|------------------------|-------------------------|------|-------|----------------------|
|1    |배송         |제가 해외에 사는데 해외배송도 해주시나요? |저희 토마토마는 해외배송은 해드리지 않습니다 |admin |103    |2018-06-04 00:00:00.0 |
|-----|-----------|------------------------|-------------------------|------|-------|----------------------|
 
2018:06:19 13:28:17.309 INFO  --- [http-nio-8080-exec-8] jdbc.resultsettable : 
|-------|----------|------------|---------|-------|-----|---------|
|rev_no |rev_title |rev_content |rev_hits |p_code |u_id |rev_date |
|-------|----------|------------|---------|-------|-----|---------|
|-------|----------|------------|---------|-------|-----|---------|
 
2018:06:19 13:28:18.254 WARN  --- [HikariPool-1 housekeeper] com.zaxxer.hikari.pool.HikariPool : HikariPool-1 - Thread starvation or clock leap detected (housekeeper delta=1h25m55s992ms287µs898ns). 
2018:06:19 13:28:23.917 INFO  --- [http-nio-8080-exec-9] jdbc.resultsettable : 
|-------|----------|------------|---------|-------|-----|---------|
|rev_no |rev_title |rev_content |rev_hits |p_code |u_id |rev_date |
|-------|----------|------------|---------|-------|-----|---------|
|-------|----------|------------|---------|-------|-----|---------|
 
2018:06:19 13:28:25.893 INFO  --- [http-nio-8080-exec-10] shop.park.MainController : Select All Faq 
2018:06:19 13:28:25.910 INFO  --- [http-nio-8080-exec-10] jdbc.resultsettable : 
|-----|-----------|------------------------|-------------------------|------|-------|----------------------|
|f_no |f_category |f_title                 |f_content                |a_id  |f_hits |f_date                |
|-----|-----------|------------------------|-------------------------|------|-------|----------------------|
|1    |배송         |제가 해외에 사는데 해외배송도 해주시나요? |저희 토마토마는 해외배송은 해드리지 않습니다 |admin |103    |2018-06-04 00:00:00.0 |
|-----|-----------|------------------------|-------------------------|------|-------|----------------------|
 
2018:06:19 13:28:31.771 INFO  --- [http-nio-8080-exec-1] jdbc.resultsettable : 
|-------|----------|------------|---------|-------|-----|---------|
|rev_no |rev_title |rev_content |rev_hits |p_code |u_id |rev_date |
|-------|----------|------------|---------|-------|-----|---------|
|-------|----------|------------|---------|-------|-----|---------|
 
2018:06:19 13:29:21.189 INFO  --- [http-nio-8080-exec-3] jdbc.resultsettable : 
|-------|----------|------------|---------|-------|-----|---------|
|rev_no |rev_title |rev_content |rev_hits |p_code |u_id |rev_date |
|-------|----------|------------|---------|-------|-----|---------|
|-------|----------|------------|---------|-------|-----|---------|
 
2018:06:19 13:29:57.537 INFO  --- [http-nio-8080-exec-2] jdbc.resultsettable : 
|-------|----------|------------|---------|-------|-----|---------|
|rev_no |rev_title |rev_content |rev_hits |p_code |u_id |rev_date |
|-------|----------|------------|---------|-------|-----|---------|
|-------|----------|------------|---------|-------|-----|---------|
 
2018:06:19 13:30:20.072 INFO  --- [http-nio-8080-exec-4] jdbc.resultsettable : 
|-------|----------|------------|---------|-------|-----|---------|
|rev_no |rev_title |rev_content |rev_hits |p_code |u_id |rev_date |
|-------|----------|------------|---------|-------|-----|---------|
|-------|----------|------------|---------|-------|-----|---------|
 
2018:06:19 13:30:33.803 INFO  --- [http-nio-8080-exec-5] jdbc.resultsettable : 
|-------|----------|------------|---------|-------|-----|---------|
|rev_no |rev_title |rev_content |rev_hits |p_code |u_id |rev_date |
|-------|----------|------------|---------|-------|-----|---------|
|-------|----------|------------|---------|-------|-----|---------|
 
2018:06:19 13:30:53.377 INFO  --- [http-nio-8080-exec-6] jdbc.resultsettable : 
|-------|----------|------------|---------|-------|-----|---------|
|rev_no |rev_title |rev_content |rev_hits |p_code |u_id |rev_date |
|-------|----------|------------|---------|-------|-----|---------|
|-------|----------|------------|---------|-------|-----|---------|
 
2018:06:19 13:31:29.866 INFO  --- [http-nio-8080-exec-7] jdbc.resultsettable : 
|-------|----------|------------|---------|-------|-----|---------|
|rev_no |rev_title |rev_content |rev_hits |p_code |u_id |rev_date |
|-------|----------|------------|---------|-------|-----|---------|
|-------|----------|------------|---------|-------|-----|---------|
 
2018:06:19 13:31:55.310 INFO  --- [http-nio-8080-exec-8] jdbc.resultsettable : 
|-------|----------|------------|---------|-------|-----|---------|
|rev_no |rev_title |rev_content |rev_hits |p_code |u_id |rev_date |
|-------|----------|------------|---------|-------|-----|---------|
|-------|----------|------------|---------|-------|-----|---------|
 
2018:06:19 13:36:46.940 INFO  --- [http-nio-8080-exec-10] jdbc.resultsettable : 
|-------|----------|------------|---------|-------|-----|---------|
|rev_no |rev_title |rev_content |rev_hits |p_code |u_id |rev_date |
|-------|----------|------------|---------|-------|-----|---------|
|-------|----------|------------|---------|-------|-----|---------|
 
2018:06:19 13:38:49.554 INFO  --- [http-nio-8080-exec-3] jdbc.resultsettable : 
|-------|----------|------------|---------|-------|-----|---------|
|rev_no |rev_title |rev_content |rev_hits |p_code |u_id |rev_date |
|-------|----------|------------|---------|-------|-----|---------|
|-------|----------|------------|---------|-------|-----|---------|
 
2018:06:19 13:39:21.603 INFO  --- [http-nio-8080-exec-2] jdbc.resultsettable : 
|-------|----------|------------|---------|-------|-----|---------|
|rev_no |rev_title |rev_content |rev_hits |p_code |u_id |rev_date |
|-------|----------|------------|---------|-------|-----|---------|
|-------|----------|------------|---------|-------|-----|---------|
 
2018:06:19 13:39:48.141 INFO  --- [http-nio-8080-exec-4] jdbc.resultsettable : 
|-------|----------|------------|---------|-------|-----|----------------------|
|rev_no |rev_title |rev_content |rev_hits |p_code |u_id |rev_date              |
|-------|----------|------------|---------|-------|-----|----------------------|
|2      |만족합니다^^   |입에서 살살 녹아요! |86       |B0001  |csc  |2018-06-12 00:00:00.0 |
|-------|----------|------------|---------|-------|-----|----------------------|
 
2018:06:19 13:39:52.540 INFO  --- [http-nio-8080-exec-5] jdbc.resultsettable : 
|-------|----------|------------|---------|-------|-----|----------------------|
|rev_no |rev_title |rev_content |rev_hits |p_code |u_id |rev_date              |
|-------|----------|------------|---------|-------|-----|----------------------|
|2      |만족합니다^^   |입에서 살살 녹아요! |86       |B0001  |csc  |2018-06-12 00:00:00.0 |
|-------|----------|------------|---------|-------|-----|----------------------|
 
2018:06:19 13:47:03.136 INFO  --- [http-nio-8080-exec-7] shop.park.MainController : Select All Products 
2018:06:19 13:47:03.170 INFO  --- [http-nio-8080-exec-7] jdbc.resultsettable : 
|-------|------------|--------|--------|--------|------------|---------|------------------------------------|-------|----------------------|
|p_code |p_name      |p_count |p_kind  |p_price |p_sellprice |p_profit |p_content                           |p_img  |p_date                |
|-------|------------|--------|--------|--------|------------|---------|------------------------------------|-------|----------------------|
|SN0008 |콩절미         |10      |Snack   |1000    |2000        |1000     |튀기지 않고 구웠다! 고소함과 담백함이 가득한 맛있는 건강스낵  |SN0005 |2018-06-13 00:00:00.0 |
|SN0006 |브라운라이스소울    |20      |Bakery  |1000    |1500        |500      |#현미시리얼 #착한탄수화물                      |SN0006 |2018-06-11 00:00:00.0 |
|SN0005 |벨랑슈 아이스크림   |20      |Snack   |3000    |3500        |500      |고단백 저칼로리 아이스크림                      |SN0007 |2018-06-11 00:00:00.0 |
|SN0004 |미스터 리치쿠키    |20      |Snack   |4800    |7800        |3000     |마음까지 사르르 녹아내리는 미스터 리치 쿠키            |SN0004 |2018-06-11 00:00:00.0 |
|SN0003 |포코로코 또띠아롤칩  |20      |Snack   |2000    |3000        |1000     |부드럽고 고소한 치즈맛                        |SN0003 |2018-06-11 00:00:00.0 |
|SN0002 |포코로코 또띠아롤칩  |20      |Snack   |2000    |3000        |1000     |상큼한 토마토맛                            |SN0002 |2018-06-11 00:00:00.0 |
|SN0001 |포코로코 또띠아롤칩  |20      |Snack   |2000    |3000        |1000     |화끈 매콤한 고추맛                          |SN0001 |2018-06-11 00:00:00.0 |
|S0002  |쿠키스프레드      |20      |Snack   |2000    |8500        |6500     |바삭바삭한 쿠키와 부드러운 밀크의 완벽한 달콤함.         |S0002  |2018-06-07 00:00:00.0 |
|S0001  |인절미스프레드     |20      |Sauce   |2000    |8500        |6500     |콩의 고소함과 찹쌀의 쫀득함을 그대로 살린 달콤함.        |S0001  |2018-06-07 00:00:00.0 |
|I0007  |감바스 알 아히요   |20      |Instant |10000   |17000       |7000     |은은한 마늘향의 스페인식 새우요리                  |I0007  |2018-06-11 00:00:00.0 |
|I0006  |너의 반찬 연어장   |20      |Instant |8000    |11000       |3000     |부드러운 식감과 윤기도는 색감!                   |I0006  |2018-06-11 00:00:00.0 |
|I0005  |하우촌 냉면      |20      |Instant |3000    |7000        |4000     |개별포장 되어있는 시원~한 비냉                   |I0005  |2018-06-11 00:00:00.0 |
|I0004  |너의반찬 깐새우장   |20      |Instant |8000    |12000       |4000     |짜지 않고 까지 않고 바로먹는 간장새우장              |I0004  |2018-06-11 00:00:00.0 |
|I0003  |곤약리조또       |20      |Instant |3000    |7000        |4000     |다가오는 여름, 성공을 부르는 든든하고 맛있는 초간편 한끼!   |I0003  |2018-06-11 00:00:00.0 |
|I0002  |치킨 티카 마살라   |20      |Instant |13000   |23000       |10000    |부드러운 감칠맛이 일품인 영국식 정통커리              |I0002  |2018-06-11 00:00:00.0 |
|I0001  |치킨 알프레도 파스타 |20      |Instant |9000    |19000       |10000    |고소한 프랑스산 생크림과 최고급 치즈를 솔솔 뿌린 크림 파스타  |I0001  |2018-06-11 00:00:00.0 |
|D0009  |달콩두유        |20      |Drink   |2500    |5000        |2500     |#포만감가득 #단백질보충 #통째로갈아만든통두유           |D0009  |2018-06-11 00:00:00.0 |
|D0008  |토모마스사이다 5종  |20      |Drink   |4000    |12000       |8000     |상큼한 과일향 사이다                         |D0008  |2018-06-11 00:00:00.0 |
|D0007  |숙취없는 꽐라만시   |20      |Drink   |4000    |6000        |2000     |소주/탄산수에 타먹는 깔라만시!                   |D0007  |2018-06-11 00:00:00.0 |
|D0006  |미쉐프 퐁당빠진레몬  |20      |Drink   |1000    |1300        |300      |촉촉해지고싶다면, 오늘부터 하루한봉!                |D0006  |2018-06-11 00:00:00.0 |
|B0008  |우유앙버터       |20      |Bakery  |3500    |9500        |6000     |촉촉하고 연한 우유 식빵에 단팥과 버터가 쏙!           |B0008  |2018-06-11 00:00:00.0 |
|B0007  |초코크레페       |20      |Bakery  |10000   |20000       |10000    |꾸덕한 초코크림에 달콤한 초코칩이 콕콕 박힌 초코의 맛      |B0007  |2018-06-11 00:00:00.0 |
|B0006  |밀크크레페케이크    |20      |Bakery  |10000   |20000       |10000    |디프로메다크림을 샌드한 오리지널 맛                 |B0006  |2018-06-11 00:00:00.0 |
|B0005  |딸기치즈케이크     |20      |Bakery  |11000   |32000       |21000    |입안 가득 퍼지는 크림치즈와 상큼한 딸기과육의 조화!       |B0005  |2018-06-11 00:00:00.0 |
|B0004  |쿠키치즈케이크     |20      |Bakery  |11000   |32000       |21000    |쿠키의 달콤함과 까망베르 치즈의 진한 풍미를 살린 마성의 케이크 |B0004  |2018-06-11 00:00:00.0 |
|B0003  |푸시팝케이크      |20      |Bakery  |2000    |5000        |3000     |한입씩 쏙쏙! 포크없이 밀어먹는 푸시팝케이크            |B0003  |2018-06-11 00:00:00.0 |
|B0002  |그랑마블 마블데니쉬  |20      |Bakery  |4000    |8000        |4000     |쫄깃한 81겹의 결이 살아있는 식빵                 |B0002  |2018-06-11 00:00:00.0 |
|B0001  |티라미수        |20      |Bakery  |1500    |6500        |5000     |줄서먹는 익선동 핫플레이스 티라미수                 |B0001  |2018-06-11 00:00:00.0 |
|-------|------------|--------|--------|--------|------------|---------|------------------------------------|-------|----------------------|
 
2018:06:19 13:47:16.879 INFO  --- [http-nio-8080-exec-1] shop.park.MainController : Select All Notices 
2018:06:19 13:47:16.897 INFO  --- [http-nio-8080-exec-1] jdbc.resultsettable : 
|-----|-----------|-----------|----------|------|-------|----------------------|
|n_no |n_category |n_title    |n_content |a_id  |n_hits |n_date                |
|-----|-----------|-----------|----------|------|-------|----------------------|
|1    |공지         |6월 공지사항입니다 |냉무        |admin |227    |2018-06-04 00:00:00.0 |
|-----|-----------|-----------|----------|------|-------|----------------------|
 
2018:06:19 13:47:20.313 INFO  --- [http-nio-8080-exec-3] shop.park.MainController : Select All Faq 
2018:06:19 13:47:20.329 INFO  --- [http-nio-8080-exec-3] jdbc.resultsettable : 
|-----|-----------|------------------------|-------------------------|------|-------|----------------------|
|f_no |f_category |f_title                 |f_content                |a_id  |f_hits |f_date                |
|-----|-----------|------------------------|-------------------------|------|-------|----------------------|
|1    |배송         |제가 해외에 사는데 해외배송도 해주시나요? |저희 토마토마는 해외배송은 해드리지 않습니다 |admin |103    |2018-06-04 00:00:00.0 |
|-----|-----------|------------------------|-------------------------|------|-------|----------------------|
 
2018:06:19 13:47:34.165 INFO  --- [http-nio-8080-exec-2] jdbc.resultsettable : 
|-------|----------|------------|---------|-------|-----|---------|
|rev_no |rev_title |rev_content |rev_hits |p_code |u_id |rev_date |
|-------|----------|------------|---------|-------|-----|---------|
|-------|----------|------------|---------|-------|-----|---------|
 
2018:06:19 13:47:34.167 INFO  --- [http-nio-8080-exec-4] jdbc.resultsettable : 
|------|------------|---------|-----------|---------|-----------|--------|-------|-----|--------|
|pq_no |pq_category |pq_title |pq_content |pq_reply |pq_replyyn |pq_hits |p_code |u_id |pq_date |
|------|------------|---------|-----------|---------|-----------|--------|-------|-----|--------|
|------|------------|---------|-----------|---------|-----------|--------|-------|-----|--------|
 
2018:06:19 13:54:22.105 INFO  --- [http-nio-8080-exec-10] shop.park.MainController : Select All Notices 
2018:06:19 13:54:22.126 INFO  --- [http-nio-8080-exec-10] jdbc.resultsettable : 
|-----|-----------|-----------|----------|------|-------|----------------------|
|n_no |n_category |n_title    |n_content |a_id  |n_hits |n_date                |
|-----|-----------|-----------|----------|------|-------|----------------------|
|1    |공지         |6월 공지사항입니다 |냉무        |admin |227    |2018-06-04 00:00:00.0 |
|-----|-----------|-----------|----------|------|-------|----------------------|
 
2018:06:19 13:54:38.317 INFO  --- [http-nio-8080-exec-1] shop.park.MainController : Select All Faq 
2018:06:19 13:54:38.331 INFO  --- [http-nio-8080-exec-1] jdbc.resultsettable : 
|-----|-----------|------------------------|-------------------------|------|-------|----------------------|
|f_no |f_category |f_title                 |f_content                |a_id  |f_hits |f_date                |
|-----|-----------|------------------------|-------------------------|------|-------|----------------------|
|1    |배송         |제가 해외에 사는데 해외배송도 해주시나요? |저희 토마토마는 해외배송은 해드리지 않습니다 |admin |103    |2018-06-04 00:00:00.0 |
|-----|-----------|------------------------|-------------------------|------|-------|----------------------|
 
2018:06:19 13:54:45.594 INFO  --- [http-nio-8080-exec-3] shop.park.MainController : Select All Notices 
2018:06:19 13:54:45.609 INFO  --- [http-nio-8080-exec-3] jdbc.resultsettable : 
|-----|-----------|-----------|----------|------|-------|----------------------|
|n_no |n_category |n_title    |n_content |a_id  |n_hits |n_date                |
|-----|-----------|-----------|----------|------|-------|----------------------|
|1    |공지         |6월 공지사항입니다 |냉무        |admin |227    |2018-06-04 00:00:00.0 |
|-----|-----------|-----------|----------|------|-------|----------------------|
 
2018:06:19 14:47:19.196 INFO  --- [RMI TCP Connection(115)-127.0.0.1] o.s.b.a.SpringApplicationAdminMXBeanRegistrar$SpringApplicationAdmin : Application shutdown requested. 
2018:06:19 14:47:19.203 INFO  --- [RMI TCP Connection(115)-127.0.0.1] o.s.b.w.s.c.AnnotationConfigServletWebServerApplicationContext : Closing org.springframework.boot.web.servlet.context.AnnotationConfigServletWebServerApplicationContext@56aaaecd: startup date [Tue Jun 19 11:34:48 KST 2018]; root of context hierarchy 
2018:06:19 14:47:19.223 INFO  --- [RMI TCP Connection(115)-127.0.0.1] o.s.j.e.a.AnnotationMBeanExporter : Unregistering JMX-exposed beans on shutdown 
2018:06:19 14:47:19.224 INFO  --- [RMI TCP Connection(115)-127.0.0.1] o.s.j.e.a.AnnotationMBeanExporter : Unregistering JMX-exposed beans 
2018:06:19 14:47:19.231 INFO  --- [RMI TCP Connection(115)-127.0.0.1] o.s.o.j.LocalContainerEntityManagerFactoryBean : Closing JPA EntityManagerFactory for persistence unit 'default' 
2018:06:19 14:47:19.236 INFO  --- [RMI TCP Connection(115)-127.0.0.1] com.zaxxer.hikari.HikariDataSource : HikariPool-1 - Shutdown initiated... 
2018:06:19 14:47:19.350 INFO  --- [RMI TCP Connection(115)-127.0.0.1] com.zaxxer.hikari.HikariDataSource : HikariPool-1 - Shutdown completed. 
=======
2018:06:19 11:06:31.106 INFO  --- [main] shop.ShoppingMallApiApplication : Starting ShoppingMallApiApplication on DESKTOP-NU541JL with PID 932 (D:\project\ShoppingMallAPi\target\classes started by topcredu in D:\project\ShoppingMallAPi) 
2018:06:19 11:06:31.109 INFO  --- [main] shop.ShoppingMallApiApplication : No active profile set, falling back to default profiles: default 
2018:06:19 11:06:31.150 INFO  --- [main] o.s.b.w.s.c.AnnotationConfigServletWebServerApplicationContext : Refreshing org.springframework.boot.web.servlet.context.AnnotationConfigServletWebServerApplicationContext@661972b0: startup date [Tue Jun 19 11:06:31 KST 2018]; root of context hierarchy 
2018:06:19 11:06:32.228 INFO  --- [main] o.s.c.s.PostProcessorRegistrationDelegate$BeanPostProcessorChecker : Bean 'org.springframework.transaction.annotation.ProxyTransactionManagementConfiguration' of type [org.springframework.transaction.annotation.ProxyTransactionManagementConfiguration$$EnhancerBySpringCGLIB$$4a9e4ab9] is not eligible for getting processed by all BeanPostProcessors (for example: not eligible for auto-proxying) 
2018:06:19 11:06:32.532 INFO  --- [main] o.s.b.w.e.tomcat.TomcatWebServer : Tomcat initialized with port(s): 8080 (http) 
2018:06:19 11:06:32.558 INFO  --- [main] o.a.catalina.core.StandardService : Starting service [Tomcat] 
2018:06:19 11:06:32.558 INFO  --- [main] o.a.catalina.core.StandardEngine : Starting Servlet Engine: Apache Tomcat/8.5.31 
2018:06:19 11:06:32.563 INFO  --- [localhost-startStop-1] o.a.c.core.AprLifecycleListener : The APR based Apache Tomcat Native library which allows optimal performance in production environments was not found on the java.library.path: [C:\Program Files\Java\jre1.8.0_161\bin;C:\WINDOWS\Sun\Java\bin;C:\WINDOWS\system32;C:\WINDOWS;C:/Program Files/Java/jre1.8.0_161/bin/server;C:/Program Files/Java/jre1.8.0_161/bin;C:/Program Files/Java/jre1.8.0_161/lib/amd64;C:\ProgramData\Oracle\Java\javapath;C:\WINDOWS\system32;C:\WINDOWS;C:\WINDOWS\System32\Wbem;C:\WINDOWS\System32\WindowsPowerShell\v1.0\;C:\Program Files\Git\cmd;C:\Program Files\dotnet\;C:\Program Files\Java\jdk1.8.0_161\bin;C:\Program Files (x86)\Brackets\command;C:\Program Files\MySQL\MySQL Server 5.7\bin;C:\Program Files\MySQL\MySQL Utilities 1.6\;C:\Program Files\Java\jdk1.8.0_161\bin\bin;C:\Program Files\nodejs\;C:\Users\topcredu\AppData\Local\Microsoft\WindowsApps;C:\Program Files\Microsoft VS Code\bin;"C:\Program Files\Java\jdk1.8.0_161bin;";C:\Program Files\Bandizip\;C:\Users\topcredu\AppData\Roaming\npm;C:\Java2\sts-bundle\sts-3.9.3.RELEASE;;.] 
2018:06:19 11:06:32.753 INFO  --- [localhost-startStop-1] o.a.c.c.C.[Tomcat].[localhost].[/] : Initializing Spring embedded WebApplicationContext 
2018:06:19 11:06:32.753 INFO  --- [localhost-startStop-1] o.s.web.context.ContextLoader : Root WebApplicationContext: initialization completed in 1603 ms 
2018:06:19 11:06:32.908 INFO  --- [localhost-startStop-1] o.s.b.w.s.ServletRegistrationBean : Servlet dispatcherServlet mapped to [/] 
2018:06:19 11:06:32.915 INFO  --- [localhost-startStop-1] o.s.b.w.s.FilterRegistrationBean : Mapping filter: 'characterEncodingFilter' to: [/*] 
2018:06:19 11:06:32.916 INFO  --- [localhost-startStop-1] o.s.b.w.s.FilterRegistrationBean : Mapping filter: 'hiddenHttpMethodFilter' to: [/*] 
2018:06:19 11:06:32.916 INFO  --- [localhost-startStop-1] o.s.b.w.s.FilterRegistrationBean : Mapping filter: 'httpPutFormContentFilter' to: [/*] 
2018:06:19 11:06:32.917 INFO  --- [localhost-startStop-1] o.s.b.w.s.FilterRegistrationBean : Mapping filter: 'requestContextFilter' to: [/*] 
2018:06:19 11:06:33.117 INFO  --- [main] com.zaxxer.hikari.HikariDataSource : HikariPool-1 - Starting... 
2018:06:19 11:06:33.357 INFO  --- [main] com.zaxxer.hikari.pool.PoolBase : HikariPool-1 - Driver does not support get/set network timeout for connections. (oracle.jdbc.driver.T4CConnection.getNetworkTimeout()I) 
2018:06:19 11:06:33.364 INFO  --- [main] com.zaxxer.hikari.HikariDataSource : HikariPool-1 - Start completed. 
2018:06:19 11:06:33.415 INFO  --- [main] o.s.o.j.LocalContainerEntityManagerFactoryBean : Building JPA container EntityManagerFactory for persistence unit 'default' 
2018:06:19 11:06:33.428 INFO  --- [main] o.h.jpa.internal.util.LogHelper : HHH000204: Processing PersistenceUnitInfo [
	name: default
	...] 
2018:06:19 11:06:33.493 INFO  --- [main] org.hibernate.Version : HHH000412: Hibernate Core {5.2.10.Final} 
2018:06:19 11:06:33.494 INFO  --- [main] org.hibernate.cfg.Environment : HHH000206: hibernate.properties not found 
2018:06:19 11:06:33.608 INFO  --- [main] o.h.annotations.common.Version : HCANN000001: Hibernate Commons Annotations {5.0.1.Final} 
2018:06:19 11:06:33.629 WARN  --- [main] o.s.b.w.s.c.AnnotationConfigServletWebServerApplicationContext : Exception encountered during context initialization - cancelling refresh attempt: org.springframework.beans.factory.BeanCreationException: Error creating bean with name 'entityManagerFactory' defined in class path resource [org/springframework/boot/autoconfigure/orm/jpa/HibernateJpaConfiguration.class]: Invocation of init method failed; nested exception is java.lang.NoClassDefFoundError: javassist/bytecode/ClassFile 
2018:06:19 11:06:33.629 INFO  --- [main] com.zaxxer.hikari.HikariDataSource : HikariPool-1 - Shutdown initiated... 
2018:06:19 11:06:33.662 INFO  --- [main] com.zaxxer.hikari.HikariDataSource : HikariPool-1 - Shutdown completed. 
2018:06:19 11:06:33.665 INFO  --- [main] o.a.catalina.core.StandardService : Stopping service [Tomcat] 
2018:06:19 11:06:33.679 INFO  --- [main] o.s.b.a.l.ConditionEvaluationReportLoggingListener : 

Error starting ApplicationContext. To display the conditions report re-run your application with 'debug' enabled. 
2018:06:19 11:06:33.687 ERROR --- [main] o.s.boot.SpringApplication : Application run failed 
org.springframework.beans.factory.BeanCreationException: Error creating bean with name 'entityManagerFactory' defined in class path resource [org/springframework/boot/autoconfigure/orm/jpa/HibernateJpaConfiguration.class]: Invocation of init method failed; nested exception is java.lang.NoClassDefFoundError: javassist/bytecode/ClassFile
	at org.springframework.beans.factory.support.AbstractAutowireCapableBeanFactory.initializeBean(AbstractAutowireCapableBeanFactory.java:1706)
	at org.springframework.beans.factory.support.AbstractAutowireCapableBeanFactory.doCreateBean(AbstractAutowireCapableBeanFactory.java:579)
	at org.springframework.beans.factory.support.AbstractAutowireCapableBeanFactory.createBean(AbstractAutowireCapableBeanFactory.java:501)
	at org.springframework.beans.factory.support.AbstractBeanFactory.lambda$doGetBean$0(AbstractBeanFactory.java:317)
	at org.springframework.beans.factory.support.DefaultSingletonBeanRegistry.getSingleton(DefaultSingletonBeanRegistry.java:228)
	at org.springframework.beans.factory.support.AbstractBeanFactory.doGetBean(AbstractBeanFactory.java:315)
	at org.springframework.beans.factory.support.AbstractBeanFactory.getBean(AbstractBeanFactory.java:199)
	at org.springframework.context.support.AbstractApplicationContext.getBean(AbstractApplicationContext.java:1089)
	at org.springframework.context.support.AbstractApplicationContext.finishBeanFactoryInitialization(AbstractApplicationContext.java:859)
	at org.springframework.context.support.AbstractApplicationContext.refresh(AbstractApplicationContext.java:550)
	at org.springframework.boot.web.servlet.context.ServletWebServerApplicationContext.refresh(ServletWebServerApplicationContext.java:140)
	at org.springframework.boot.SpringApplication.refresh(SpringApplication.java:759)
	at org.springframework.boot.SpringApplication.refreshContext(SpringApplication.java:395)
	at org.springframework.boot.SpringApplication.run(SpringApplication.java:327)
	at org.springframework.boot.SpringApplication.run(SpringApplication.java:1255)
	at org.springframework.boot.SpringApplication.run(SpringApplication.java:1243)
	at shop.ShoppingMallApiApplication.main(ShoppingMallApiApplication.java:19)
Caused by: java.lang.NoClassDefFoundError: javassist/bytecode/ClassFile
	at org.hibernate.boot.archive.scan.spi.ClassFileArchiveEntryHandler.toClassFile(ClassFileArchiveEntryHandler.java:61)
	at org.hibernate.boot.archive.scan.spi.ClassFileArchiveEntryHandler.handleEntry(ClassFileArchiveEntryHandler.java:47)
	at org.hibernate.boot.archive.internal.ExplodedArchiveDescriptor.processDirectory(ExplodedArchiveDescriptor.java:143)
	at org.hibernate.boot.archive.internal.ExplodedArchiveDescriptor.processDirectory(ExplodedArchiveDescriptor.java:118)
	at org.hibernate.boot.archive.internal.ExplodedArchiveDescriptor.processDirectory(ExplodedArchiveDescriptor.java:118)
	at org.hibernate.boot.archive.internal.ExplodedArchiveDescriptor.processDirectory(ExplodedArchiveDescriptor.java:118)
	at org.hibernate.boot.archive.internal.ExplodedArchiveDescriptor.processDirectory(ExplodedArchiveDescriptor.java:118)
	at org.hibernate.boot.archive.internal.ExplodedArchiveDescriptor.visitArchive(ExplodedArchiveDescriptor.java:54)
	at org.hibernate.boot.archive.scan.spi.AbstractScannerImpl.scan(AbstractScannerImpl.java:47)
	at org.hibernate.boot.model.process.internal.ScanningCoordinator.coordinateScan(ScanningCoordinator.java:75)
	at org.hibernate.boot.model.process.spi.MetadataBuildingProcess.prepare(MetadataBuildingProcess.java:98)
	at org.hibernate.jpa.boot.internal.EntityManagerFactoryBuilderImpl.<init>(EntityManagerFactoryBuilderImpl.java:228)
	at org.hibernate.jpa.boot.internal.EntityManagerFactoryBuilderImpl.<init>(EntityManagerFactoryBuilderImpl.java:163)
	at org.springframework.orm.jpa.vendor.SpringHibernateJpaPersistenceProvider.createContainerEntityManagerFactory(SpringHibernateJpaPersistenceProvider.java:51)
	at org.springframework.orm.jpa.LocalContainerEntityManagerFactoryBean.createNativeEntityManagerFactory(LocalContainerEntityManagerFactoryBean.java:365)
	at org.springframework.orm.jpa.AbstractEntityManagerFactoryBean.buildNativeEntityManagerFactory(AbstractEntityManagerFactoryBean.java:390)
	at org.springframework.orm.jpa.AbstractEntityManagerFactoryBean.afterPropertiesSet(AbstractEntityManagerFactoryBean.java:377)
	at org.springframework.orm.jpa.LocalContainerEntityManagerFactoryBean.afterPropertiesSet(LocalContainerEntityManagerFactoryBean.java:341)
	at org.springframework.beans.factory.support.AbstractAutowireCapableBeanFactory.invokeInitMethods(AbstractAutowireCapableBeanFactory.java:1765)
	at org.springframework.beans.factory.support.AbstractAutowireCapableBeanFactory.initializeBean(AbstractAutowireCapableBeanFactory.java:1702)
	... 16 common frames omitted
Caused by: java.lang.ClassNotFoundException: javassist.bytecode.ClassFile
	at java.net.URLClassLoader.findClass(Unknown Source)
	at java.lang.ClassLoader.loadClass(Unknown Source)
	at sun.misc.Launcher$AppClassLoader.loadClass(Unknown Source)
	at java.lang.ClassLoader.loadClass(Unknown Source)
	... 36 common frames omitted
>>>>>>> c26583514d4ef47da4f21d29bd90bea117ece481
