2018:06:11 10:41:20.953 INFO  --- [main] shop.ShoppingMallApiApplication : Starting ShoppingMallApiApplication on DESKTOP-TF96U0A with PID 17412 (E:\Portfolio\ShoppingMallAPI\target\classes started by Kim in E:\Portfolio\ShoppingMallAPI) 
2018:06:11 10:41:20.959 INFO  --- [main] shop.ShoppingMallApiApplication : No active profile set, falling back to default profiles: default 
2018:06:11 10:41:21.007 INFO  --- [main] o.s.b.w.s.c.AnnotationConfigServletWebServerApplicationContext : Refreshing org.springframework.boot.web.servlet.context.AnnotationConfigServletWebServerApplicationContext@6e20b53a: startup date [Mon Jun 11 10:41:21 KST 2018]; root of context hierarchy 
2018:06:11 10:41:22.096 INFO  --- [main] o.s.c.s.PostProcessorRegistrationDelegate$BeanPostProcessorChecker : Bean 'org.springframework.transaction.annotation.ProxyTransactionManagementConfiguration' of type [org.springframework.transaction.annotation.ProxyTransactionManagementConfiguration$$EnhancerBySpringCGLIB$$9e0d0b58] is not eligible for getting processed by all BeanPostProcessors (for example: not eligible for auto-proxying) 
2018:06:11 10:41:22.409 INFO  --- [main] o.s.b.w.e.tomcat.TomcatWebServer : Tomcat initialized with port(s): 8080 (http) 
2018:06:11 10:41:22.429 INFO  --- [main] o.a.catalina.core.StandardService : Starting service [Tomcat] 
2018:06:11 10:41:22.429 INFO  --- [main] o.a.catalina.core.StandardEngine : Starting Servlet Engine: Apache Tomcat/8.5.31 
2018:06:11 10:41:22.434 INFO  --- [localhost-startStop-1] o.a.c.core.AprLifecycleListener : The APR based Apache Tomcat Native library which allows optimal performance in production environments was not found on the java.library.path: [C:\Program Files\Java\jdk1.8.0_151\bin;C:\WINDOWS\Sun\Java\bin;C:\WINDOWS\system32;C:\WINDOWS;C:/Program Files/Java/jdk1.8.0_151/bin/../jre/bin/server;C:/Program Files/Java/jdk1.8.0_151/bin/../jre/bin;C:/Program Files/Java/jdk1.8.0_151/bin/../jre/lib/amd64;C:\app\김동현\product\11.2.0\dbhome_1\bin;C:;ProgramData\Oracle\Java\javapath;C:\WINDOWS\system32;C:\WINDOWS;C:\WINDOWS\System32\Wbem;C:\WINDOWS\System32\WindowsPowerShell\v1.0\;C:\Program Files\Java\jdk1.8.0_151\bin;C:\Program Files (x86)\Brackets\command;C:\Program Files\MySQL\MySQL Utilities 1.6\;C:\Program Files\Git\cmd;C:\Program Files\dotnet\;C:\Program Files\Microsoft SQL Server\130\Tools\Binn\;C:\Program Files\nodejs\;C:\WINDOWS\System32\OpenSSH\;C:\Ruby24-x64\bin;C:\Users\김동현\AppData\Local\Microsoft\WindowsApps;C:\Users\김동현\AppData\Local\atom\bin;C:\Users\김동현\AppData\Roaming\npm;%USERPROFILE%\AppData\Local\Microsoft\WindowsApps;;C:\java2\sts\sts-bundle\sts-3.9.3.RELEASE;;.] 
2018:06:11 10:41:22.557 INFO  --- [localhost-startStop-1] o.a.c.c.C.[Tomcat].[localhost].[/] : Initializing Spring embedded WebApplicationContext 
2018:06:11 10:41:22.557 INFO  --- [localhost-startStop-1] o.s.web.context.ContextLoader : Root WebApplicationContext: initialization completed in 1551 ms 
2018:06:11 10:41:22.690 INFO  --- [localhost-startStop-1] o.s.b.w.s.ServletRegistrationBean : Servlet dispatcherServlet mapped to [/] 
2018:06:11 10:41:22.696 INFO  --- [localhost-startStop-1] o.s.b.w.s.FilterRegistrationBean : Mapping filter: 'characterEncodingFilter' to: [/*] 
2018:06:11 10:41:22.704 INFO  --- [localhost-startStop-1] o.s.b.w.s.FilterRegistrationBean : Mapping filter: 'hiddenHttpMethodFilter' to: [/*] 
2018:06:11 10:41:22.705 INFO  --- [localhost-startStop-1] o.s.b.w.s.FilterRegistrationBean : Mapping filter: 'httpPutFormContentFilter' to: [/*] 
2018:06:11 10:41:22.705 INFO  --- [localhost-startStop-1] o.s.b.w.s.FilterRegistrationBean : Mapping filter: 'requestContextFilter' to: [/*] 
2018:06:11 10:41:22.896 INFO  --- [main] com.zaxxer.hikari.HikariDataSource : HikariPool-1 - Starting... 
2018:06:11 10:41:23.047 INFO  --- [main] com.zaxxer.hikari.pool.PoolBase : HikariPool-1 - Driver does not support get/set network timeout for connections. (oracle.jdbc.driver.T4CConnection.getNetworkTimeout()I) 
2018:06:11 10:41:23.052 INFO  --- [main] com.zaxxer.hikari.HikariDataSource : HikariPool-1 - Start completed. 
2018:06:11 10:41:23.108 INFO  --- [main] o.s.o.j.LocalContainerEntityManagerFactoryBean : Building JPA container EntityManagerFactory for persistence unit 'default' 
2018:06:11 10:41:23.122 INFO  --- [main] o.h.jpa.internal.util.LogHelper : HHH000204: Processing PersistenceUnitInfo [
	name: default
	...] 
2018:06:11 10:41:23.202 INFO  --- [main] org.hibernate.Version : HHH000412: Hibernate Core {5.2.10.Final} 
2018:06:11 10:41:23.204 INFO  --- [main] org.hibernate.cfg.Environment : HHH000206: hibernate.properties not found 
2018:06:11 10:41:23.342 INFO  --- [main] o.h.annotations.common.Version : HCANN000001: Hibernate Commons Annotations {5.0.1.Final} 
2018:06:11 10:41:23.486 INFO  --- [main] org.hibernate.dialect.Dialect : HHH000400: Using dialect: org.hibernate.dialect.Oracle12cDialect 
2018:06:11 10:41:23.636 INFO  --- [main] o.hibernate.type.BasicTypeRegistry : HHH000270: Type registration [byte[]] overrides previous : org.hibernate.type.BinaryType@61e7bf2f 
2018:06:11 10:41:23.636 INFO  --- [main] o.hibernate.type.BasicTypeRegistry : HHH000270: Type registration [[B] overrides previous : org.hibernate.type.BinaryType@61e7bf2f 
2018:06:11 10:41:23.637 INFO  --- [main] o.hibernate.type.BasicTypeRegistry : HHH000270: Type registration [Byte[]] overrides previous : org.hibernate.type.WrapperBinaryType@7f7af971 
2018:06:11 10:41:23.637 INFO  --- [main] o.hibernate.type.BasicTypeRegistry : HHH000270: Type registration [[Ljava.lang.Byte;] overrides previous : org.hibernate.type.WrapperBinaryType@7f7af971 
2018:06:11 10:41:23.836 INFO  --- [main] o.s.o.j.LocalContainerEntityManagerFactoryBean : Initialized JPA EntityManagerFactory for persistence unit 'default' 
2018:06:11 10:41:24.455 INFO  --- [main] o.s.w.s.h.SimpleUrlHandlerMapping : Mapped URL path [/**/favicon.ico] onto handler of type [class org.springframework.web.servlet.resource.ResourceHttpRequestHandler] 
2018:06:11 10:41:24.731 INFO  --- [main] o.s.w.s.m.m.a.RequestMappingHandlerAdapter : Looking for @ControllerAdvice: org.springframework.boot.web.servlet.context.AnnotationConfigServletWebServerApplicationContext@6e20b53a: startup date [Mon Jun 11 10:41:21 KST 2018]; root of context hierarchy 
2018:06:11 10:41:24.771 WARN  --- [main] o.s.b.a.o.j.JpaBaseConfiguration$JpaWebConfiguration$JpaWebMvcConfiguration : spring.jpa.open-in-view is enabled by default. Therefore, database queries may be performed during view rendering. Explicitly configure spring.jpa.open-in-view to disable this warning 
2018:06:11 10:41:24.821 INFO  --- [main] o.s.w.s.m.m.a.RequestMappingHandlerMapping : Mapped "{[/toma/admin/],methods=[POST]}" onto public shop.choi.admin.model.Admin shop.choi.admin.controller.AdminController.adminlogin(shop.choi.admin.model.Admin) 
2018:06:11 10:41:24.825 INFO  --- [main] o.s.w.s.m.m.a.RequestMappingHandlerMapping : Mapped "{[/toma/login/user/list],methods=[GET]}" onto public shop.kim.login.model.User shop.kim.login.LoginController.getUser() 
2018:06:11 10:41:24.834 INFO  --- [main] o.s.w.s.m.m.a.RequestMappingHandlerMapping : Mapped "{[/toma/login/],methods=[POST]}" onto public shop.kim.login.model.User shop.kim.login.LoginController.login(shop.kim.login.model.Login) 
2018:06:11 10:41:24.838 INFO  --- [main] o.s.w.s.m.m.a.RequestMappingHandlerMapping : Mapped "{[/toma/cart/],methods=[POST]}" onto int shop.kim.order.CartController.cartInsert(shop.kim.order.model.Cart) 
2018:06:11 10:41:24.847 INFO  --- [main] o.s.w.s.m.m.a.RequestMappingHandlerMapping : Mapped "{[/toma/cart/goOrderWrite],methods=[PUT]}" onto java.util.ArrayList<shop.kim.order.model.Cart> shop.kim.order.CartController.orderWriteList(int[]) 
2018:06:11 10:41:24.848 INFO  --- [main] o.s.w.s.m.m.a.RequestMappingHandlerMapping : Mapped "{[/toma/cart/{cno}],methods=[DELETE]}" onto int shop.kim.order.CartController.cartDelete(int) 
2018:06:11 10:41:24.848 INFO  --- [main] o.s.w.s.m.m.a.RequestMappingHandlerMapping : Mapped "{[/toma/cart/{uid}],methods=[GET]}" onto java.util.ArrayList<shop.kim.order.model.Cart> shop.kim.order.CartController.carList(java.lang.String) 
2018:06:11 10:41:24.849 INFO  --- [main] o.s.w.s.m.m.a.RequestMappingHandlerMapping : Mapped "{[/toma/cart/],methods=[PUT]}" onto int shop.kim.order.CartController.cartUpdate(shop.kim.order.model.Cart) 
2018:06:11 10:41:24.860 INFO  --- [main] o.s.w.s.m.m.a.RequestMappingHandlerMapping : Mapped "{[/toma/order/orderdetail/delete/{odno}],methods=[DELETE]}" onto int shop.kim.order.OrderController.orderDetailInsert(int) 
2018:06:11 10:41:24.861 INFO  --- [main] o.s.w.s.m.m.a.RequestMappingHandlerMapping : Mapped "{[/toma/order/orderdetail/{ono}],methods=[GET]}" onto java.util.ArrayList<shop.kim.order.model.Order_Detail> shop.kim.order.OrderController.orderDetailList(int) 
2018:06:11 10:41:24.862 INFO  --- [main] o.s.w.s.m.m.a.RequestMappingHandlerMapping : Mapped "{[/toma/order/{uid}],methods=[GET]}" onto java.util.ArrayList<shop.kim.order.model.Order> shop.kim.order.OrderController.orderList(java.lang.String) 
2018:06:11 10:41:24.862 INFO  --- [main] o.s.w.s.m.m.a.RequestMappingHandlerMapping : Mapped "{[/toma/order/delete/{ono}],methods=[DELETE]}" onto int shop.kim.order.OrderController.orderInsert(int) 
2018:06:11 10:41:24.863 INFO  --- [main] o.s.w.s.m.m.a.RequestMappingHandlerMapping : Mapped "{[/toma/order/insert/{order}/{orderDetailArr}],methods=[POST]}" onto int shop.kim.order.OrderController.orderInsert(shop.kim.order.model.Order,java.util.ArrayList<shop.kim.order.model.Order_Detail>) 
2018:06:11 10:41:24.864 INFO  --- [main] o.s.w.s.m.m.a.RequestMappingHandlerMapping : Mapped "{[/toma/join/],methods=[POST]}" onto public int shop.lee.join.JoinController.NewUser(shop.kim.login.model.User) 
2018:06:11 10:41:24.865 INFO  --- [main] o.s.w.s.m.m.a.RequestMappingHandlerMapping : Mapped "{[/toma/user/Update],methods=[PUT]}" onto public org.springframework.http.ResponseEntity<shop.kim.login.model.User> shop.lee.user.UserController.updateUser(shop.kim.login.model.User) 
2018:06:11 10:41:24.870 INFO  --- [main] o.s.w.s.m.m.a.RequestMappingHandlerMapping : Mapped "{[/toma/detail/product/{p_code}],methods=[GET]}" onto public shop.park.model.Products shop.park.MainController.getByProductsCode(java.lang.String) 
2018:06:11 10:41:24.880 INFO  --- [main] o.s.w.s.m.m.a.RequestMappingHandlerMapping : Mapped "{[/toma/product/{p_kind}],methods=[GET]}" onto public java.util.List<shop.park.model.Products> shop.park.MainController.getByProductsKind(java.lang.String) 
2018:06:11 10:41:24.880 INFO  --- [main] o.s.w.s.m.m.a.RequestMappingHandlerMapping : Mapped "{[/toma/notice/{n_category}],methods=[GET]}" onto public java.util.List<shop.park.model.Notice> shop.park.MainController.getByNoticeCategory(java.lang.String) 
2018:06:11 10:41:24.881 INFO  --- [main] o.s.w.s.m.m.a.RequestMappingHandlerMapping : Mapped "{[/toma/product],methods=[POST]}" onto public org.springframework.http.ResponseEntity<?> shop.park.MainController.insertProduct(shop.park.model.Products,org.springframework.web.util.UriComponentsBuilder) 
2018:06:11 10:41:24.882 INFO  --- [main] o.s.w.s.m.m.a.RequestMappingHandlerMapping : Mapped "{[/toma/product/{p_code}],methods=[DELETE]}" onto public org.springframework.http.ResponseEntity<?> shop.park.MainController.deleteProduct(java.lang.String) 
2018:06:11 10:41:24.882 INFO  --- [main] o.s.w.s.m.m.a.RequestMappingHandlerMapping : Mapped "{[/toma/faq],methods=[GET]}" onto public java.util.List<shop.park.model.Faq> shop.park.MainController.listAllFaq() 
2018:06:11 10:41:24.883 INFO  --- [main] o.s.w.s.m.m.a.RequestMappingHandlerMapping : Mapped "{[/toma/faq/{f_category}],methods=[GET]}" onto public java.util.List<shop.park.model.Faq> shop.park.MainController.getByFaqCategory(java.lang.String) 
2018:06:11 10:41:24.884 INFO  --- [main] o.s.w.s.m.m.a.RequestMappingHandlerMapping : Mapped "{[/toma],methods=[GET]}" onto public java.util.List<shop.park.model.Products> shop.park.MainController.listAllProducts() 
2018:06:11 10:41:24.884 INFO  --- [main] o.s.w.s.m.m.a.RequestMappingHandlerMapping : Mapped "{[/toma/product/{p_code}],methods=[PUT]}" onto public org.springframework.http.ResponseEntity<?> shop.park.MainController.updateProduct(java.lang.String,shop.park.model.Products) 
2018:06:11 10:41:24.885 INFO  --- [main] o.s.w.s.m.m.a.RequestMappingHandlerMapping : Mapped "{[/toma/detail/notice/{n_no}],methods=[GET]}" onto public shop.park.model.Notice shop.park.MainController.getByNoticeNo(long) 
2018:06:11 10:41:24.885 INFO  --- [main] o.s.w.s.m.m.a.RequestMappingHandlerMapping : Mapped "{[/toma/notice],methods=[GET]}" onto public java.util.List<shop.park.model.Notice> shop.park.MainController.listAllNotices() 
2018:06:11 10:41:24.886 INFO  --- [main] o.s.w.s.m.m.a.RequestMappingHandlerMapping : Mapped "{[/toma/detail/faq/{f_no}],methods=[GET]}" onto public shop.park.model.Faq shop.park.MainController.getByFaqNo(long) 
2018:06:11 10:41:24.886 INFO  --- [main] o.s.w.s.m.m.a.RequestMappingHandlerMapping : Mapped "{[/toma/detail/qna/{q_no}],methods=[GET]}" onto public shop.park.model.Qna shop.park.MainController.getByQnaNo(long) 
2018:06:11 10:41:24.887 INFO  --- [main] o.s.w.s.m.m.a.RequestMappingHandlerMapping : Mapped "{[/toma/qna/{q_no}],methods=[PUT]}" onto public org.springframework.http.ResponseEntity<?> shop.park.MainController.updateQna(long,shop.park.model.Qna) 
2018:06:11 10:41:24.887 INFO  --- [main] o.s.w.s.m.m.a.RequestMappingHandlerMapping : Mapped "{[/toma/qna],methods=[GET]}" onto public java.util.List<shop.park.model.Qna> shop.park.MainController.listAllQna() 
2018:06:11 10:41:24.888 INFO  --- [main] o.s.w.s.m.m.a.RequestMappingHandlerMapping : Mapped "{[/toma/qna/{q_no}],methods=[DELETE]}" onto public org.springframework.http.ResponseEntity<?> shop.park.MainController.deleteQna(long) 
2018:06:11 10:41:24.888 INFO  --- [main] o.s.w.s.m.m.a.RequestMappingHandlerMapping : Mapped "{[/toma/qna/{q_reply}],methods=[GET]}" onto public java.util.List<shop.park.model.Qna> shop.park.MainController.getByQnaReply(java.lang.String) 
2018:06:11 10:41:24.896 INFO  --- [main] o.s.w.s.m.m.a.RequestMappingHandlerMapping : Mapped "{[/toma/qna/write],methods=[POST]}" onto public org.springframework.http.ResponseEntity<?> shop.park.MainController.insertQna(shop.park.model.Qna,org.springframework.web.util.UriComponentsBuilder) 
2018:06:11 10:41:24.898 INFO  --- [main] o.s.w.s.m.m.a.RequestMappingHandlerMapping : Mapped "{[/toma/productqna/{p_code}],methods=[GET]}" onto public java.util.List<shop.son.productqna.model.ProductQna> shop.son.productqna.controller.ProductQnaController.listAllProductQna(java.lang.String) 
2018:06:11 10:41:24.899 INFO  --- [main] o.s.w.s.m.m.a.RequestMappingHandlerMapping : Mapped "{[/toma/productqna/{u_id}],methods=[DELETE]}" onto public int shop.son.productqna.controller.ProductQnaController.deleteProductQna(java.lang.String) 
2018:06:11 10:41:24.899 INFO  --- [main] o.s.w.s.m.m.a.RequestMappingHandlerMapping : Mapped "{[/toma/productqna/{u_id}],methods=[POST]}" onto public int shop.son.productqna.controller.ProductQnaController.updateProductQna(java.lang.String) 
2018:06:11 10:41:24.900 INFO  --- [main] o.s.w.s.m.m.a.RequestMappingHandlerMapping : Mapped "{[/toma/productqna/],methods=[POST]}" onto public int shop.son.productqna.controller.ProductQnaController.insertProductQna(shop.son.productqna.model.ProductQna) 
2018:06:11 10:41:24.901 INFO  --- [main] o.s.w.s.m.m.a.RequestMappingHandlerMapping : Mapped "{[/toma/review/],methods=[POST]}" onto public int shop.son.review.controller.ReviewController.insertReview(shop.son.review.model.Review) 
2018:06:11 10:41:24.902 INFO  --- [main] o.s.w.s.m.m.a.RequestMappingHandlerMapping : Mapped "{[/toma/review/{p_code}],methods=[GET]}" onto public java.util.List<shop.son.review.model.Review> shop.son.review.controller.ReviewController.listAllReviews(java.lang.String) throws shop.son.review.exception.ReviewNotFoundException 
2018:06:11 10:41:24.902 INFO  --- [main] o.s.w.s.m.m.a.RequestMappingHandlerMapping : Mapped "{[/toma/review/{u_id}],methods=[DELETE]}" onto public int shop.son.review.controller.ReviewController.deleteReview(java.lang.String) 
2018:06:11 10:41:24.903 INFO  --- [main] o.s.w.s.m.m.a.RequestMappingHandlerMapping : Mapped "{[/toma/review/{u_id}],methods=[POST]}" onto public int shop.son.review.controller.ReviewController.updateReview(java.lang.String) 
2018:06:11 10:41:24.906 INFO  --- [main] o.s.w.s.m.m.a.RequestMappingHandlerMapping : Mapped "{[/error]}" onto public org.springframework.http.ResponseEntity<java.util.Map<java.lang.String, java.lang.Object>> org.springframework.boot.autoconfigure.web.servlet.error.BasicErrorController.error(javax.servlet.http.HttpServletRequest) 
2018:06:11 10:41:24.907 INFO  --- [main] o.s.w.s.m.m.a.RequestMappingHandlerMapping : Mapped "{[/error],produces=[text/html]}" onto public org.springframework.web.servlet.ModelAndView org.springframework.boot.autoconfigure.web.servlet.error.BasicErrorController.errorHtml(javax.servlet.http.HttpServletRequest,javax.servlet.http.HttpServletResponse) 
2018:06:11 10:41:24.939 INFO  --- [main] o.s.w.s.h.SimpleUrlHandlerMapping : Mapped URL path [/webjars/**] onto handler of type [class org.springframework.web.servlet.resource.ResourceHttpRequestHandler] 
2018:06:11 10:41:24.939 INFO  --- [main] o.s.w.s.h.SimpleUrlHandlerMapping : Mapped URL path [/**] onto handler of type [class org.springframework.web.servlet.resource.ResourceHttpRequestHandler] 
2018:06:11 10:41:25.288 INFO  --- [main] o.s.j.e.a.AnnotationMBeanExporter : Registering beans for JMX exposure on startup 
2018:06:11 10:41:25.290 INFO  --- [main] o.s.j.e.a.AnnotationMBeanExporter : Bean with name 'dataSource' has been autodetected for JMX exposure 
2018:06:11 10:41:25.302 INFO  --- [main] o.s.j.e.a.AnnotationMBeanExporter : Located MBean 'dataSource': registering with JMX server as MBean [com.zaxxer.hikari:name=dataSource,type=HikariDataSource] 
2018:06:11 10:41:25.343 INFO  --- [main] o.s.b.w.e.tomcat.TomcatWebServer : Tomcat started on port(s): 8080 (http) with context path '' 
2018:06:11 10:41:25.348 INFO  --- [main] shop.ShoppingMallApiApplication : Started ShoppingMallApiApplication in 4.816 seconds (JVM running for 5.598) 
2018:06:11 10:41:48.354 INFO  --- [http-nio-8080-exec-1] o.a.c.c.C.[Tomcat].[localhost].[/] : Initializing Spring FrameworkServlet 'dispatcherServlet' 
2018:06:11 10:41:48.363 INFO  --- [http-nio-8080-exec-1] o.s.web.servlet.DispatcherServlet : FrameworkServlet 'dispatcherServlet': initialization started 
2018:06:11 10:41:48.383 INFO  --- [http-nio-8080-exec-1] o.s.web.servlet.DispatcherServlet : FrameworkServlet 'dispatcherServlet': initialization completed in 20 ms 
2018:06:11 10:41:48.663 INFO  --- [http-nio-8080-exec-2] jdbc.resultsettable : 
|-----|-----|-------|--------|--------|--------|--------|------------|--------|---------|--------|----------|-----------|
|u_id |u_pw |u_name |u_phone |u_addr1 |u_addr2 |u_addr3 |u_addrcheck |u_birth |u_gender |u_smsyn |u_emailyn |u_joindate |
|-----|-----|-------|--------|--------|--------|--------|------------|--------|---------|--------|----------|-----------|
|csc  |1234 |홍길동    |1234567 |수정된다    |수정된다2   |수정된다3   |3           |900909  |M        |N       |N         |2018-06-04 |
|-----|-----|-------|--------|--------|--------|--------|------------|--------|---------|--------|----------|-----------|
 
2018:06:11 10:41:50.015 INFO  --- [http-nio-8080-exec-7] shop.park.MainController : Select All Products 
2018:06:11 10:41:50.042 INFO  --- [http-nio-8080-exec-7] jdbc.resultsettable : 
|-------|--------|--------|-------|--------|------------|---------|-----------------------------|------|----------------------|
|p_code |p_name  |p_count |p_kind |p_price |p_sellprice |p_profit |p_content                    |p_img |p_date                |
|-------|--------|--------|-------|--------|------------|---------|-----------------------------|------|----------------------|
|S0002  |쿠키스프레드  |20      |Sauce  |2000    |8500        |6500     |바삭바삭한 쿠키와 부드러운 밀크의 완벽한 달콤함.  |S0002 |2018-06-07 00:00:00.0 |
|S0001  |인절미스프레드 |20      |Sauce  |2000    |8500        |6500     |콩의 고소함과 찹쌀의 쫀득함을 그대로 살린 달콤함. |S0001 |2018-06-07 00:00:00.0 |
|D0005  |진로와인    |20      |와인     |1000    |1200        |200      |진로와인 입니다                     |D0005 |2018-06-04 00:00:00.0 |
|D0004  |OB맥주    |20      |맥주     |1000    |1200        |200      |OB맥주 입니다                     |D0004 |2018-06-04 00:00:00.0 |
|D0003  |맥스맥주    |20      |맥주     |1000    |1200        |200      |맥스맥주 입니다                     |D0003 |2018-06-04 00:00:00.0 |
|D0002  |대동강맥주   |20      |맥주     |1000    |1200        |200      |대동강맥주 입니다                    |D0002 |2018-06-04 00:00:00.0 |
|D0001  |하이트맥주   |20      |맥주     |1000    |1200        |200      |하이트맥주 입니다                    |D0001 |2018-06-04 00:00:00.0 |
|-------|--------|--------|-------|--------|------------|---------|-----------------------------|------|----------------------|
 
2018:06:11 10:44:02.859 INFO  --- [http-nio-8080-exec-9] shop.park.MainController : Select All Products 
2018:06:11 10:44:02.891 INFO  --- [http-nio-8080-exec-9] jdbc.resultsettable : 
|-------|--------|--------|-------|--------|------------|---------|-----------------------------|------|----------------------|
|p_code |p_name  |p_count |p_kind |p_price |p_sellprice |p_profit |p_content                    |p_img |p_date                |
|-------|--------|--------|-------|--------|------------|---------|-----------------------------|------|----------------------|
|S0002  |쿠키스프레드  |20      |Sauce  |2000    |8500        |6500     |바삭바삭한 쿠키와 부드러운 밀크의 완벽한 달콤함.  |S0002 |2018-06-07 00:00:00.0 |
|S0001  |인절미스프레드 |20      |Sauce  |2000    |8500        |6500     |콩의 고소함과 찹쌀의 쫀득함을 그대로 살린 달콤함. |S0001 |2018-06-07 00:00:00.0 |
|D0005  |진로와인    |20      |와인     |1000    |1200        |200      |진로와인 입니다                     |D0005 |2018-06-04 00:00:00.0 |
|D0004  |OB맥주    |20      |맥주     |1000    |1200        |200      |OB맥주 입니다                     |D0004 |2018-06-04 00:00:00.0 |
|D0003  |맥스맥주    |20      |맥주     |1000    |1200        |200      |맥스맥주 입니다                     |D0003 |2018-06-04 00:00:00.0 |
|D0002  |대동강맥주   |20      |맥주     |1000    |1200        |200      |대동강맥주 입니다                    |D0002 |2018-06-04 00:00:00.0 |
|D0001  |하이트맥주   |20      |맥주     |1000    |1200        |200      |하이트맥주 입니다                    |D0001 |2018-06-04 00:00:00.0 |
|-------|--------|--------|-------|--------|------------|---------|-----------------------------|------|----------------------|
 
2018:06:11 10:45:44.678 INFO  --- [RMI TCP Connection(2)-127.0.0.1] o.s.b.a.SpringApplicationAdminMXBeanRegistrar$SpringApplicationAdmin : Application shutdown requested. 
2018:06:11 10:45:44.689 INFO  --- [RMI TCP Connection(2)-127.0.0.1] o.s.b.w.s.c.AnnotationConfigServletWebServerApplicationContext : Closing org.springframework.boot.web.servlet.context.AnnotationConfigServletWebServerApplicationContext@6e20b53a: startup date [Mon Jun 11 10:41:21 KST 2018]; root of context hierarchy 
2018:06:11 10:45:44.699 INFO  --- [RMI TCP Connection(2)-127.0.0.1] o.s.j.e.a.AnnotationMBeanExporter : Unregistering JMX-exposed beans on shutdown 
2018:06:11 10:45:44.707 INFO  --- [RMI TCP Connection(2)-127.0.0.1] o.s.j.e.a.AnnotationMBeanExporter : Unregistering JMX-exposed beans 
2018:06:11 10:45:44.710 INFO  --- [RMI TCP Connection(2)-127.0.0.1] o.s.o.j.LocalContainerEntityManagerFactoryBean : Closing JPA EntityManagerFactory for persistence unit 'default' 
2018:06:11 10:45:44.721 INFO  --- [RMI TCP Connection(2)-127.0.0.1] com.zaxxer.hikari.HikariDataSource : HikariPool-1 - Shutdown initiated... 
2018:06:11 10:45:44.912 INFO  --- [RMI TCP Connection(2)-127.0.0.1] com.zaxxer.hikari.HikariDataSource : HikariPool-1 - Shutdown completed. 
2018:06:11 10:45:54.791 INFO  --- [main] shop.ShoppingMallApiApplication : Starting ShoppingMallApiApplication on DESKTOP-TF96U0A with PID 6808 (E:\Portfolio\ShoppingMallAPI\target\classes started by Kim in E:\Portfolio\ShoppingMallAPI) 
2018:06:11 10:45:54.795 INFO  --- [main] shop.ShoppingMallApiApplication : No active profile set, falling back to default profiles: default 
2018:06:11 10:45:54.835 INFO  --- [main] o.s.b.w.s.c.AnnotationConfigServletWebServerApplicationContext : Refreshing org.springframework.boot.web.servlet.context.AnnotationConfigServletWebServerApplicationContext@6aba2b86: startup date [Mon Jun 11 10:45:54 KST 2018]; root of context hierarchy 
2018:06:11 10:45:55.818 INFO  --- [main] o.s.c.s.PostProcessorRegistrationDelegate$BeanPostProcessorChecker : Bean 'org.springframework.transaction.annotation.ProxyTransactionManagementConfiguration' of type [org.springframework.transaction.annotation.ProxyTransactionManagementConfiguration$$EnhancerBySpringCGLIB$$be38dab7] is not eligible for getting processed by all BeanPostProcessors (for example: not eligible for auto-proxying) 
2018:06:11 10:45:56.100 INFO  --- [main] o.s.b.w.e.tomcat.TomcatWebServer : Tomcat initialized with port(s): 8080 (http) 
2018:06:11 10:45:56.119 INFO  --- [main] o.a.catalina.core.StandardService : Starting service [Tomcat] 
2018:06:11 10:45:56.120 INFO  --- [main] o.a.catalina.core.StandardEngine : Starting Servlet Engine: Apache Tomcat/8.5.31 
2018:06:11 10:45:56.124 INFO  --- [localhost-startStop-1] o.a.c.core.AprLifecycleListener : The APR based Apache Tomcat Native library which allows optimal performance in production environments was not found on the java.library.path: [C:\Program Files\Java\jdk1.8.0_151\bin;C:\WINDOWS\Sun\Java\bin;C:\WINDOWS\system32;C:\WINDOWS;C:/Program Files/Java/jdk1.8.0_151/bin/../jre/bin/server;C:/Program Files/Java/jdk1.8.0_151/bin/../jre/bin;C:/Program Files/Java/jdk1.8.0_151/bin/../jre/lib/amd64;C:\app\김동현\product\11.2.0\dbhome_1\bin;C:;ProgramData\Oracle\Java\javapath;C:\WINDOWS\system32;C:\WINDOWS;C:\WINDOWS\System32\Wbem;C:\WINDOWS\System32\WindowsPowerShell\v1.0\;C:\Program Files\Java\jdk1.8.0_151\bin;C:\Program Files (x86)\Brackets\command;C:\Program Files\MySQL\MySQL Utilities 1.6\;C:\Program Files\Git\cmd;C:\Program Files\dotnet\;C:\Program Files\Microsoft SQL Server\130\Tools\Binn\;C:\Program Files\nodejs\;C:\WINDOWS\System32\OpenSSH\;C:\Ruby24-x64\bin;C:\Users\김동현\AppData\Local\Microsoft\WindowsApps;C:\Users\김동현\AppData\Local\atom\bin;C:\Users\김동현\AppData\Roaming\npm;%USERPROFILE%\AppData\Local\Microsoft\WindowsApps;;C:\java2\sts\sts-bundle\sts-3.9.3.RELEASE;;.] 
2018:06:11 10:45:56.240 INFO  --- [localhost-startStop-1] o.a.c.c.C.[Tomcat].[localhost].[/] : Initializing Spring embedded WebApplicationContext 
2018:06:11 10:45:56.240 INFO  --- [localhost-startStop-1] o.s.web.context.ContextLoader : Root WebApplicationContext: initialization completed in 1405 ms 
2018:06:11 10:45:56.374 INFO  --- [localhost-startStop-1] o.s.b.w.s.ServletRegistrationBean : Servlet dispatcherServlet mapped to [/] 
2018:06:11 10:45:56.378 INFO  --- [localhost-startStop-1] o.s.b.w.s.FilterRegistrationBean : Mapping filter: 'characterEncodingFilter' to: [/*] 
2018:06:11 10:45:56.388 INFO  --- [localhost-startStop-1] o.s.b.w.s.FilterRegistrationBean : Mapping filter: 'hiddenHttpMethodFilter' to: [/*] 
2018:06:11 10:45:56.389 INFO  --- [localhost-startStop-1] o.s.b.w.s.FilterRegistrationBean : Mapping filter: 'httpPutFormContentFilter' to: [/*] 
2018:06:11 10:45:56.389 INFO  --- [localhost-startStop-1] o.s.b.w.s.FilterRegistrationBean : Mapping filter: 'requestContextFilter' to: [/*] 
2018:06:11 10:45:56.564 INFO  --- [main] com.zaxxer.hikari.HikariDataSource : HikariPool-1 - Starting... 
2018:06:11 10:45:56.814 INFO  --- [main] com.zaxxer.hikari.pool.PoolBase : HikariPool-1 - Driver does not support get/set network timeout for connections. (oracle.jdbc.driver.T4CConnection.getNetworkTimeout()I) 
2018:06:11 10:45:56.820 INFO  --- [main] com.zaxxer.hikari.HikariDataSource : HikariPool-1 - Start completed. 
2018:06:11 10:45:56.872 INFO  --- [main] o.s.o.j.LocalContainerEntityManagerFactoryBean : Building JPA container EntityManagerFactory for persistence unit 'default' 
2018:06:11 10:45:56.886 INFO  --- [main] o.h.jpa.internal.util.LogHelper : HHH000204: Processing PersistenceUnitInfo [
	name: default
	...] 
2018:06:11 10:45:56.959 INFO  --- [main] org.hibernate.Version : HHH000412: Hibernate Core {5.2.10.Final} 
2018:06:11 10:45:56.960 INFO  --- [main] org.hibernate.cfg.Environment : HHH000206: hibernate.properties not found 
2018:06:11 10:45:57.095 INFO  --- [main] o.h.annotations.common.Version : HCANN000001: Hibernate Commons Annotations {5.0.1.Final} 
2018:06:11 10:45:57.224 INFO  --- [main] org.hibernate.dialect.Dialect : HHH000400: Using dialect: org.hibernate.dialect.Oracle12cDialect 
2018:06:11 10:45:57.354 INFO  --- [main] o.hibernate.type.BasicTypeRegistry : HHH000270: Type registration [byte[]] overrides previous : org.hibernate.type.BinaryType@633a2e99 
2018:06:11 10:45:57.354 INFO  --- [main] o.hibernate.type.BasicTypeRegistry : HHH000270: Type registration [[B] overrides previous : org.hibernate.type.BinaryType@633a2e99 
2018:06:11 10:45:57.355 INFO  --- [main] o.hibernate.type.BasicTypeRegistry : HHH000270: Type registration [Byte[]] overrides previous : org.hibernate.type.WrapperBinaryType@5a82ebf8 
2018:06:11 10:45:57.355 INFO  --- [main] o.hibernate.type.BasicTypeRegistry : HHH000270: Type registration [[Ljava.lang.Byte;] overrides previous : org.hibernate.type.WrapperBinaryType@5a82ebf8 
2018:06:11 10:45:57.514 INFO  --- [main] o.s.o.j.LocalContainerEntityManagerFactoryBean : Initialized JPA EntityManagerFactory for persistence unit 'default' 
2018:06:11 10:45:57.996 INFO  --- [main] o.s.w.s.h.SimpleUrlHandlerMapping : Mapped URL path [/**/favicon.ico] onto handler of type [class org.springframework.web.servlet.resource.ResourceHttpRequestHandler] 
2018:06:11 10:45:58.282 INFO  --- [main] o.s.w.s.m.m.a.RequestMappingHandlerAdapter : Looking for @ControllerAdvice: org.springframework.boot.web.servlet.context.AnnotationConfigServletWebServerApplicationContext@6aba2b86: startup date [Mon Jun 11 10:45:54 KST 2018]; root of context hierarchy 
2018:06:11 10:45:58.322 WARN  --- [main] o.s.b.a.o.j.JpaBaseConfiguration$JpaWebConfiguration$JpaWebMvcConfiguration : spring.jpa.open-in-view is enabled by default. Therefore, database queries may be performed during view rendering. Explicitly configure spring.jpa.open-in-view to disable this warning 
2018:06:11 10:45:58.368 INFO  --- [main] o.s.w.s.m.m.a.RequestMappingHandlerMapping : Mapped "{[/toma/admin/],methods=[POST]}" onto public shop.choi.admin.model.Admin shop.choi.admin.controller.AdminController.adminlogin(shop.choi.admin.model.Admin) 
2018:06:11 10:45:58.372 INFO  --- [main] o.s.w.s.m.m.a.RequestMappingHandlerMapping : Mapped "{[/toma/login/user/list],methods=[GET]}" onto public shop.kim.login.model.User shop.kim.login.LoginController.getUser() 
2018:06:11 10:45:58.380 INFO  --- [main] o.s.w.s.m.m.a.RequestMappingHandlerMapping : Mapped "{[/toma/login/],methods=[POST]}" onto public shop.kim.login.model.User shop.kim.login.LoginController.login(shop.kim.login.model.Login) 
2018:06:11 10:45:58.384 INFO  --- [main] o.s.w.s.m.m.a.RequestMappingHandlerMapping : Mapped "{[/toma/cart/{uid}],methods=[GET]}" onto java.util.ArrayList<shop.kim.order.model.Cart> shop.kim.order.CartController.carList(java.lang.String) 
2018:06:11 10:45:58.392 INFO  --- [main] o.s.w.s.m.m.a.RequestMappingHandlerMapping : Mapped "{[/toma/cart/goOrderWrite],methods=[PUT]}" onto java.util.ArrayList<shop.kim.order.model.Cart> shop.kim.order.CartController.orderWriteList(int[]) 
2018:06:11 10:45:58.393 INFO  --- [main] o.s.w.s.m.m.a.RequestMappingHandlerMapping : Mapped "{[/toma/cart/],methods=[POST]}" onto int shop.kim.order.CartController.cartInsert(shop.kim.order.model.Cart) 
2018:06:11 10:45:58.394 INFO  --- [main] o.s.w.s.m.m.a.RequestMappingHandlerMapping : Mapped "{[/toma/cart/{cno}],methods=[DELETE]}" onto int shop.kim.order.CartController.cartDelete(int) 
2018:06:11 10:45:58.395 INFO  --- [main] o.s.w.s.m.m.a.RequestMappingHandlerMapping : Mapped "{[/toma/cart/],methods=[PUT]}" onto int shop.kim.order.CartController.cartUpdate(shop.kim.order.model.Cart) 
2018:06:11 10:45:58.404 INFO  --- [main] o.s.w.s.m.m.a.RequestMappingHandlerMapping : Mapped "{[/toma/order/orderdetail/delete/{odno}],methods=[DELETE]}" onto int shop.kim.order.OrderController.orderDetailInsert(int) 
2018:06:11 10:45:58.405 INFO  --- [main] o.s.w.s.m.m.a.RequestMappingHandlerMapping : Mapped "{[/toma/order/orderdetail/{ono}],methods=[GET]}" onto java.util.ArrayList<shop.kim.order.model.Order_Detail> shop.kim.order.OrderController.orderDetailList(int) 
2018:06:11 10:45:58.405 INFO  --- [main] o.s.w.s.m.m.a.RequestMappingHandlerMapping : Mapped "{[/toma/order/delete/{ono}],methods=[DELETE]}" onto int shop.kim.order.OrderController.orderInsert(int) 
2018:06:11 10:45:58.406 INFO  --- [main] o.s.w.s.m.m.a.RequestMappingHandlerMapping : Mapped "{[/toma/order/insert/{order}/{orderDetailArr}],methods=[POST]}" onto int shop.kim.order.OrderController.orderInsert(shop.kim.order.model.Order,java.util.ArrayList<shop.kim.order.model.Order_Detail>) 
2018:06:11 10:45:58.406 INFO  --- [main] o.s.w.s.m.m.a.RequestMappingHandlerMapping : Mapped "{[/toma/order/{uid}],methods=[GET]}" onto java.util.ArrayList<shop.kim.order.model.Order> shop.kim.order.OrderController.orderList(java.lang.String) 
2018:06:11 10:45:58.407 INFO  --- [main] o.s.w.s.m.m.a.RequestMappingHandlerMapping : Mapped "{[/toma/join/],methods=[POST]}" onto public int shop.lee.join.JoinController.NewUser(shop.kim.login.model.User) 
2018:06:11 10:45:58.408 INFO  --- [main] o.s.w.s.m.m.a.RequestMappingHandlerMapping : Mapped "{[/toma/user/Update],methods=[PUT]}" onto public org.springframework.http.ResponseEntity<shop.kim.login.model.User> shop.lee.user.UserController.updateUser(shop.kim.login.model.User) 
2018:06:11 10:45:58.413 INFO  --- [main] o.s.w.s.m.m.a.RequestMappingHandlerMapping : Mapped "{[/toma/notice/{n_category}],methods=[GET]}" onto public java.util.List<shop.park.model.Notice> shop.park.MainController.getByNoticeCategory(java.lang.String) 
2018:06:11 10:45:58.422 INFO  --- [main] o.s.w.s.m.m.a.RequestMappingHandlerMapping : Mapped "{[/toma/product/{p_kind}],methods=[GET]}" onto public java.util.List<shop.park.model.Products> shop.park.MainController.getByProductsKind(java.lang.String) 
2018:06:11 10:45:58.422 INFO  --- [main] o.s.w.s.m.m.a.RequestMappingHandlerMapping : Mapped "{[/toma/detail/product/{p_code}],methods=[GET]}" onto public shop.park.model.Products shop.park.MainController.getByProductsCode(java.lang.String) 
2018:06:11 10:45:58.422 INFO  --- [main] o.s.w.s.m.m.a.RequestMappingHandlerMapping : Mapped "{[/toma/detail/notice/{n_no}],methods=[GET]}" onto public shop.park.model.Notice shop.park.MainController.getByNoticeNo(long) 
2018:06:11 10:45:58.423 INFO  --- [main] o.s.w.s.m.m.a.RequestMappingHandlerMapping : Mapped "{[/toma],methods=[GET]}" onto public java.util.List<shop.park.model.Products> shop.park.MainController.listAllProducts() 
2018:06:11 10:45:58.423 INFO  --- [main] o.s.w.s.m.m.a.RequestMappingHandlerMapping : Mapped "{[/toma/product/{p_code}],methods=[PUT]}" onto public org.springframework.http.ResponseEntity<?> shop.park.MainController.updateProduct(java.lang.String,shop.park.model.Products) 
2018:06:11 10:45:58.424 INFO  --- [main] o.s.w.s.m.m.a.RequestMappingHandlerMapping : Mapped "{[/toma/product],methods=[POST]}" onto public org.springframework.http.ResponseEntity<?> shop.park.MainController.insertProduct(shop.park.model.Products,org.springframework.web.util.UriComponentsBuilder) 
2018:06:11 10:45:58.425 INFO  --- [main] o.s.w.s.m.m.a.RequestMappingHandlerMapping : Mapped "{[/toma/product/{p_code}],methods=[DELETE]}" onto public org.springframework.http.ResponseEntity<?> shop.park.MainController.deleteProduct(java.lang.String) 
2018:06:11 10:45:58.425 INFO  --- [main] o.s.w.s.m.m.a.RequestMappingHandlerMapping : Mapped "{[/toma/notice],methods=[GET]}" onto public java.util.List<shop.park.model.Notice> shop.park.MainController.listAllNotices() 
2018:06:11 10:45:58.425 INFO  --- [main] o.s.w.s.m.m.a.RequestMappingHandlerMapping : Mapped "{[/toma/qna/{q_reply}],methods=[GET]}" onto public java.util.List<shop.park.model.Qna> shop.park.MainController.getByQnaReply(java.lang.String) 
2018:06:11 10:45:58.426 INFO  --- [main] o.s.w.s.m.m.a.RequestMappingHandlerMapping : Mapped "{[/toma/detail/qna/{q_no}],methods=[GET]}" onto public shop.park.model.Qna shop.park.MainController.getByQnaNo(long) 
2018:06:11 10:45:58.426 INFO  --- [main] o.s.w.s.m.m.a.RequestMappingHandlerMapping : Mapped "{[/toma/detail/faq/{f_no}],methods=[GET]}" onto public shop.park.model.Faq shop.park.MainController.getByFaqNo(long) 
2018:06:11 10:45:58.427 INFO  --- [main] o.s.w.s.m.m.a.RequestMappingHandlerMapping : Mapped "{[/toma/qna],methods=[GET]}" onto public java.util.List<shop.park.model.Qna> shop.park.MainController.listAllQna() 
2018:06:11 10:45:58.427 INFO  --- [main] o.s.w.s.m.m.a.RequestMappingHandlerMapping : Mapped "{[/toma/qna/{q_no}],methods=[DELETE]}" onto public org.springframework.http.ResponseEntity<?> shop.park.MainController.deleteQna(long) 
2018:06:11 10:45:58.428 INFO  --- [main] o.s.w.s.m.m.a.RequestMappingHandlerMapping : Mapped "{[/toma/faq/{f_category}],methods=[GET]}" onto public java.util.List<shop.park.model.Faq> shop.park.MainController.getByFaqCategory(java.lang.String) 
2018:06:11 10:45:58.428 INFO  --- [main] o.s.w.s.m.m.a.RequestMappingHandlerMapping : Mapped "{[/toma/faq],methods=[GET]}" onto public java.util.List<shop.park.model.Faq> shop.park.MainController.listAllFaq() 
2018:06:11 10:45:58.429 INFO  --- [main] o.s.w.s.m.m.a.RequestMappingHandlerMapping : Mapped "{[/toma/qna/write],methods=[POST]}" onto public org.springframework.http.ResponseEntity<?> shop.park.MainController.insertQna(shop.park.model.Qna,org.springframework.web.util.UriComponentsBuilder) 
2018:06:11 10:45:58.436 INFO  --- [main] o.s.w.s.m.m.a.RequestMappingHandlerMapping : Mapped "{[/toma/qna/{q_no}],methods=[PUT]}" onto public org.springframework.http.ResponseEntity<?> shop.park.MainController.updateQna(long,shop.park.model.Qna) 
2018:06:11 10:45:58.438 INFO  --- [main] o.s.w.s.m.m.a.RequestMappingHandlerMapping : Mapped "{[/toma/productqna/{p_code}],methods=[GET]}" onto public java.util.List<shop.son.productqna.model.ProductQna> shop.son.productqna.controller.ProductQnaController.listAllProductQna(java.lang.String) 
2018:06:11 10:45:58.438 INFO  --- [main] o.s.w.s.m.m.a.RequestMappingHandlerMapping : Mapped "{[/toma/productqna/{u_id}],methods=[DELETE]}" onto public int shop.son.productqna.controller.ProductQnaController.deleteProductQna(java.lang.String) 
2018:06:11 10:45:58.439 INFO  --- [main] o.s.w.s.m.m.a.RequestMappingHandlerMapping : Mapped "{[/toma/productqna/{u_id}],methods=[POST]}" onto public int shop.son.productqna.controller.ProductQnaController.updateProductQna(java.lang.String) 
2018:06:11 10:45:58.439 INFO  --- [main] o.s.w.s.m.m.a.RequestMappingHandlerMapping : Mapped "{[/toma/productqna/],methods=[POST]}" onto public int shop.son.productqna.controller.ProductQnaController.insertProductQna(shop.son.productqna.model.ProductQna) 
2018:06:11 10:45:58.440 INFO  --- [main] o.s.w.s.m.m.a.RequestMappingHandlerMapping : Mapped "{[/toma/review/{u_id}],methods=[DELETE]}" onto public int shop.son.review.controller.ReviewController.deleteReview(java.lang.String) 
2018:06:11 10:45:58.441 INFO  --- [main] o.s.w.s.m.m.a.RequestMappingHandlerMapping : Mapped "{[/toma/review/],methods=[POST]}" onto public int shop.son.review.controller.ReviewController.insertReview(shop.son.review.model.Review) 
2018:06:11 10:45:58.441 INFO  --- [main] o.s.w.s.m.m.a.RequestMappingHandlerMapping : Mapped "{[/toma/review/{u_id}],methods=[POST]}" onto public int shop.son.review.controller.ReviewController.updateReview(java.lang.String) 
2018:06:11 10:45:58.442 INFO  --- [main] o.s.w.s.m.m.a.RequestMappingHandlerMapping : Mapped "{[/toma/review/{p_code}],methods=[GET]}" onto public java.util.List<shop.son.review.model.Review> shop.son.review.controller.ReviewController.listAllReviews(java.lang.String) throws shop.son.review.exception.ReviewNotFoundException 
2018:06:11 10:45:58.445 INFO  --- [main] o.s.w.s.m.m.a.RequestMappingHandlerMapping : Mapped "{[/error]}" onto public org.springframework.http.ResponseEntity<java.util.Map<java.lang.String, java.lang.Object>> org.springframework.boot.autoconfigure.web.servlet.error.BasicErrorController.error(javax.servlet.http.HttpServletRequest) 
2018:06:11 10:45:58.446 INFO  --- [main] o.s.w.s.m.m.a.RequestMappingHandlerMapping : Mapped "{[/error],produces=[text/html]}" onto public org.springframework.web.servlet.ModelAndView org.springframework.boot.autoconfigure.web.servlet.error.BasicErrorController.errorHtml(javax.servlet.http.HttpServletRequest,javax.servlet.http.HttpServletResponse) 
2018:06:11 10:45:58.475 INFO  --- [main] o.s.w.s.h.SimpleUrlHandlerMapping : Mapped URL path [/webjars/**] onto handler of type [class org.springframework.web.servlet.resource.ResourceHttpRequestHandler] 
2018:06:11 10:45:58.475 INFO  --- [main] o.s.w.s.h.SimpleUrlHandlerMapping : Mapped URL path [/**] onto handler of type [class org.springframework.web.servlet.resource.ResourceHttpRequestHandler] 
2018:06:11 10:45:58.768 INFO  --- [main] o.s.j.e.a.AnnotationMBeanExporter : Registering beans for JMX exposure on startup 
2018:06:11 10:45:58.770 INFO  --- [main] o.s.j.e.a.AnnotationMBeanExporter : Bean with name 'dataSource' has been autodetected for JMX exposure 
2018:06:11 10:45:58.776 INFO  --- [main] o.s.j.e.a.AnnotationMBeanExporter : Located MBean 'dataSource': registering with JMX server as MBean [com.zaxxer.hikari:name=dataSource,type=HikariDataSource] 
2018:06:11 10:45:58.812 INFO  --- [main] o.s.b.w.e.tomcat.TomcatWebServer : Tomcat started on port(s): 8080 (http) with context path '' 
2018:06:11 10:45:58.816 INFO  --- [main] shop.ShoppingMallApiApplication : Started ShoppingMallApiApplication in 4.415 seconds (JVM running for 5.237) 
2018:06:11 10:46:04.188 INFO  --- [http-nio-8080-exec-1] o.a.c.c.C.[Tomcat].[localhost].[/] : Initializing Spring FrameworkServlet 'dispatcherServlet' 
2018:06:11 10:46:04.195 INFO  --- [http-nio-8080-exec-1] o.s.web.servlet.DispatcherServlet : FrameworkServlet 'dispatcherServlet': initialization started 
2018:06:11 10:46:04.212 INFO  --- [http-nio-8080-exec-1] o.s.web.servlet.DispatcherServlet : FrameworkServlet 'dispatcherServlet': initialization completed in 17 ms 
2018:06:11 10:46:04.441 ERROR --- [http-nio-8080-exec-2] o.a.c.c.C.[.[.[.[dispatcherServlet] : Servlet.service() for servlet [dispatcherServlet] in context with path [] threw exception [Request processing failed; nested exception is org.mybatis.spring.MyBatisSystemException: nested exception is org.apache.ibatis.reflection.ReflectionException: There is no getter for property named 'cart' in 'class shop.kim.order.model.Cart'] with root cause 
org.apache.ibatis.reflection.ReflectionException: There is no getter for property named 'cart' in 'class shop.kim.order.model.Cart'
	at org.apache.ibatis.reflection.Reflector.getGetInvoker(Reflector.java:419)
	at org.apache.ibatis.reflection.MetaClass.getGetInvoker(MetaClass.java:164)
	at org.apache.ibatis.reflection.wrapper.BeanWrapper.getBeanProperty(BeanWrapper.java:162)
	at org.apache.ibatis.reflection.wrapper.BeanWrapper.get(BeanWrapper.java:49)
	at org.apache.ibatis.reflection.MetaObject.getValue(MetaObject.java:122)
	at org.apache.ibatis.reflection.MetaObject.metaObjectForProperty(MetaObject.java:145)
	at org.apache.ibatis.reflection.MetaObject.getValue(MetaObject.java:115)
	at org.apache.ibatis.scripting.defaults.DefaultParameterHandler.setParameters(DefaultParameterHandler.java:79)
	at org.apache.ibatis.executor.statement.PreparedStatementHandler.parameterize(PreparedStatementHandler.java:93)
	at org.apache.ibatis.executor.statement.RoutingStatementHandler.parameterize(RoutingStatementHandler.java:64)
	at org.apache.ibatis.executor.SimpleExecutor.prepareStatement(SimpleExecutor.java:86)
	at org.apache.ibatis.executor.SimpleExecutor.doUpdate(SimpleExecutor.java:49)
	at org.apache.ibatis.executor.BaseExecutor.update(BaseExecutor.java:117)
	at org.apache.ibatis.executor.CachingExecutor.update(CachingExecutor.java:76)
	at org.apache.ibatis.session.defaults.DefaultSqlSession.update(DefaultSqlSession.java:198)
	at org.apache.ibatis.session.defaults.DefaultSqlSession.insert(DefaultSqlSession.java:185)
	at sun.reflect.NativeMethodAccessorImpl.invoke0(Native Method)
	at sun.reflect.NativeMethodAccessorImpl.invoke(NativeMethodAccessorImpl.java:62)
	at sun.reflect.DelegatingMethodAccessorImpl.invoke(DelegatingMethodAccessorImpl.java:43)
	at java.lang.reflect.Method.invoke(Method.java:498)
	at org.mybatis.spring.SqlSessionTemplate$SqlSessionInterceptor.invoke(SqlSessionTemplate.java:433)
	at com.sun.proxy.$Proxy78.insert(Unknown Source)
	at org.mybatis.spring.SqlSessionTemplate.insert(SqlSessionTemplate.java:278)
	at org.apache.ibatis.binding.MapperMethod.execute(MapperMethod.java:58)
	at org.apache.ibatis.binding.MapperProxy.invoke(MapperProxy.java:59)
	at com.sun.proxy.$Proxy85.cartInsert(Unknown Source)
	at shop.kim.order.service.CartService.cartInsert(CartService.java:35)
	at shop.kim.order.CartController.cartInsert(CartController.java:47)
	at sun.reflect.NativeMethodAccessorImpl.invoke0(Native Method)
	at sun.reflect.NativeMethodAccessorImpl.invoke(NativeMethodAccessorImpl.java:62)
	at sun.reflect.DelegatingMethodAccessorImpl.invoke(DelegatingMethodAccessorImpl.java:43)
	at java.lang.reflect.Method.invoke(Method.java:498)
	at org.springframework.web.method.support.InvocableHandlerMethod.doInvoke(InvocableHandlerMethod.java:209)
	at org.springframework.web.method.support.InvocableHandlerMethod.invokeForRequest(InvocableHandlerMethod.java:136)
	at org.springframework.web.servlet.mvc.method.annotation.ServletInvocableHandlerMethod.invokeAndHandle(ServletInvocableHandlerMethod.java:102)
	at org.springframework.web.servlet.mvc.method.annotation.RequestMappingHandlerAdapter.invokeHandlerMethod(RequestMappingHandlerAdapter.java:877)
	at org.springframework.web.servlet.mvc.method.annotation.RequestMappingHandlerAdapter.handleInternal(RequestMappingHandlerAdapter.java:783)
	at org.springframework.web.servlet.mvc.method.AbstractHandlerMethodAdapter.handle(AbstractHandlerMethodAdapter.java:87)
	at org.springframework.web.servlet.DispatcherServlet.doDispatch(DispatcherServlet.java:991)
	at org.springframework.web.servlet.DispatcherServlet.doService(DispatcherServlet.java:925)
	at org.springframework.web.servlet.FrameworkServlet.processRequest(FrameworkServlet.java:974)
	at org.springframework.web.servlet.FrameworkServlet.doPost(FrameworkServlet.java:877)
	at javax.servlet.http.HttpServlet.service(HttpServlet.java:661)
	at org.springframework.web.servlet.FrameworkServlet.service(FrameworkServlet.java:851)
	at javax.servlet.http.HttpServlet.service(HttpServlet.java:742)
	at org.apache.catalina.core.ApplicationFilterChain.internalDoFilter(ApplicationFilterChain.java:231)
	at org.apache.catalina.core.ApplicationFilterChain.doFilter(ApplicationFilterChain.java:166)
	at org.apache.tomcat.websocket.server.WsFilter.doFilter(WsFilter.java:52)
	at org.apache.catalina.core.ApplicationFilterChain.internalDoFilter(ApplicationFilterChain.java:193)
	at org.apache.catalina.core.ApplicationFilterChain.doFilter(ApplicationFilterChain.java:166)
	at org.springframework.web.filter.RequestContextFilter.doFilterInternal(RequestContextFilter.java:99)
	at org.springframework.web.filter.OncePerRequestFilter.doFilter(OncePerRequestFilter.java:107)
	at org.apache.catalina.core.ApplicationFilterChain.internalDoFilter(ApplicationFilterChain.java:193)
	at org.apache.catalina.core.ApplicationFilterChain.doFilter(ApplicationFilterChain.java:166)
	at org.springframework.web.filter.HttpPutFormContentFilter.doFilterInternal(HttpPutFormContentFilter.java:109)
	at org.springframework.web.filter.OncePerRequestFilter.doFilter(OncePerRequestFilter.java:107)
	at org.apache.catalina.core.ApplicationFilterChain.internalDoFilter(ApplicationFilterChain.java:193)
	at org.apache.catalina.core.ApplicationFilterChain.doFilter(ApplicationFilterChain.java:166)
	at org.springframework.web.filter.HiddenHttpMethodFilter.doFilterInternal(HiddenHttpMethodFilter.java:81)
	at org.springframework.web.filter.OncePerRequestFilter.doFilter(OncePerRequestFilter.java:107)
	at org.apache.catalina.core.ApplicationFilterChain.internalDoFilter(ApplicationFilterChain.java:193)
	at org.apache.catalina.core.ApplicationFilterChain.doFilter(ApplicationFilterChain.java:166)
	at org.springframework.web.filter.CharacterEncodingFilter.doFilterInternal(CharacterEncodingFilter.java:200)
	at org.springframework.web.filter.OncePerRequestFilter.doFilter(OncePerRequestFilter.java:107)
	at org.apache.catalina.core.ApplicationFilterChain.internalDoFilter(ApplicationFilterChain.java:193)
	at org.apache.catalina.core.ApplicationFilterChain.doFilter(ApplicationFilterChain.java:166)
	at org.apache.catalina.core.StandardWrapperValve.invoke(StandardWrapperValve.java:198)
	at org.apache.catalina.core.StandardContextValve.invoke(StandardContextValve.java:96)
	at org.apache.catalina.authenticator.AuthenticatorBase.invoke(AuthenticatorBase.java:496)
	at org.apache.catalina.core.StandardHostValve.invoke(StandardHostValve.java:140)
	at org.apache.catalina.valves.ErrorReportValve.invoke(ErrorReportValve.java:81)
	at org.apache.catalina.core.StandardEngineValve.invoke(StandardEngineValve.java:87)
	at org.apache.catalina.connector.CoyoteAdapter.service(CoyoteAdapter.java:342)
	at org.apache.coyote.http11.Http11Processor.service(Http11Processor.java:803)
	at org.apache.coyote.AbstractProcessorLight.process(AbstractProcessorLight.java:66)
	at org.apache.coyote.AbstractProtocol$ConnectionHandler.process(AbstractProtocol.java:790)
	at org.apache.tomcat.util.net.NioEndpoint$SocketProcessor.doRun(NioEndpoint.java:1468)
	at org.apache.tomcat.util.net.SocketProcessorBase.run(SocketProcessorBase.java:49)
	at java.util.concurrent.ThreadPoolExecutor.runWorker(ThreadPoolExecutor.java:1149)
	at java.util.concurrent.ThreadPoolExecutor$Worker.run(ThreadPoolExecutor.java:624)
	at org.apache.tomcat.util.threads.TaskThread$WrappingRunnable.run(TaskThread.java:61)
	at java.lang.Thread.run(Thread.java:748)
2018:06:11 10:47:57.432 INFO  --- [RMI TCP Connection(2)-127.0.0.1] o.s.b.a.SpringApplicationAdminMXBeanRegistrar$SpringApplicationAdmin : Application shutdown requested. 
2018:06:11 10:47:57.440 INFO  --- [RMI TCP Connection(2)-127.0.0.1] o.s.b.w.s.c.AnnotationConfigServletWebServerApplicationContext : Closing org.springframework.boot.web.servlet.context.AnnotationConfigServletWebServerApplicationContext@6aba2b86: startup date [Mon Jun 11 10:45:54 KST 2018]; root of context hierarchy 
2018:06:11 10:47:57.449 INFO  --- [RMI TCP Connection(2)-127.0.0.1] o.s.j.e.a.AnnotationMBeanExporter : Unregistering JMX-exposed beans on shutdown 
2018:06:11 10:47:57.450 INFO  --- [RMI TCP Connection(2)-127.0.0.1] o.s.j.e.a.AnnotationMBeanExporter : Unregistering JMX-exposed beans 
2018:06:11 10:47:57.452 INFO  --- [RMI TCP Connection(2)-127.0.0.1] o.s.o.j.LocalContainerEntityManagerFactoryBean : Closing JPA EntityManagerFactory for persistence unit 'default' 
2018:06:11 10:47:57.453 INFO  --- [RMI TCP Connection(2)-127.0.0.1] com.zaxxer.hikari.HikariDataSource : HikariPool-1 - Shutdown initiated... 
2018:06:11 10:47:57.556 INFO  --- [RMI TCP Connection(2)-127.0.0.1] com.zaxxer.hikari.HikariDataSource : HikariPool-1 - Shutdown completed. 
